#
# There is insufficient memory for the Java Runtime Environment to continue.
# Native memory allocation (malloc) failed to allocate 1811568 bytes for Chunk::new
# Possible reasons:
#   The system is out of physical RAM or swap space
#   The process is running with CompressedOops enabled, and the Java Heap may be blocking the growth of the native heap
# Possible solutions:
#   Reduce memory load on the system
#   Increase physical memory or swap space
#   Check if swap backing store is full
#   Decrease Java heap size (-Xmx/-Xms)
#   Decrease number of Java threads
#   Decrease Java thread stack sizes (-Xss)
#   Set larger code cache with -XX:ReservedCodeCacheSize=
#   JVM is running with Unscaled Compressed Oops mode in which the Java heap is
#     placed in the first 4GB address space. The Java Heap base address is the
#     maximum limit for the native heap growth. Please use -XX:HeapBaseMinAddress
#     to set the Java Heap base and to place the Java Heap above 4GB virtual address.
# This output file may be truncated or incomplete.
#
#  Out of Memory Error (./open/src/hotspot/share/memory/arena.cpp:195), pid=25624, tid=24540
#
# JRE version: OpenJDK Runtime Environment (15.0.2+7) (build 15.0.2+7-27)
# Java VM: OpenJDK 64-Bit Server VM (15.0.2+7-27, mixed mode, sharing, tiered, compressed oops, g1 gc, windows-amd64)
# No core dump will be written. Minidumps are not enabled by default on client versions of Windows
#

---------------  S U M M A R Y ------------

Command Line: --add-opens=java.base/java.util=ALL-UNNAMED --add-opens=java.base/java.lang=ALL-UNNAMED --add-opens=java.base/java.lang.invoke=ALL-UNNAMED --add-opens=java.base/java.util=ALL-UNNAMED --add-opens=java.prefs/java.util.prefs=ALL-UNNAMED --add-opens=java.prefs/java.util.prefs=ALL-UNNAMED --add-opens=java.base/java.nio.charset=ALL-UNNAMED --add-opens=java.base/java.net=ALL-UNNAMED --add-opens=java.base/java.util.concurrent.atomic=ALL-UNNAMED -Xmx2048m -Dfile.encoding=UTF-8 -Duser.country=KR -Duser.language=ko -Duser.variant org.gradle.launcher.daemon.bootstrap.GradleDaemon 7.4

Host: Intel(R) Core(TM) i7-7500U CPU @ 2.70GHz, 4 cores, 7G,  Windows 10 , 64 bit Build 19041 (10.0.19041.2364)
Time: Thu Dec 22 22:34:41 2022 대한민국 표준시 elapsed time: 696.141446 seconds (0d 0h 11m 36s)

---------------  T H R E A D  ---------------

Current thread (0x000001a7ffbc7370):  JavaThread "C2 CompilerThread0" daemon [_thread_in_native, id=24540, stack(0x0000005f3d600000,0x0000005f3d700000)]


Current CompileTask:
C2: 696141 23177 %     4       org.gradle.internal.instantiation.generator.AbstractClassGenerator::inspectType @ 77 (560 bytes)

Stack: [0x0000005f3d600000,0x0000005f3d700000]
Native frames: (J=compiled Java code, j=interpreted, Vv=VM code, C=native code)
V  [jvm.dll+0x62ae9a]
V  [jvm.dll+0x7817a9]
V  [jvm.dll+0x782f03]
V  [jvm.dll+0x783563]
V  [jvm.dll+0x216325]
V  [jvm.dll+0x97f3a]
V  [jvm.dll+0x9861c]
V  [jvm.dll+0x32e305]
V  [jvm.dll+0x2f768a]
V  [jvm.dll+0x2f6a4a]
V  [jvm.dll+0x1ea705]
V  [jvm.dll+0x1e996e]
V  [jvm.dll+0x178567]
V  [jvm.dll+0x1f9225]
V  [jvm.dll+0x1f72cc]
V  [jvm.dll+0x74495d]
V  [jvm.dll+0x73d75a]
V  [jvm.dll+0x629c56]
C  [ucrtbase.dll+0x21bb2]
C  [KERNEL32.DLL+0x17614]
C  [ntdll.dll+0x526a1]


---------------  P R O C E S S  ---------------

Threads class SMR info:
_java_thread_list=0x000001a793b48690, length=107, elements={
0x000001a7f48b6650, 0x000001a7ffb9f450, 0x000001a7ffba26e0, 0x000001a7ffbbd5f0,
0x000001a7ffbbe650, 0x000001a7ffbbf320, 0x000001a7ffbc7370, 0x000001a7ffbcb830,
0x000001a7ffbd1fe0, 0x000001a793903590, 0x000001a79390ca50, 0x000001a7948c8a90,
0x000001a794d0a9d0, 0x000001a7954b77e0, 0x000001a794fa8c30, 0x000001a794fab2b0,
0x000001a794faade0, 0x000001a794fac120, 0x000001a794fa9aa0, 0x000001a794faa910,
0x000001a797253b10, 0x000001a797253640, 0x000001a797252ca0, 0x000001a797253fe0,
0x000001a794f7df50, 0x000001a794f7da80, 0x000001a794f783e0, 0x000001a795cdadb0,
0x000001a795ce12c0, 0x000001a795cdd900, 0x000001a795cda410, 0x000001a795ce0450,
0x000001a795cde2a0, 0x000001a795cdb750, 0x000001a795ce0920, 0x000001a795cdb280,
0x000001a795cdf5e0, 0x000001a795cde770, 0x000001a795cdc0f0, 0x000001a795cdc5c0,
0x000001a795cdfab0, 0x000001a795cdff80, 0x000001a795ce0df0, 0x000001a795cd9f40,
0x000001a795cdca90, 0x000001a795cdcf60, 0x000001a795cdd430, 0x000001a793ccaed0,
0x000001a793cc9b90, 0x000001a793ccd550, 0x000001a793cc79e0, 0x000001a793ccc210,
0x000001a793ccb870, 0x000001a793cc7eb0, 0x000001a793cc8380, 0x000001a793ccbd40,
0x000001a793ccc6e0, 0x000001a793cc61d0, 0x000001a793cccbb0, 0x000001a793cc91f0,
0x000001a793ccd080, 0x000001a793cc66a0, 0x000001a793cc8850, 0x000001a793cc6b70,
0x000001a793cc8d20, 0x000001a793cc96c0, 0x000001a793ccaa00, 0x000001a793ccb3a0,
0x000001a793cc7040, 0x000001a793cc7510, 0x000001a793cca060, 0x000001a793cca530,
0x000001a794f7aa60, 0x000001a794f77f10, 0x000001a794f7af30, 0x000001a794f79250,
0x000001a794f788b0, 0x000001a794f7b400, 0x000001a794f7b8d0, 0x000001a794f7edc0,
0x000001a794f7bda0, 0x000001a794f7c740, 0x000001a794f7d0e0, 0x000001a794f7d5b0,
0x000001a7972544b0, 0x000001a7972557f0, 0x000001a79724f2e0, 0x000001a79724f7b0,
0x000001a797251e30, 0x000001a797255cc0, 0x000001a797250fc0, 0x000001a797251490,
0x000001a797252300, 0x000001a794fabc50, 0x000001a79e79cb60, 0x000001a79e79bcf0,
0x000001a79e79fb80, 0x000001a79e79f1e0, 0x000001a79e7a0050, 0x000001a79e79f6b0,
0x000001a79e79a9b0, 0x000001a79e79d9d0, 0x000001a79e79d500, 0x000001a79e7a0520,
0x000001a79e79dea0, 0x000001a79e79b820, 0x000001a79a8185e0
}

Java Threads: ( => current thread )
  0x000001a7f48b6650 JavaThread "main" [_thread_blocked, id=3976, stack(0x0000005f3ca00000,0x0000005f3cb00000)]
  0x000001a7ffb9f450 JavaThread "Reference Handler" daemon [_thread_blocked, id=24700, stack(0x0000005f3d100000,0x0000005f3d200000)]
  0x000001a7ffba26e0 JavaThread "Finalizer" daemon [_thread_blocked, id=17596, stack(0x0000005f3d200000,0x0000005f3d300000)]
  0x000001a7ffbbd5f0 JavaThread "Signal Dispatcher" daemon [_thread_blocked, id=24384, stack(0x0000005f3d300000,0x0000005f3d400000)]
  0x000001a7ffbbe650 JavaThread "Attach Listener" daemon [_thread_blocked, id=25580, stack(0x0000005f3d400000,0x0000005f3d500000)]
  0x000001a7ffbbf320 JavaThread "Service Thread" daemon [_thread_blocked, id=22744, stack(0x0000005f3d500000,0x0000005f3d600000)]
=>0x000001a7ffbc7370 JavaThread "C2 CompilerThread0" daemon [_thread_in_native, id=24540, stack(0x0000005f3d600000,0x0000005f3d700000)]
  0x000001a7ffbcb830 JavaThread "C1 CompilerThread0" daemon [_thread_blocked, id=7116, stack(0x0000005f3d700000,0x0000005f3d800000)]
  0x000001a7ffbd1fe0 JavaThread "Sweeper thread" daemon [_thread_blocked, id=22216, stack(0x0000005f3d800000,0x0000005f3d900000)]
  0x000001a793903590 JavaThread "Common-Cleaner" daemon [_thread_blocked, id=27708, stack(0x0000005f3d900000,0x0000005f3da00000)]
  0x000001a79390ca50 JavaThread "Notification Thread" daemon [_thread_blocked, id=24896, stack(0x0000005f3da00000,0x0000005f3db00000)]
  0x000001a7948c8a90 JavaThread "Daemon health stats" [_thread_blocked, id=26040, stack(0x0000005f3df00000,0x0000005f3e000000)]
  0x000001a794d0a9d0 JavaThread "Incoming local TCP Connector on port 7959" [_thread_in_native, id=12372, stack(0x0000005f3dc00000,0x0000005f3dd00000)]
  0x000001a7954b77e0 JavaThread "Daemon periodic checks" [_thread_blocked, id=28092, stack(0x0000005f3e000000,0x0000005f3e100000)]
  0x000001a794fa8c30 JavaThread "Cache worker for journal cache (C:\Users\user\.gradle\caches\journal-1)" [_thread_blocked, id=656, stack(0x0000005f3e800000,0x0000005f3e900000)]
  0x000001a794fab2b0 JavaThread "File lock request listener" [_thread_in_native, id=27492, stack(0x0000005f3e900000,0x0000005f3ea00000)]
  0x000001a794faade0 JavaThread "Cache worker for file hash cache (C:\Users\user\.gradle\caches\7.4\fileHashes)" [_thread_blocked, id=28636, stack(0x0000005f3ea00000,0x0000005f3eb00000)]
  0x000001a794fac120 JavaThread "File watcher server" daemon [_thread_in_native, id=7964, stack(0x0000005f3ec00000,0x0000005f3ed00000)]
  0x000001a794fa9aa0 JavaThread "File watcher consumer" daemon [_thread_blocked, id=11376, stack(0x0000005f3ed00000,0x0000005f3ee00000)]
  0x000001a794faa910 JavaThread "Cache worker for execution history cache (C:\Users\user\.gradle\caches\7.4\executionHistory)" [_thread_blocked, id=9660, stack(0x0000005f3f300000,0x0000005f3f400000)]
  0x000001a797253b10 JavaThread "jar transforms" [_thread_blocked, id=13904, stack(0x0000005f3f500000,0x0000005f3f600000)]
  0x000001a797253640 JavaThread "jar transforms Thread 2" [_thread_blocked, id=28252, stack(0x0000005f3f600000,0x0000005f3f700000)]
  0x000001a797252ca0 JavaThread "Cache worker for file content cache (C:\Users\user\.gradle\caches\7.4\fileContent)" [_thread_blocked, id=26928, stack(0x0000005f3f700000,0x0000005f3f800000)]
  0x000001a797253fe0 JavaThread "jar transforms Thread 3" [_thread_blocked, id=8004, stack(0x0000005f3f900000,0x0000005f3fa00000)]
  0x000001a794f7df50 JavaThread "jar transforms Thread 4" [_thread_blocked, id=12800, stack(0x0000005f42200000,0x0000005f42300000)]
  0x000001a794f7da80 JavaThread "Memory manager" [_thread_blocked, id=16076, stack(0x0000005f42300000,0x0000005f42400000)]
  0x000001a794f783e0 JavaThread "pool-3-thread-1" [_thread_blocked, id=19948, stack(0x0000005f42600000,0x0000005f42700000)]
  0x000001a795cdadb0 JavaThread "Daemon Thread 2" [_thread_blocked, id=26056, stack(0x0000005f3c900000,0x0000005f3ca00000)]
  0x000001a795ce12c0 JavaThread "Handler for socket connection from /127.0.0.1:7959 to /127.0.0.1:8270" [_thread_in_native, id=4660, stack(0x0000005f3e100000,0x0000005f3e200000)]
  0x000001a795cdd900 JavaThread "Cancel handler" [_thread_blocked, id=6500, stack(0x0000005f3e200000,0x0000005f3e300000)]
  0x000001a795cda410 JavaThread "Daemon worker Thread 2" [_thread_blocked, id=27324, stack(0x0000005f3e300000,0x0000005f3e400000)]
  0x000001a795ce0450 JavaThread "Asynchronous log dispatcher for DefaultDaemonConnection: socket connection from /127.0.0.1:7959 to /127.0.0.1:8270" [_thread_blocked, id=25632, stack(0x0000005f3e400000,0x0000005f3e500000)]
  0x000001a795cde2a0 JavaThread "Stdin handler" [_thread_blocked, id=21960, stack(0x0000005f3e500000,0x0000005f3e600000)]
  0x000001a795cdb750 JavaThread "Daemon client event forwarder" [_thread_blocked, id=13668, stack(0x0000005f3e600000,0x0000005f3e700000)]
  0x000001a795ce0920 JavaThread "Cache worker for checksums cache (C:\Users\user\Desktop\Daangn\UMC-3rd-Daangn-Android\Android_Template\.gradle\7.4\checksums)" [_thread_blocked, id=12788, stack(0x0000005f3ee00000,0x0000005f3ef00000)]
  0x000001a795cdb280 JavaThread "Cache worker for cache directory md-rule (C:\Users\user\.gradle\caches\7.4\md-rule)" [_thread_blocked, id=19528, stack(0x0000005f3ef00000,0x0000005f3f000000)]
  0x000001a795cdf5e0 JavaThread "Cache worker for file hash cache (C:\Users\user\Desktop\Daangn\UMC-3rd-Daangn-Android\Android_Template\.gradle\7.4\fileHashes)" [_thread_blocked, id=21236, stack(0x0000005f3f100000,0x0000005f3f200000)]
  0x000001a795cde770 JavaThread "Cache worker for cache directory md-supplier (C:\Users\user\.gradle\caches\7.4\md-supplier)" [_thread_blocked, id=17112, stack(0x0000005f3f200000,0x0000005f3f300000)]
  0x000001a795cdc0f0 JavaThread "Cache worker for dependencies-accessors (C:\Users\user\Desktop\Daangn\UMC-3rd-Daangn-Android\Android_Template\.gradle\7.4\dependencies-accessors)" [_thread_blocked, id=27344, stack(0x0000005f3f400000,0x0000005f3f500000)]
  0x000001a795cdc5c0 JavaThread "Cache worker for Build Output Cleanup Cache (C:\Users\user\Desktop\Daangn\UMC-3rd-Daangn-Android\Android_Template\.gradle\buildOutputCleanup)" [_thread_blocked, id=5308, stack(0x0000005f3f800000,0x0000005f3f900000)]
  0x000001a795cdfab0 JavaThread "Unconstrained build operations" [_thread_blocked, id=26080, stack(0x0000005f3e700000,0x0000005f3e800000)]
  0x000001a795cdff80 JavaThread "Unconstrained build operations Thread 2" [_thread_blocked, id=25336, stack(0x0000005f3fa00000,0x0000005f3fb00000)]
  0x000001a795ce0df0 JavaThread "Unconstrained build operations Thread 3" [_thread_blocked, id=21972, stack(0x0000005f3fb00000,0x0000005f3fc00000)]
  0x000001a795cd9f40 JavaThread "Unconstrained build operations Thread 4" [_thread_blocked, id=24764, stack(0x0000005f3fc00000,0x0000005f3fd00000)]
  0x000001a795cdca90 JavaThread "Unconstrained build operations Thread 5" [_thread_blocked, id=12552, stack(0x0000005f3fd00000,0x0000005f3fe00000)]
  0x000001a795cdcf60 JavaThread "Unconstrained build operations Thread 6" [_thread_blocked, id=13168, stack(0x0000005f3fe00000,0x0000005f3ff00000)]
  0x000001a795cdd430 JavaThread "Unconstrained build operations Thread 7" [_thread_blocked, id=21620, stack(0x0000005f3ff00000,0x0000005f40000000)]
  0x000001a793ccaed0 JavaThread "Unconstrained build operations Thread 8" [_thread_blocked, id=15088, stack(0x0000005f40000000,0x0000005f40100000)]
  0x000001a793cc9b90 JavaThread "Unconstrained build operations Thread 9" [_thread_blocked, id=13816, stack(0x0000005f40100000,0x0000005f40200000)]
  0x000001a793ccd550 JavaThread "Unconstrained build operations Thread 10" [_thread_blocked, id=26600, stack(0x0000005f40200000,0x0000005f40300000)]
  0x000001a793cc79e0 JavaThread "Unconstrained build operations Thread 11" [_thread_blocked, id=7072, stack(0x0000005f40300000,0x0000005f40400000)]
  0x000001a793ccc210 JavaThread "Unconstrained build operations Thread 12" [_thread_blocked, id=27504, stack(0x0000005f40400000,0x0000005f40500000)]
  0x000001a793ccb870 JavaThread "Unconstrained build operations Thread 13" [_thread_blocked, id=26000, stack(0x0000005f40500000,0x0000005f40600000)]
  0x000001a793cc7eb0 JavaThread "Unconstrained build operations Thread 14" [_thread_blocked, id=27676, stack(0x0000005f40600000,0x0000005f40700000)]
  0x000001a793cc8380 JavaThread "Unconstrained build operations Thread 15" [_thread_blocked, id=10296, stack(0x0000005f40700000,0x0000005f40800000)]
  0x000001a793ccbd40 JavaThread "Unconstrained build operations Thread 16" [_thread_blocked, id=24932, stack(0x0000005f40800000,0x0000005f40900000)]
  0x000001a793ccc6e0 JavaThread "Unconstrained build operations Thread 17" [_thread_blocked, id=16876, stack(0x0000005f40900000,0x0000005f40a00000)]
  0x000001a793cc61d0 JavaThread "Unconstrained build operations Thread 18" [_thread_blocked, id=21708, stack(0x0000005f40a00000,0x0000005f40b00000)]
  0x000001a793cccbb0 JavaThread "Unconstrained build operations Thread 19" [_thread_blocked, id=19904, stack(0x0000005f40b00000,0x0000005f40c00000)]
  0x000001a793cc91f0 JavaThread "Unconstrained build operations Thread 20" [_thread_blocked, id=8596, stack(0x0000005f40c00000,0x0000005f40d00000)]
  0x000001a793ccd080 JavaThread "Unconstrained build operations Thread 21" [_thread_blocked, id=13588, stack(0x0000005f40d00000,0x0000005f40e00000)]
  0x000001a793cc66a0 JavaThread "Unconstrained build operations Thread 22" [_thread_blocked, id=24928, stack(0x0000005f40e00000,0x0000005f40f00000)]
  0x000001a793cc8850 JavaThread "Unconstrained build operations Thread 23" [_thread_blocked, id=11472, stack(0x0000005f40f00000,0x0000005f41000000)]
  0x000001a793cc6b70 JavaThread "Unconstrained build operations Thread 24" [_thread_blocked, id=26400, stack(0x0000005f41000000,0x0000005f41100000)]
  0x000001a793cc8d20 JavaThread "Unconstrained build operations Thread 25" [_thread_blocked, id=26616, stack(0x0000005f41100000,0x0000005f41200000)]
  0x000001a793cc96c0 JavaThread "Unconstrained build operations Thread 26" [_thread_blocked, id=12988, stack(0x0000005f41200000,0x0000005f41300000)]
  0x000001a793ccaa00 JavaThread "Unconstrained build operations Thread 27" [_thread_blocked, id=8488, stack(0x0000005f41300000,0x0000005f41400000)]
  0x000001a793ccb3a0 JavaThread "Unconstrained build operations Thread 28" [_thread_blocked, id=28716, stack(0x0000005f41400000,0x0000005f41500000)]
  0x000001a793cc7040 JavaThread "Unconstrained build operations Thread 29" [_thread_blocked, id=11908, stack(0x0000005f41500000,0x0000005f41600000)]
  0x000001a793cc7510 JavaThread "Unconstrained build operations Thread 30" [_thread_blocked, id=6044, stack(0x0000005f41600000,0x0000005f41700000)]
  0x000001a793cca060 JavaThread "Unconstrained build operations Thread 31" [_thread_blocked, id=13852, stack(0x0000005f41700000,0x0000005f41800000)]
  0x000001a793cca530 JavaThread "Unconstrained build operations Thread 32" [_thread_blocked, id=13056, stack(0x0000005f41800000,0x0000005f41900000)]
  0x000001a794f7aa60 JavaThread "Unconstrained build operations Thread 33" [_thread_blocked, id=3820, stack(0x0000005f41900000,0x0000005f41a00000)]
  0x000001a794f77f10 JavaThread "Unconstrained build operations Thread 34" [_thread_blocked, id=3516, stack(0x0000005f41a00000,0x0000005f41b00000)]
  0x000001a794f7af30 JavaThread "Unconstrained build operations Thread 35" [_thread_blocked, id=20804, stack(0x0000005f41b00000,0x0000005f41c00000)]
  0x000001a794f79250 JavaThread "Unconstrained build operations Thread 36" [_thread_blocked, id=21320, stack(0x0000005f41c00000,0x0000005f41d00000)]
  0x000001a794f788b0 JavaThread "Unconstrained build operations Thread 37" [_thread_blocked, id=29024, stack(0x0000005f41d00000,0x0000005f41e00000)]
  0x000001a794f7b400 JavaThread "Unconstrained build operations Thread 38" [_thread_blocked, id=26888, stack(0x0000005f41e00000,0x0000005f41f00000)]
  0x000001a794f7b8d0 JavaThread "Unconstrained build operations Thread 39" [_thread_blocked, id=15084, stack(0x0000005f41f00000,0x0000005f42000000)]
  0x000001a794f7edc0 JavaThread "Unconstrained build operations Thread 40" [_thread_blocked, id=10156, stack(0x0000005f42000000,0x0000005f42100000)]
  0x000001a794f7bda0 JavaThread "build event listener" [_thread_blocked, id=10624, stack(0x0000005f42400000,0x0000005f42500000)]
  0x000001a794f7c740 JavaThread "build event listener" [_thread_blocked, id=26332, stack(0x0000005f42500000,0x0000005f42600000)]
  0x000001a794f7d0e0 JavaThread "pool-7-thread-1" [_thread_blocked, id=29540, stack(0x0000005f42700000,0x0000005f42800000)]
  0x000001a794f7d5b0 JavaThread "build event listener" [_thread_blocked, id=9720, stack(0x0000005f42800000,0x0000005f42900000)]
  0x000001a7972544b0 JavaThread "included builds" [_thread_blocked, id=16452, stack(0x0000005f42900000,0x0000005f42a00000)]
  0x000001a7972557f0 JavaThread "Execution worker for ':'" [_thread_blocked, id=16616, stack(0x0000005f42a00000,0x0000005f42b00000)]
  0x000001a79724f2e0 JavaThread "Execution worker for ':' Thread 2" [_thread_blocked, id=20140, stack(0x0000005f42b00000,0x0000005f42c00000)]
  0x000001a79724f7b0 JavaThread "Execution worker for ':' Thread 3" [_thread_blocked, id=14756, stack(0x0000005f42c00000,0x0000005f42d00000)]
  0x000001a797251e30 JavaThread "Cache worker for execution history cache (C:\Users\user\Desktop\Daangn\UMC-3rd-Daangn-Android\Android_Template\.gradle\7.4\executionHistory)" [_thread_blocked, id=7916, stack(0x0000005f42d00000,0x0000005f42e00000)]
  0x000001a797255cc0 JavaThread "WorkerExecutor Queue Thread 2" [_thread_in_vm, id=24232, stack(0x0000005f42f00000,0x0000005f43000000)]
  0x000001a797250fc0 JavaThread "WorkerExecutor Queue Thread 3" [_thread_in_Java, id=27044, stack(0x0000005f43000000,0x0000005f43100000)]
  0x000001a797251490 JavaThread "pool-8-thread-1" [_thread_blocked, id=11384, stack(0x0000005f43100000,0x0000005f43200000)]
  0x000001a797252300 JavaThread "stderr" [_thread_in_native, id=15728, stack(0x0000005f43200000,0x0000005f43300000)]
  0x000001a794fabc50 JavaThread "stdout" [_thread_in_native, id=22232, stack(0x0000005f43300000,0x0000005f43400000)]
  0x000001a79e79cb60 JavaThread "RMI Scheduler(0)" daemon [_thread_blocked, id=6028, stack(0x0000005f42100000,0x0000005f42200000)]
  0x000001a79e79bcf0 JavaThread "RMI GC Daemon" daemon [_thread_blocked, id=18748, stack(0x0000005f43500000,0x0000005f43600000)]
  0x000001a79e79fb80 JavaThread "RMI TCP Accept-0" daemon [_thread_in_native, id=23836, stack(0x0000005f43600000,0x0000005f43700000)]
  0x000001a79e79f1e0 JavaThread "RMI Reaper" [_thread_blocked, id=21456, stack(0x0000005f43700000,0x0000005f43800000)]
  0x000001a79e7a0050 JavaThread "RMI TCP Connection(idle)" daemon [_thread_blocked, id=12556, stack(0x0000005f43800000,0x0000005f43900000)]
  0x000001a79e79f6b0 JavaThread "Cache worker for Java compile cache (C:\Users\user\.gradle\caches\7.4\javaCompile)" [_thread_blocked, id=20616, stack(0x0000005f3c700000,0x0000005f3c800000)]
  0x000001a79e79a9b0 JavaThread "Build operations" [_thread_blocked, id=24532, stack(0x0000005f3c800000,0x0000005f3c900000)]
  0x000001a79e79d9d0 JavaThread "Build operations Thread 2" [_thread_blocked, id=16348, stack(0x0000005f43900000,0x0000005f43a00000)]
  0x000001a79e79d500 JavaThread "Build operations Thread 3" [_thread_blocked, id=24628, stack(0x0000005f43a00000,0x0000005f43b00000)]
  0x000001a79e7a0520 JavaThread "Build operations Thread 4" [_thread_blocked, id=11016, stack(0x0000005f43b00000,0x0000005f43c00000)]
  0x000001a79e79dea0 JavaThread "WorkerExecutor Queue Thread 4" [_thread_blocked, id=15340, stack(0x0000005f43d00000,0x0000005f43e00000)]
  0x000001a79e79b820 JavaThread "WorkerExecutor Queue Thread 5" [_thread_blocked, id=14112, stack(0x0000005f43e00000,0x0000005f43f00000)]
  0x000001a79a8185e0 JavaThread "WorkerExecutor Queue Thread 6" [_thread_blocked, id=27932, stack(0x0000005f42e00000,0x0000005f42f00000)]

Other Threads:
  0x000001a7ffb9c510 VMThread "VM Thread" [stack: 0x0000005f3d000000,0x0000005f3d100000] [id=28036]
  0x000001a79390cf20 WatcherThread [stack: 0x0000005f3db00000,0x0000005f3dc00000] [id=25776]
  0x000001a7f48f4240 GCTaskThread "GC Thread#0" [stack: 0x0000005f3cb00000,0x0000005f3cc00000] [id=22172]
  0x000001a7938f7160 GCTaskThread "GC Thread#1" [stack: 0x0000005f3dd00000,0x0000005f3de00000] [id=22544]
  0x000001a793cc23e0 GCTaskThread "GC Thread#2" [stack: 0x0000005f3de00000,0x0000005f3df00000] [id=10732]
  0x000001a793cc46f0 GCTaskThread "GC Thread#3" [stack: 0x0000005f3eb00000,0x0000005f3ec00000] [id=15952]
  0x000001a7f4906790 ConcurrentGCThread "G1 Main Marker" [stack: 0x0000005f3cc00000,0x0000005f3cd00000] [id=24200]
  0x000001a7f4906fd0 ConcurrentGCThread "G1 Conc#0" [stack: 0x0000005f3cd00000,0x0000005f3ce00000] [id=28592]
  0x000001a7f4981780 ConcurrentGCThread "G1 Refine#0" [stack: 0x0000005f3ce00000,0x0000005f3cf00000] [id=8876]
  0x000001a7966a67e0 ConcurrentGCThread "G1 Refine#1" [stack: 0x0000005f3f000000,0x0000005f3f100000] [id=13500]
  0x000001a79a9d7310 ConcurrentGCThread "G1 Refine#2" [stack: 0x0000005f43400000,0x0000005f43500000] [id=22128]
  0x000001a79a9d5b70 ConcurrentGCThread "G1 Refine#3" [stack: 0x0000005f43c00000,0x0000005f43d00000] [id=27808]
  0x000001a7f4981fd0 ConcurrentGCThread "G1 Young RemSet Sampling" [stack: 0x0000005f3cf00000,0x0000005f3d000000] [id=17216]

Threads with active compile tasks:
C2 CompilerThread0   696247 23177 %     4       org.gradle.internal.instantiation.generator.AbstractClassGenerator::inspectType @ 77 (560 bytes)

VM state: not at safepoint (normal execution)

VM Mutex/Monitor currently owned by a thread:  ([mutex/lock_event])
[0x000001a7f48b0be0] CompiledIC_lock - owner thread: 0x000001a797255cc0

Heap address: 0x0000000080000000, size: 2048 MB, Compressed Oops mode: 32-bit
CDS archive(s) mapped at: [0x0000000800000000-0x0000000800b50000-0x0000000800b50000), size 11862016, SharedBaseAddress: 0x0000000800000000, ArchiveRelocationMode: 0.
Compressed class space mapped at: 0x0000000800b50000-0x0000000840b50000, size: 1073741824
Narrow klass base: 0x0000000800000000, Narrow klass shift: 3, Narrow klass range: 0x100000000

GC Precious Log:
 CPUs: 4 total, 4 available
 Memory: 8075M
 Large Page Support: Disabled
 NUMA Support: Disabled
 Compressed Oops: Enabled (32-bit)
 Heap Region Size: 1M
 Heap Min Capacity: 8M
 Heap Initial Capacity: 128M
 Heap Max Capacity: 2G
 Pre-touch: Disabled
 Parallel Workers: 4
 Concurrent Workers: 1
 Concurrent Refinement Workers: 4
 Periodic GC: Disabled

Heap:
 garbage-first heap   total 250880K, used 140978K [0x0000000080000000, 0x0000000100000000)
  region size 1024K, 14 young (14336K), 8 survivors (8192K)
 Metaspace       used 134209K, capacity 135712K, committed 135964K, reserved 1169408K
  class space    used 16588K, capacity 17068K, committed 17100K, reserved 1048576K

Heap Regions: E=young(eden), S=young(survivor), O=old, HS=humongous(starts), HC=humongous(continues), CS=collection set, F=free, OA=open archive, CA=closed archive, TAMS=top-at-mark-start (previous, next)
|   0|0x0000000080000000, 0x0000000080100000, 0x0000000080100000|100%|HS|  |TAMS 0x0000000080100000, 0x0000000080000000| Complete 
|   1|0x0000000080100000, 0x0000000080200000, 0x0000000080200000|100%|HC|  |TAMS 0x0000000080200000, 0x0000000080100000| Complete 
|   2|0x0000000080200000, 0x0000000080300000, 0x0000000080300000|100%|HC|  |TAMS 0x0000000080300000, 0x0000000080200000| Complete 
|   3|0x0000000080300000, 0x0000000080400000, 0x0000000080400000|100%| O|  |TAMS 0x0000000080400000, 0x0000000080300000| Untracked 
|   4|0x0000000080400000, 0x0000000080500000, 0x0000000080500000|100%| O|  |TAMS 0x0000000080500000, 0x0000000080400000| Untracked 
|   5|0x0000000080500000, 0x0000000080600000, 0x0000000080600000|100%| O|  |TAMS 0x0000000080600000, 0x0000000080500000| Untracked 
|   6|0x0000000080600000, 0x0000000080700000, 0x0000000080700000|100%| O|  |TAMS 0x0000000080700000, 0x0000000080600000| Untracked 
|   7|0x0000000080700000, 0x0000000080800000, 0x0000000080800000|100%| O|  |TAMS 0x0000000080800000, 0x0000000080700000| Complete 
|   8|0x0000000080800000, 0x0000000080900000, 0x0000000080900000|100%| O|  |TAMS 0x0000000080900000, 0x0000000080800000| Untracked 
|   9|0x0000000080900000, 0x0000000080a00000, 0x0000000080a00000|100%| O|  |TAMS 0x0000000080a00000, 0x0000000080900000| Untracked 
|  10|0x0000000080a00000, 0x0000000080b00000, 0x0000000080b00000|100%| O|  |TAMS 0x0000000080b00000, 0x0000000080a00000| Untracked 
|  11|0x0000000080b00000, 0x0000000080c00000, 0x0000000080c00000|100%| O|  |TAMS 0x0000000080c00000, 0x0000000080b00000| Untracked 
|  12|0x0000000080c00000, 0x0000000080d00000, 0x0000000080d00000|100%| O|  |TAMS 0x0000000080d00000, 0x0000000080c00000| Untracked 
|  13|0x0000000080d00000, 0x0000000080e00000, 0x0000000080e00000|100%| O|  |TAMS 0x0000000080e00000, 0x0000000080d00000| Untracked 
|  14|0x0000000080e00000, 0x0000000080f00000, 0x0000000080f00000|100%| O|  |TAMS 0x0000000080f00000, 0x0000000080e00000| Untracked 
|  15|0x0000000080f00000, 0x0000000081000000, 0x0000000081000000|100%| O|  |TAMS 0x0000000081000000, 0x0000000080f00000| Complete 
|  16|0x0000000081000000, 0x0000000081100000, 0x0000000081100000|100%| O|  |TAMS 0x0000000081100000, 0x0000000081000000| Untracked 
|  17|0x0000000081100000, 0x0000000081200000, 0x0000000081200000|100%| O|  |TAMS 0x0000000081200000, 0x0000000081100000| Untracked 
|  18|0x0000000081200000, 0x0000000081300000, 0x0000000081300000|100%| O|  |TAMS 0x0000000081300000, 0x0000000081200000| Untracked 
|  19|0x0000000081300000, 0x0000000081400000, 0x0000000081400000|100%| O|  |TAMS 0x0000000081400000, 0x0000000081300000| Untracked 
|  20|0x0000000081400000, 0x0000000081500000, 0x0000000081500000|100%| O|  |TAMS 0x0000000081500000, 0x0000000081400000| Untracked 
|  21|0x0000000081500000, 0x0000000081600000, 0x0000000081600000|100%| O|  |TAMS 0x0000000081600000, 0x0000000081500000| Untracked 
|  22|0x0000000081600000, 0x0000000081700000, 0x0000000081700000|100%| O|  |TAMS 0x0000000081700000, 0x0000000081600000| Complete 
|  23|0x0000000081700000, 0x0000000081800000, 0x0000000081800000|100%| O|  |TAMS 0x0000000081800000, 0x0000000081700000| Untracked 
|  24|0x0000000081800000, 0x0000000081900000, 0x0000000081900000|100%|HS|  |TAMS 0x0000000081900000, 0x0000000081800000| Complete 
|  25|0x0000000081900000, 0x0000000081a00000, 0x0000000081a00000|100%|HS|  |TAMS 0x0000000081a00000, 0x0000000081900000| Complete 
|  26|0x0000000081a00000, 0x0000000081b00000, 0x0000000081b00000|100%|HS|  |TAMS 0x0000000081b00000, 0x0000000081a00000| Complete 
|  27|0x0000000081b00000, 0x0000000081c00000, 0x0000000081c00000|100%|HS|  |TAMS 0x0000000081c00000, 0x0000000081b00000| Complete 
|  28|0x0000000081c00000, 0x0000000081d00000, 0x0000000081d00000|100%|HC|  |TAMS 0x0000000081d00000, 0x0000000081c00000| Complete 
|  29|0x0000000081d00000, 0x0000000081e00000, 0x0000000081e00000|100%|HC|  |TAMS 0x0000000081e00000, 0x0000000081d00000| Complete 
|  30|0x0000000081e00000, 0x0000000081f00000, 0x0000000081f00000|100%| O|  |TAMS 0x0000000081f00000, 0x0000000081e00000| Untracked 
|  31|0x0000000081f00000, 0x0000000082000000, 0x0000000082000000|100%| O|  |TAMS 0x0000000082000000, 0x0000000081f00000| Untracked 
|  32|0x0000000082000000, 0x0000000082100000, 0x0000000082100000|100%| O|  |TAMS 0x0000000082100000, 0x0000000082000000| Untracked 
|  33|0x0000000082100000, 0x0000000082200000, 0x0000000082200000|100%| O|  |TAMS 0x0000000082200000, 0x0000000082100000| Complete 
|  34|0x0000000082200000, 0x0000000082300000, 0x0000000082300000|100%| O|  |TAMS 0x0000000082300000, 0x0000000082200000| Complete 
|  35|0x0000000082300000, 0x0000000082400000, 0x0000000082400000|100%| O|  |TAMS 0x0000000082400000, 0x0000000082300000| Untracked 
|  36|0x0000000082400000, 0x0000000082500000, 0x0000000082500000|100%| O|  |TAMS 0x0000000082500000, 0x0000000082400000| Untracked 
|  37|0x0000000082500000, 0x0000000082600000, 0x0000000082600000|100%| O|  |TAMS 0x0000000082600000, 0x0000000082500000| Complete 
|  38|0x0000000082600000, 0x0000000082700000, 0x0000000082700000|100%| O|  |TAMS 0x0000000082700000, 0x0000000082600000| Complete 
|  39|0x0000000082700000, 0x0000000082800000, 0x0000000082800000|100%| O|  |TAMS 0x0000000082800000, 0x0000000082700000| Complete 
|  40|0x0000000082800000, 0x0000000082900000, 0x0000000082900000|100%| O|  |TAMS 0x0000000082900000, 0x0000000082800000| Untracked 
|  41|0x0000000082900000, 0x0000000082a00000, 0x0000000082a00000|100%| O|  |TAMS 0x0000000082a00000, 0x0000000082900000| Untracked 
|  42|0x0000000082a00000, 0x0000000082b00000, 0x0000000082b00000|100%| O|  |TAMS 0x0000000082b00000, 0x0000000082a00000| Untracked 
|  43|0x0000000082b00000, 0x0000000082c00000, 0x0000000082c00000|100%| O|  |TAMS 0x0000000082c00000, 0x0000000082b00000| Untracked 
|  44|0x0000000082c00000, 0x0000000082d00000, 0x0000000082d00000|100%| O|  |TAMS 0x0000000082d00000, 0x0000000082c00000| Complete 
|  45|0x0000000082d00000, 0x0000000082e00000, 0x0000000082e00000|100%|HS|  |TAMS 0x0000000082e00000, 0x0000000082d00000| Complete 
|  46|0x0000000082e00000, 0x0000000082f00000, 0x0000000082f00000|100%|HC|  |TAMS 0x0000000082f00000, 0x0000000082e00000| Complete 
|  47|0x0000000082f00000, 0x0000000083000000, 0x0000000083000000|100%| O|  |TAMS 0x0000000083000000, 0x0000000082f00000| Untracked 
|  48|0x0000000083000000, 0x0000000083100000, 0x0000000083100000|100%| O|  |TAMS 0x0000000083100000, 0x0000000083000000| Untracked 
|  49|0x0000000083100000, 0x0000000083200000, 0x0000000083200000|100%| O|  |TAMS 0x0000000083200000, 0x0000000083100000| Complete 
|  50|0x0000000083200000, 0x0000000083300000, 0x0000000083300000|100%| O|  |TAMS 0x0000000083300000, 0x0000000083200000| Untracked 
|  51|0x0000000083300000, 0x0000000083400000, 0x0000000083400000|100%| O|  |TAMS 0x0000000083400000, 0x0000000083300000| Complete 
|  52|0x0000000083400000, 0x0000000083500000, 0x0000000083500000|100%| O|  |TAMS 0x0000000083500000, 0x0000000083400000| Complete 
|  53|0x0000000083500000, 0x0000000083600000, 0x0000000083600000|100%| O|  |TAMS 0x0000000083600000, 0x0000000083500000| Untracked 
|  54|0x0000000083600000, 0x0000000083700000, 0x0000000083700000|100%| O|  |TAMS 0x0000000083700000, 0x0000000083600000| Untracked 
|  55|0x0000000083700000, 0x0000000083800000, 0x0000000083800000|100%| O|  |TAMS 0x0000000083800000, 0x0000000083700000| Untracked 
|  56|0x0000000083800000, 0x0000000083900000, 0x0000000083900000|100%| O|  |TAMS 0x0000000083900000, 0x0000000083800000| Untracked 
|  57|0x0000000083900000, 0x0000000083a00000, 0x0000000083a00000|100%| O|  |TAMS 0x0000000083a00000, 0x0000000083900000| Untracked 
|  58|0x0000000083a00000, 0x0000000083b00000, 0x0000000083b00000|100%| O|  |TAMS 0x0000000083b00000, 0x0000000083a00000| Untracked 
|  59|0x0000000083b00000, 0x0000000083c00000, 0x0000000083c00000|100%| O|  |TAMS 0x0000000083c00000, 0x0000000083b00000| Untracked 
|  60|0x0000000083c00000, 0x0000000083d00000, 0x0000000083d00000|100%| O|  |TAMS 0x0000000083d00000, 0x0000000083c00000| Untracked 
|  61|0x0000000083d00000, 0x0000000083e00000, 0x0000000083e00000|100%| O|  |TAMS 0x0000000083e00000, 0x0000000083d00000| Untracked 
|  62|0x0000000083e00000, 0x0000000083f00000, 0x0000000083f00000|100%| O|  |TAMS 0x0000000083f00000, 0x0000000083e00000| Complete 
|  63|0x0000000083f00000, 0x0000000084000000, 0x0000000084000000|100%| O|  |TAMS 0x0000000084000000, 0x0000000083f00000| Untracked 
|  64|0x0000000084000000, 0x0000000084100000, 0x0000000084100000|100%| O|  |TAMS 0x0000000084100000, 0x0000000084000000| Complete 
|  65|0x0000000084100000, 0x0000000084200000, 0x0000000084200000|100%| O|  |TAMS 0x0000000084200000, 0x0000000084100000| Complete 
|  66|0x0000000084200000, 0x0000000084300000, 0x0000000084300000|100%| O|  |TAMS 0x0000000084300000, 0x0000000084200000| Complete 
|  67|0x0000000084300000, 0x0000000084400000, 0x0000000084400000|100%| O|  |TAMS 0x0000000084400000, 0x0000000084300000| Complete 
|  68|0x0000000084400000, 0x0000000084500000, 0x0000000084500000|100%| O|  |TAMS 0x0000000084500000, 0x0000000084400000| Untracked 
|  69|0x0000000084500000, 0x0000000084600000, 0x0000000084600000|100%| O|  |TAMS 0x0000000084600000, 0x0000000084500000| Untracked 
|  70|0x0000000084600000, 0x0000000084700000, 0x0000000084700000|100%| O|  |TAMS 0x0000000084700000, 0x0000000084600000| Untracked 
|  71|0x0000000084700000, 0x0000000084800000, 0x0000000084800000|100%| O|  |TAMS 0x0000000084800000, 0x0000000084700000| Untracked 
|  72|0x0000000084800000, 0x0000000084900000, 0x0000000084900000|100%| O|  |TAMS 0x0000000084900000, 0x0000000084800000| Complete 
|  73|0x0000000084900000, 0x0000000084a00000, 0x0000000084a00000|100%| O|  |TAMS 0x0000000084a00000, 0x0000000084900000| Untracked 
|  74|0x0000000084a00000, 0x0000000084b00000, 0x0000000084b00000|100%| O|  |TAMS 0x0000000084b00000, 0x0000000084a00000| Untracked 
|  75|0x0000000084b00000, 0x0000000084c00000, 0x0000000084c00000|100%| O|  |TAMS 0x0000000084c00000, 0x0000000084b00000| Complete 
|  76|0x0000000084c00000, 0x0000000084d00000, 0x0000000084d00000|100%| O|  |TAMS 0x0000000084d00000, 0x0000000084c00000| Complete 
|  77|0x0000000084d00000, 0x0000000084e00000, 0x0000000084e00000|100%| O|  |TAMS 0x0000000084e00000, 0x0000000084d00000| Complete 
|  78|0x0000000084e00000, 0x0000000084f00000, 0x0000000084f00000|100%| O|  |TAMS 0x0000000084f00000, 0x0000000084e00000| Complete 
|  79|0x0000000084f00000, 0x0000000085000000, 0x0000000085000000|100%| O|  |TAMS 0x0000000085000000, 0x0000000084f00000| Complete 
|  80|0x0000000085000000, 0x0000000085100000, 0x0000000085100000|100%| O|  |TAMS 0x0000000085100000, 0x0000000085000000| Untracked 
|  81|0x0000000085100000, 0x0000000085200000, 0x0000000085200000|100%| O|  |TAMS 0x0000000085200000, 0x0000000085100000| Complete 
|  82|0x0000000085200000, 0x0000000085300000, 0x0000000085300000|100%| O|  |TAMS 0x0000000085300000, 0x0000000085200000| Complete 
|  83|0x0000000085300000, 0x0000000085400000, 0x0000000085400000|100%| O|  |TAMS 0x0000000085400000, 0x0000000085300000| Complete 
|  84|0x0000000085400000, 0x0000000085500000, 0x0000000085500000|100%| O|  |TAMS 0x0000000085500000, 0x0000000085400000| Complete 
|  85|0x0000000085500000, 0x0000000085600000, 0x0000000085600000|100%| O|  |TAMS 0x0000000085600000, 0x0000000085500000| Untracked 
|  86|0x0000000085600000, 0x0000000085700000, 0x0000000085700000|100%| O|  |TAMS 0x0000000085700000, 0x0000000085600000| Untracked 
|  87|0x0000000085700000, 0x0000000085800000, 0x0000000085800000|100%| O|  |TAMS 0x0000000085800000, 0x0000000085700000| Complete 
|  88|0x0000000085800000, 0x0000000085900000, 0x0000000085900000|100%| O|  |TAMS 0x0000000085900000, 0x0000000085800000| Untracked 
|  89|0x0000000085900000, 0x0000000085a00000, 0x0000000085a00000|100%| O|  |TAMS 0x0000000085a00000, 0x0000000085900000| Untracked 
|  90|0x0000000085a00000, 0x0000000085b00000, 0x0000000085b00000|100%| O|  |TAMS 0x0000000085b00000, 0x0000000085a00000| Untracked 
|  91|0x0000000085b00000, 0x0000000085c00000, 0x0000000085c00000|100%| O|  |TAMS 0x0000000085c00000, 0x0000000085b00000| Untracked 
|  92|0x0000000085c00000, 0x0000000085d00000, 0x0000000085d00000|100%| O|  |TAMS 0x0000000085d00000, 0x0000000085c00000| Untracked 
|  93|0x0000000085d00000, 0x0000000085e00000, 0x0000000085e00000|100%| O|  |TAMS 0x0000000085e00000, 0x0000000085d00000| Untracked 
|  94|0x0000000085e00000, 0x0000000085f00000, 0x0000000085f00000|100%| O|  |TAMS 0x0000000085f00000, 0x0000000085e00000| Complete 
|  95|0x0000000085f00000, 0x0000000086000000, 0x0000000086000000|100%|HS|  |TAMS 0x0000000085f00000, 0x0000000085f00000| Complete 
|  96|0x0000000086000000, 0x0000000086100000, 0x0000000086100000|100%| O|  |TAMS 0x0000000086100000, 0x0000000086000000| Untracked 
|  97|0x0000000086100000, 0x0000000086200000, 0x0000000086200000|100%| O|  |TAMS 0x0000000086200000, 0x0000000086100000| Complete 
|  98|0x0000000086200000, 0x0000000086300000, 0x0000000086300000|100%| O|  |TAMS 0x0000000086300000, 0x0000000086200000| Complete 
|  99|0x0000000086300000, 0x0000000086400000, 0x0000000086400000|100%| O|  |TAMS 0x0000000086400000, 0x0000000086300000| Complete 
| 100|0x0000000086400000, 0x0000000086500000, 0x0000000086500000|100%| O|  |TAMS 0x0000000086500000, 0x0000000086400000| Complete 
| 101|0x0000000086500000, 0x0000000086600000, 0x0000000086600000|100%| O|  |TAMS 0x0000000086600000, 0x0000000086500000| Complete 
| 102|0x0000000086600000, 0x0000000086700000, 0x0000000086700000|100%| O|  |TAMS 0x0000000086700000, 0x0000000086600000| Complete 
| 103|0x0000000086700000, 0x0000000086800000, 0x0000000086800000|100%| O|  |TAMS 0x0000000086800000, 0x0000000086700000| Untracked 
| 104|0x0000000086800000, 0x0000000086900000, 0x0000000086900000|100%| O|  |TAMS 0x0000000086900000, 0x0000000086800000| Complete 
| 105|0x0000000086900000, 0x0000000086a00000, 0x0000000086a00000|100%| O|  |TAMS 0x0000000086a00000, 0x0000000086900000| Complete 
| 106|0x0000000086a00000, 0x0000000086b00000, 0x0000000086b00000|100%| O|  |TAMS 0x0000000086b00000, 0x0000000086a00000| Untracked 
| 107|0x0000000086b00000, 0x0000000086b6e200, 0x0000000086c00000| 43%| O|  |TAMS 0x0000000086b6e200, 0x0000000086b00000| Untracked 
| 108|0x0000000086c00000, 0x0000000086d00000, 0x0000000086d00000|100%|HS|  |TAMS 0x0000000086c00000, 0x0000000086c00000| Complete 
| 109|0x0000000086d00000, 0x0000000086e00000, 0x0000000086e00000|100%|HC|  |TAMS 0x0000000086d00000, 0x0000000086d00000| Complete 
| 110|0x0000000086e00000, 0x0000000086e00000, 0x0000000086f00000|  0%| F|  |TAMS 0x0000000086e00000, 0x0000000086e00000| Untracked 
| 111|0x0000000086f00000, 0x0000000086f00000, 0x0000000087000000|  0%| F|  |TAMS 0x0000000086f00000, 0x0000000086f00000| Untracked 
| 112|0x0000000087000000, 0x0000000087100000, 0x0000000087100000|100%| O|  |TAMS 0x0000000087100000, 0x0000000087000000| Complete 
| 113|0x0000000087100000, 0x0000000087200000, 0x0000000087200000|100%| O|  |TAMS 0x0000000087200000, 0x0000000087100000| Untracked 
| 114|0x0000000087200000, 0x0000000087300000, 0x0000000087300000|100%| O|  |TAMS 0x0000000087300000, 0x0000000087200000| Untracked 
| 115|0x0000000087300000, 0x0000000087400000, 0x0000000087400000|100%| O|  |TAMS 0x0000000087400000, 0x0000000087300000| Untracked 
| 116|0x0000000087400000, 0x0000000087500000, 0x0000000087500000|100%| O|  |TAMS 0x0000000087500000, 0x0000000087400000| Untracked 
| 117|0x0000000087500000, 0x0000000087500000, 0x0000000087600000|  0%| F|  |TAMS 0x0000000087500000, 0x0000000087500000| Untracked 
| 118|0x0000000087600000, 0x0000000087600000, 0x0000000087700000|  0%| F|  |TAMS 0x0000000087600000, 0x0000000087600000| Untracked 
| 119|0x0000000087700000, 0x0000000087800000, 0x0000000087800000|100%| O|  |TAMS 0x0000000087800000, 0x0000000087700000| Untracked 
| 120|0x0000000087800000, 0x0000000087900000, 0x0000000087900000|100%| O|  |TAMS 0x0000000087900000, 0x0000000087800000| Complete 
| 121|0x0000000087900000, 0x0000000087a00000, 0x0000000087a00000|100%| O|  |TAMS 0x0000000087a00000, 0x0000000087900000| Complete 
| 122|0x0000000087a00000, 0x0000000087b00000, 0x0000000087b00000|100%| O|  |TAMS 0x0000000087b00000, 0x0000000087a00000| Untracked 
| 123|0x0000000087b00000, 0x0000000087b00000, 0x0000000087c00000|  0%| F|  |TAMS 0x0000000087b00000, 0x0000000087b00000| Untracked 
| 124|0x0000000087c00000, 0x0000000087d00000, 0x0000000087d00000|100%| O|  |TAMS 0x0000000087d00000, 0x0000000087c00000| Untracked 
| 125|0x0000000087d00000, 0x0000000087e00000, 0x0000000087e00000|100%| O|  |TAMS 0x0000000087e00000, 0x0000000087d00000| Complete 
| 126|0x0000000087e00000, 0x0000000087f00000, 0x0000000087f00000|100%| O|  |TAMS 0x0000000087f00000, 0x0000000087e00000| Untracked 
| 127|0x0000000087f00000, 0x0000000088000000, 0x0000000088000000|100%| O|  |TAMS 0x0000000088000000, 0x0000000087f00000| Untracked 
| 128|0x0000000088000000, 0x0000000088100000, 0x0000000088100000|100%| O|  |TAMS 0x0000000088100000, 0x0000000088000000| Untracked 
| 129|0x0000000088100000, 0x0000000088200000, 0x0000000088200000|100%| O|  |TAMS 0x0000000088200000, 0x0000000088100000| Untracked 
| 130|0x0000000088200000, 0x0000000088300000, 0x0000000088300000|100%| O|  |TAMS 0x0000000088300000, 0x0000000088200000| Complete 
| 131|0x0000000088300000, 0x0000000088400000, 0x0000000088400000|100%| O|  |TAMS 0x0000000088400000, 0x0000000088300000| Complete 
| 132|0x0000000088400000, 0x0000000088400000, 0x0000000088500000|  0%| F|  |TAMS 0x0000000088400000, 0x0000000088400000| Untracked 
| 133|0x0000000088500000, 0x0000000088500000, 0x0000000088600000|  0%| F|  |TAMS 0x0000000088500000, 0x0000000088500000| Untracked 
| 134|0x0000000088600000, 0x0000000088600000, 0x0000000088700000|  0%| F|  |TAMS 0x0000000088600000, 0x0000000088600000| Untracked 
| 135|0x0000000088700000, 0x0000000088700000, 0x0000000088800000|  0%| F|  |TAMS 0x0000000088700000, 0x0000000088700000| Untracked 
| 136|0x0000000088800000, 0x0000000088800000, 0x0000000088900000|  0%| F|  |TAMS 0x0000000088800000, 0x0000000088800000| Untracked 
| 137|0x0000000088900000, 0x0000000088900000, 0x0000000088a00000|  0%| F|  |TAMS 0x0000000088900000, 0x0000000088900000| Untracked 
| 138|0x0000000088a00000, 0x0000000088a00000, 0x0000000088b00000|  0%| F|  |TAMS 0x0000000088a00000, 0x0000000088a00000| Untracked 
| 139|0x0000000088b00000, 0x0000000088b00000, 0x0000000088c00000|  0%| F|  |TAMS 0x0000000088b00000, 0x0000000088b00000| Untracked 
| 140|0x0000000088c00000, 0x0000000088c00000, 0x0000000088d00000|  0%| F|  |TAMS 0x0000000088c00000, 0x0000000088c00000| Untracked 
| 141|0x0000000088d00000, 0x0000000088d00000, 0x0000000088e00000|  0%| F|  |TAMS 0x0000000088d00000, 0x0000000088d00000| Untracked 
| 142|0x0000000088e00000, 0x0000000088e00000, 0x0000000088f00000|  0%| F|  |TAMS 0x0000000088e00000, 0x0000000088e00000| Untracked 
| 143|0x0000000088f00000, 0x0000000088f00000, 0x0000000089000000|  0%| F|  |TAMS 0x0000000088f00000, 0x0000000088f00000| Untracked 
| 144|0x0000000089000000, 0x0000000089000000, 0x0000000089100000|  0%| F|  |TAMS 0x0000000089000000, 0x0000000089000000| Untracked 
| 145|0x0000000089100000, 0x0000000089100000, 0x0000000089200000|  0%| F|  |TAMS 0x0000000089100000, 0x0000000089100000| Untracked 
| 146|0x0000000089200000, 0x0000000089200000, 0x0000000089300000|  0%| F|  |TAMS 0x0000000089200000, 0x0000000089200000| Untracked 
| 147|0x0000000089300000, 0x0000000089300000, 0x0000000089400000|  0%| F|  |TAMS 0x0000000089300000, 0x0000000089300000| Untracked 
| 148|0x0000000089400000, 0x0000000089400000, 0x0000000089500000|  0%| F|  |TAMS 0x0000000089400000, 0x0000000089400000| Untracked 
| 149|0x0000000089500000, 0x0000000089500000, 0x0000000089600000|  0%| F|  |TAMS 0x0000000089500000, 0x0000000089500000| Untracked 
| 150|0x0000000089600000, 0x0000000089600000, 0x0000000089700000|  0%| F|  |TAMS 0x0000000089600000, 0x0000000089600000| Untracked 
| 151|0x0000000089700000, 0x0000000089700000, 0x0000000089800000|  0%| F|  |TAMS 0x0000000089700000, 0x0000000089700000| Untracked 
| 152|0x0000000089800000, 0x0000000089800000, 0x0000000089900000|  0%| F|  |TAMS 0x0000000089800000, 0x0000000089800000| Untracked 
| 153|0x0000000089900000, 0x0000000089900000, 0x0000000089a00000|  0%| F|  |TAMS 0x0000000089900000, 0x0000000089900000| Untracked 
| 154|0x0000000089a00000, 0x0000000089a00000, 0x0000000089b00000|  0%| F|  |TAMS 0x0000000089a00000, 0x0000000089a00000| Untracked 
| 155|0x0000000089b00000, 0x0000000089b00000, 0x0000000089c00000|  0%| F|  |TAMS 0x0000000089b00000, 0x0000000089b00000| Untracked 
| 156|0x0000000089c00000, 0x0000000089c00000, 0x0000000089d00000|  0%| F|  |TAMS 0x0000000089c00000, 0x0000000089c00000| Untracked 
| 157|0x0000000089d00000, 0x0000000089d00000, 0x0000000089e00000|  0%| F|  |TAMS 0x0000000089d00000, 0x0000000089d00000| Untracked 
| 158|0x0000000089e00000, 0x0000000089e00000, 0x0000000089f00000|  0%| F|  |TAMS 0x0000000089e00000, 0x0000000089e00000| Untracked 
| 159|0x0000000089f00000, 0x0000000089f00000, 0x000000008a000000|  0%| F|  |TAMS 0x0000000089f00000, 0x0000000089f00000| Untracked 
| 160|0x000000008a000000, 0x000000008a000000, 0x000000008a100000|  0%| F|  |TAMS 0x000000008a000000, 0x000000008a000000| Untracked 
| 161|0x000000008a100000, 0x000000008a100000, 0x000000008a200000|  0%| F|  |TAMS 0x000000008a100000, 0x000000008a100000| Untracked 
| 162|0x000000008a200000, 0x000000008a200000, 0x000000008a300000|  0%| F|  |TAMS 0x000000008a200000, 0x000000008a200000| Untracked 
| 163|0x000000008a300000, 0x000000008a300000, 0x000000008a400000|  0%| F|  |TAMS 0x000000008a300000, 0x000000008a300000| Untracked 
| 164|0x000000008a400000, 0x000000008a400000, 0x000000008a500000|  0%| F|  |TAMS 0x000000008a400000, 0x000000008a400000| Untracked 
| 165|0x000000008a500000, 0x000000008a500000, 0x000000008a600000|  0%| F|  |TAMS 0x000000008a500000, 0x000000008a500000| Untracked 
| 166|0x000000008a600000, 0x000000008a600000, 0x000000008a700000|  0%| F|  |TAMS 0x000000008a600000, 0x000000008a600000| Untracked 
| 167|0x000000008a700000, 0x000000008a700000, 0x000000008a800000|  0%| F|  |TAMS 0x000000008a700000, 0x000000008a700000| Untracked 
| 168|0x000000008a800000, 0x000000008a800000, 0x000000008a900000|  0%| F|  |TAMS 0x000000008a800000, 0x000000008a800000| Untracked 
| 169|0x000000008a900000, 0x000000008a900000, 0x000000008aa00000|  0%| F|  |TAMS 0x000000008a900000, 0x000000008a900000| Untracked 
| 170|0x000000008aa00000, 0x000000008aa00000, 0x000000008ab00000|  0%| F|  |TAMS 0x000000008aa00000, 0x000000008aa00000| Untracked 
| 171|0x000000008ab00000, 0x000000008ab00000, 0x000000008ac00000|  0%| F|  |TAMS 0x000000008ab00000, 0x000000008ab00000| Untracked 
| 172|0x000000008ac00000, 0x000000008ac00000, 0x000000008ad00000|  0%| F|  |TAMS 0x000000008ac00000, 0x000000008ac00000| Untracked 
| 173|0x000000008ad00000, 0x000000008ad00000, 0x000000008ae00000|  0%| F|  |TAMS 0x000000008ad00000, 0x000000008ad00000| Untracked 
| 174|0x000000008ae00000, 0x000000008ae00000, 0x000000008af00000|  0%| F|  |TAMS 0x000000008ae00000, 0x000000008ae00000| Untracked 
| 175|0x000000008af00000, 0x000000008af00000, 0x000000008b000000|  0%| F|  |TAMS 0x000000008af00000, 0x000000008af00000| Untracked 
| 176|0x000000008b000000, 0x000000008b000000, 0x000000008b100000|  0%| F|  |TAMS 0x000000008b000000, 0x000000008b000000| Untracked 
| 177|0x000000008b100000, 0x000000008b100000, 0x000000008b200000|  0%| F|  |TAMS 0x000000008b100000, 0x000000008b100000| Untracked 
| 178|0x000000008b200000, 0x000000008b200000, 0x000000008b300000|  0%| F|  |TAMS 0x000000008b200000, 0x000000008b200000| Untracked 
| 179|0x000000008b300000, 0x000000008b300000, 0x000000008b400000|  0%| F|  |TAMS 0x000000008b300000, 0x000000008b300000| Untracked 
| 180|0x000000008b400000, 0x000000008b400000, 0x000000008b500000|  0%| F|  |TAMS 0x000000008b400000, 0x000000008b400000| Untracked 
| 181|0x000000008b500000, 0x000000008b500000, 0x000000008b600000|  0%| F|  |TAMS 0x000000008b500000, 0x000000008b500000| Untracked 
| 182|0x000000008b600000, 0x000000008b600000, 0x000000008b700000|  0%| F|  |TAMS 0x000000008b600000, 0x000000008b600000| Untracked 
| 183|0x000000008b700000, 0x000000008b700000, 0x000000008b800000|  0%| F|  |TAMS 0x000000008b700000, 0x000000008b700000| Untracked 
| 184|0x000000008b800000, 0x000000008b800000, 0x000000008b900000|  0%| F|  |TAMS 0x000000008b800000, 0x000000008b800000| Untracked 
| 185|0x000000008b900000, 0x000000008b900000, 0x000000008ba00000|  0%| F|  |TAMS 0x000000008b900000, 0x000000008b900000| Untracked 
| 186|0x000000008ba00000, 0x000000008ba00000, 0x000000008bb00000|  0%| F|  |TAMS 0x000000008ba00000, 0x000000008ba00000| Untracked 
| 187|0x000000008bb00000, 0x000000008bb00000, 0x000000008bc00000|  0%| F|  |TAMS 0x000000008bb00000, 0x000000008bb00000| Untracked 
| 188|0x000000008bc00000, 0x000000008bc00000, 0x000000008bd00000|  0%| F|  |TAMS 0x000000008bc00000, 0x000000008bc00000| Untracked 
| 189|0x000000008bd00000, 0x000000008bd00000, 0x000000008be00000|  0%| F|  |TAMS 0x000000008bd00000, 0x000000008bd00000| Untracked 
| 190|0x000000008be00000, 0x000000008be00000, 0x000000008bf00000|  0%| F|  |TAMS 0x000000008be00000, 0x000000008be00000| Untracked 
| 191|0x000000008bf00000, 0x000000008bf00000, 0x000000008c000000|  0%| F|  |TAMS 0x000000008bf00000, 0x000000008bf00000| Untracked 
| 192|0x000000008c000000, 0x000000008c000000, 0x000000008c100000|  0%| F|  |TAMS 0x000000008c000000, 0x000000008c000000| Untracked 
| 193|0x000000008c100000, 0x000000008c100000, 0x000000008c200000|  0%| F|  |TAMS 0x000000008c100000, 0x000000008c100000| Untracked 
| 194|0x000000008c200000, 0x000000008c200000, 0x000000008c300000|  0%| F|  |TAMS 0x000000008c200000, 0x000000008c200000| Untracked 
| 195|0x000000008c300000, 0x000000008c33e7f0, 0x000000008c400000| 24%| S|CS|TAMS 0x000000008c300000, 0x000000008c300000| Complete 
| 196|0x000000008c400000, 0x000000008c500000, 0x000000008c500000|100%| S|CS|TAMS 0x000000008c400000, 0x000000008c400000| Complete 
| 197|0x000000008c500000, 0x000000008c600000, 0x000000008c600000|100%| S|CS|TAMS 0x000000008c500000, 0x000000008c500000| Complete 
| 198|0x000000008c600000, 0x000000008c700000, 0x000000008c700000|100%| S|CS|TAMS 0x000000008c600000, 0x000000008c600000| Complete 
| 199|0x000000008c700000, 0x000000008c800000, 0x000000008c800000|100%| S|CS|TAMS 0x000000008c700000, 0x000000008c700000| Complete 
| 200|0x000000008c800000, 0x000000008c900000, 0x000000008c900000|100%| S|CS|TAMS 0x000000008c800000, 0x000000008c800000| Complete 
| 201|0x000000008c900000, 0x000000008ca00000, 0x000000008ca00000|100%| S|CS|TAMS 0x000000008c900000, 0x000000008c900000| Complete 
| 202|0x000000008ca00000, 0x000000008cb00000, 0x000000008cb00000|100%| S|CS|TAMS 0x000000008ca00000, 0x000000008ca00000| Complete 
| 203|0x000000008cb00000, 0x000000008cb00000, 0x000000008cc00000|  0%| F|  |TAMS 0x000000008cb00000, 0x000000008cb00000| Untracked 
| 204|0x000000008cc00000, 0x000000008cc00000, 0x000000008cd00000|  0%| F|  |TAMS 0x000000008cc00000, 0x000000008cc00000| Untracked 
| 205|0x000000008cd00000, 0x000000008cd00000, 0x000000008ce00000|  0%| F|  |TAMS 0x000000008cd00000, 0x000000008cd00000| Untracked 
| 206|0x000000008ce00000, 0x000000008ce00000, 0x000000008cf00000|  0%| F|  |TAMS 0x000000008ce00000, 0x000000008ce00000| Untracked 
| 207|0x000000008cf00000, 0x000000008cf00000, 0x000000008d000000|  0%| F|  |TAMS 0x000000008cf00000, 0x000000008cf00000| Untracked 
| 208|0x000000008d000000, 0x000000008d000000, 0x000000008d100000|  0%| F|  |TAMS 0x000000008d000000, 0x000000008d000000| Untracked 
| 209|0x000000008d100000, 0x000000008d100000, 0x000000008d200000|  0%| F|  |TAMS 0x000000008d100000, 0x000000008d100000| Untracked 
| 210|0x000000008d200000, 0x000000008d200000, 0x000000008d300000|  0%| F|  |TAMS 0x000000008d200000, 0x000000008d200000| Untracked 
| 211|0x000000008d300000, 0x000000008d300000, 0x000000008d400000|  0%| F|  |TAMS 0x000000008d300000, 0x000000008d300000| Untracked 
| 212|0x000000008d400000, 0x000000008d400000, 0x000000008d500000|  0%| F|  |TAMS 0x000000008d400000, 0x000000008d400000| Untracked 
| 213|0x000000008d500000, 0x000000008d500000, 0x000000008d600000|  0%| F|  |TAMS 0x000000008d500000, 0x000000008d500000| Untracked 
| 214|0x000000008d600000, 0x000000008d600000, 0x000000008d700000|  0%| F|  |TAMS 0x000000008d600000, 0x000000008d600000| Untracked 
| 215|0x000000008d700000, 0x000000008d700000, 0x000000008d800000|  0%| F|  |TAMS 0x000000008d700000, 0x000000008d700000| Untracked 
| 216|0x000000008d800000, 0x000000008d800000, 0x000000008d900000|  0%| F|  |TAMS 0x000000008d800000, 0x000000008d800000| Untracked 
| 217|0x000000008d900000, 0x000000008d900000, 0x000000008da00000|  0%| F|  |TAMS 0x000000008d900000, 0x000000008d900000| Untracked 
| 218|0x000000008da00000, 0x000000008da00000, 0x000000008db00000|  0%| F|  |TAMS 0x000000008da00000, 0x000000008da00000| Untracked 
| 219|0x000000008db00000, 0x000000008db00000, 0x000000008dc00000|  0%| F|  |TAMS 0x000000008db00000, 0x000000008db00000| Untracked 
| 220|0x000000008dc00000, 0x000000008dc00000, 0x000000008dd00000|  0%| F|  |TAMS 0x000000008dc00000, 0x000000008dc00000| Untracked 
| 221|0x000000008dd00000, 0x000000008dd00000, 0x000000008de00000|  0%| F|  |TAMS 0x000000008dd00000, 0x000000008dd00000| Untracked 
| 222|0x000000008de00000, 0x000000008de00000, 0x000000008df00000|  0%| F|  |TAMS 0x000000008de00000, 0x000000008de00000| Untracked 
| 223|0x000000008df00000, 0x000000008df00000, 0x000000008e000000|  0%| F|  |TAMS 0x000000008df00000, 0x000000008df00000| Untracked 
| 224|0x000000008e000000, 0x000000008e000000, 0x000000008e100000|  0%| F|  |TAMS 0x000000008e000000, 0x000000008e000000| Untracked 
| 225|0x000000008e100000, 0x000000008e100000, 0x000000008e200000|  0%| F|  |TAMS 0x000000008e100000, 0x000000008e100000| Untracked 
| 226|0x000000008e200000, 0x000000008e200000, 0x000000008e300000|  0%| F|  |TAMS 0x000000008e200000, 0x000000008e200000| Untracked 
| 227|0x000000008e300000, 0x000000008e300000, 0x000000008e400000|  0%| F|  |TAMS 0x000000008e300000, 0x000000008e300000| Untracked 
| 228|0x000000008e400000, 0x000000008e400000, 0x000000008e500000|  0%| F|  |TAMS 0x000000008e400000, 0x000000008e400000| Untracked 
| 229|0x000000008e500000, 0x000000008e500000, 0x000000008e600000|  0%| F|  |TAMS 0x000000008e500000, 0x000000008e500000| Untracked 
| 230|0x000000008e600000, 0x000000008e600000, 0x000000008e700000|  0%| F|  |TAMS 0x000000008e600000, 0x000000008e600000| Untracked 
| 231|0x000000008e700000, 0x000000008e700000, 0x000000008e800000|  0%| F|  |TAMS 0x000000008e700000, 0x000000008e700000| Untracked 
| 232|0x000000008e800000, 0x000000008e800000, 0x000000008e900000|  0%| F|  |TAMS 0x000000008e800000, 0x000000008e800000| Untracked 
| 233|0x000000008e900000, 0x000000008e900000, 0x000000008ea00000|  0%| F|  |TAMS 0x000000008e900000, 0x000000008e900000| Untracked 
| 234|0x000000008ea00000, 0x000000008ea00000, 0x000000008eb00000|  0%| F|  |TAMS 0x000000008ea00000, 0x000000008ea00000| Untracked 
| 235|0x000000008eb00000, 0x000000008eb00000, 0x000000008ec00000|  0%| F|  |TAMS 0x000000008eb00000, 0x000000008eb00000| Untracked 
| 236|0x000000008ec00000, 0x000000008ec00000, 0x000000008ed00000|  0%| F|  |TAMS 0x000000008ec00000, 0x000000008ec00000| Untracked 
| 237|0x000000008ed00000, 0x000000008ed00000, 0x000000008ee00000|  0%| F|  |TAMS 0x000000008ed00000, 0x000000008ed00000| Untracked 
| 238|0x000000008ee00000, 0x000000008ee00000, 0x000000008ef00000|  0%| F|  |TAMS 0x000000008ee00000, 0x000000008ee00000| Untracked 
| 239|0x000000008ef00000, 0x000000008ef57830, 0x000000008f000000| 34%| E|  |TAMS 0x000000008ef00000, 0x000000008ef00000| Complete 
| 240|0x000000008f000000, 0x000000008f100000, 0x000000008f100000|100%| E|CS|TAMS 0x000000008f000000, 0x000000008f000000| Complete 
| 241|0x000000008f100000, 0x000000008f200000, 0x000000008f200000|100%| E|CS|TAMS 0x000000008f100000, 0x000000008f100000| Complete 
| 242|0x000000008f200000, 0x000000008f300000, 0x000000008f300000|100%| E|  |TAMS 0x000000008f200000, 0x000000008f200000| Complete 
| 243|0x000000008f300000, 0x000000008f400000, 0x000000008f400000|100%| E|CS|TAMS 0x000000008f300000, 0x000000008f300000| Complete 
| 244|0x000000008f400000, 0x000000008f500000, 0x000000008f500000|100%| E|CS|TAMS 0x000000008f400000, 0x000000008f400000| Complete 

Card table byte_map: [0x000001a7fcef0000,0x000001a7fd2f0000] _byte_map_base: 0x000001a7fcaf0000

Marking Bits (Prev, Next): (CMBitMap*) 0x000001a7f48f5690, (CMBitMap*) 0x000001a7f48f56d0
 Prev Bits: [0x000001a7fd6f0000, 0x000001a7ff6f0000)
 Next Bits: [0x000001a78f000000, 0x000001a791000000)

Polling page: 0x000001a7f2860000

Metaspace:

Usage:
  Non-class:    115.86 MB capacity,   114.86 MB (>99%) used,   833.50 KB ( <1%) free+waste,   189.62 KB ( <1%) overhead. 
      Class:     16.67 MB capacity,    16.20 MB ( 97%) used,   408.22 KB (  2%) free+waste,    70.94 KB ( <1%) overhead. 
       Both:    132.53 MB capacity,   131.06 MB ( 99%) used,     1.21 MB ( <1%) free+waste,   260.56 KB ( <1%) overhead. 

Virtual space:
  Non-class space:      118.00 MB reserved,     116.08 MB ( 98%) committed 
      Class space:        1.00 GB reserved,      16.70 MB (  2%) committed 
             Both:        1.12 GB reserved,     132.78 MB ( 12%) committed 

Chunk freelists:
   Non-Class:  28.00 KB
       Class:  20.00 KB
        Both:  48.00 KB

MaxMetaspaceSize: 17179869184.00 GB
CompressedClassSpaceSize: 1.00 GB

CodeHeap 'non-profiled nmethods': size=120000Kb used=11160Kb max_used=11160Kb free=108839Kb
 bounds [0x000001a787ad0000, 0x000001a7885c0000, 0x000001a78f000000]
CodeHeap 'profiled nmethods': size=120000Kb used=39528Kb max_used=39528Kb free=80471Kb
 bounds [0x000001a7805a0000, 0x000001a782c40000, 0x000001a787ad0000]
CodeHeap 'non-nmethods': size=5760Kb used=2514Kb max_used=2597Kb free=3245Kb
 bounds [0x000001a780000000, 0x000001a7802a0000, 0x000001a7805a0000]
 total_blobs=20311 nmethods=19285 adapters=937
 compilation: enabled
              stopped_count=0, restarted_count=0
 full_count=0

Compilation events (20 events):
Event: 695.515 Thread 0x000001a7ffbc7370 nmethod 23171 0x000001a7885b2710 code [0x000001a7885b2aa0, 0x000001a7885b4af0]
Event: 695.516 Thread 0x000001a7ffbc7370 23177 %     4       org.gradle.internal.instantiation.generator.AbstractClassGenerator::inspectType @ 77 (560 bytes)
Event: 695.796 Thread 0x000001a7ffbcb830 23181       1       com.android.builder.files.DirectoryEntry::getCrc32 (5 bytes)
Event: 695.797 Thread 0x000001a7ffbcb830 nmethod 23181 0x000001a7885b5d90 code [0x000001a7885b5f20, 0x000001a7885b5fd8]
Event: 695.797 Thread 0x000001a7ffbcb830 23182       1       com.android.builder.files.DirectoryEntry::getSize (5 bytes)
Event: 695.797 Thread 0x000001a7ffbcb830 nmethod 23182 0x000001a7885b6090 code [0x000001a7885b6220, 0x000001a7885b62d8]
Event: 695.806 Thread 0x000001a7ffbcb830 23183       3       com.google.gson.internal.$Gson$Types::getRawType (157 bytes)
Event: 695.808 Thread 0x000001a7ffbcb830 nmethod 23183 0x000001a782c2aa10 code [0x000001a782c2adc0, 0x000001a782c2c9f8]
Event: 695.808 Thread 0x000001a7ffbcb830 23184   !   3       com.google.gson.Gson::getAdapter (258 bytes)
Event: 695.811 Thread 0x000001a7ffbcb830 nmethod 23184 0x000001a782c2d090 code [0x000001a782c2d4e0, 0x000001a782c2f968]
Event: 695.811 Thread 0x000001a7ffbcb830 23185       3       com.google.common.collect.ImmutableList$Builder::build (17 bytes)
Event: 695.811 Thread 0x000001a7ffbcb830 nmethod 23185 0x000001a782c30810 code [0x000001a782c309c0, 0x000001a782c30b08]
Event: 695.820 Thread 0x000001a7ffbcb830 23186   !   3       jdk.xml.internal.SecuritySupport::readJAXPProperty (147 bytes)
Event: 695.829 Thread 0x000001a7ffbcb830 nmethod 23186 0x000001a782c30b90 code [0x000001a782c31380, 0x000001a782c366e8]
Event: 695.982 Thread 0x000001a7ffbcb830 23187       3       com.sun.org.apache.xerces.internal.parsers.XML11Configuration::getPropertyState (23 bytes)
Event: 695.983 Thread 0x000001a7ffbcb830 nmethod 23187 0x000001a782c38490 code [0x000001a782c386c0, 0x000001a782c390a8]
Event: 695.983 Thread 0x000001a7ffbcb830 23188       3       com.sun.org.apache.xerces.internal.util.ParserConfigurationSettings::getPropertyState (35 bytes)
Event: 695.983 Thread 0x000001a7ffbcb830 nmethod 23188 0x000001a782c39390 code [0x000001a782c39580, 0x000001a782c39b98]
Event: 695.983 Thread 0x000001a7ffbcb830 23189       3       com.sun.org.apache.xerces.internal.util.PropertyState::<init> (15 bytes)
Event: 695.983 Thread 0x000001a7ffbcb830 nmethod 23189 0x000001a782c39d90 code [0x000001a782c39f40, 0x000001a782c3a158]

GC Heap History (20 events):
Event: 652.140 GC heap before
{Heap before GC invocations=42 (full 0):
 garbage-first heap   total 250880K, used 198007K [0x0000000080000000, 0x0000000100000000)
  region size 1024K, 72 young (73728K), 12 survivors (12288K)
 Metaspace       used 102196K, capacity 103578K, committed 103708K, reserved 1140736K
  class space    used 12551K, capacity 12920K, committed 13004K, reserved 1048576K
}
Event: 652.158 GC heap after
{Heap after GC invocations=43 (full 0):
 garbage-first heap   total 250880K, used 123392K [0x0000000080000000, 0x0000000100000000)
  region size 1024K, 3 young (3072K), 3 survivors (3072K)
 Metaspace       used 102196K, capacity 103578K, committed 103708K, reserved 1140736K
  class space    used 12551K, capacity 12920K, committed 13004K, reserved 1048576K
}
Event: 655.223 GC heap before
{Heap before GC invocations=43 (full 0):
 garbage-first heap   total 250880K, used 193024K [0x0000000080000000, 0x0000000100000000)
  region size 1024K, 72 young (73728K), 3 survivors (3072K)
 Metaspace       used 105232K, capacity 106503K, committed 106524K, reserved 1142784K
  class space    used 12894K, capacity 13252K, committed 13260K, reserved 1048576K
}
Event: 655.236 GC heap after
{Heap after GC invocations=44 (full 0):
 garbage-first heap   total 250880K, used 128425K [0x0000000080000000, 0x0000000100000000)
  region size 1024K, 8 young (8192K), 8 survivors (8192K)
 Metaspace       used 105232K, capacity 106503K, committed 106524K, reserved 1142784K
  class space    used 12894K, capacity 13252K, committed 13260K, reserved 1048576K
}
Event: 682.797 GC heap before
{Heap before GC invocations=45 (full 0):
 garbage-first heap   total 250880K, used 190377K [0x0000000080000000, 0x0000000100000000)
  region size 1024K, 76 young (77824K), 8 survivors (8192K)
 Metaspace       used 109020K, capacity 110476K, committed 110748K, reserved 1146880K
  class space    used 13371K, capacity 13791K, committed 13900K, reserved 1048576K
}
Event: 682.819 GC heap after
{Heap after GC invocations=46 (full 0):
 garbage-first heap   total 250880K, used 125411K [0x0000000080000000, 0x0000000100000000)
  region size 1024K, 5 young (5120K), 5 survivors (5120K)
 Metaspace       used 109020K, capacity 110476K, committed 110748K, reserved 1146880K
  class space    used 13371K, capacity 13791K, committed 13900K, reserved 1048576K
}
Event: 683.117 GC heap before
{Heap before GC invocations=46 (full 0):
 garbage-first heap   total 250880K, used 131555K [0x0000000080000000, 0x0000000100000000)
  region size 1024K, 12 young (12288K), 5 survivors (5120K)
 Metaspace       used 109083K, capacity 110540K, committed 110748K, reserved 1146880K
  class space    used 13379K, capacity 13791K, committed 13900K, reserved 1048576K
}
Event: 683.163 GC heap after
{Heap after GC invocations=47 (full 0):
 garbage-first heap   total 250880K, used 110387K [0x0000000080000000, 0x0000000100000000)
  region size 1024K, 2 young (2048K), 2 survivors (2048K)
 Metaspace       used 109083K, capacity 110540K, committed 110748K, reserved 1146880K
  class space    used 13379K, capacity 13791K, committed 13900K, reserved 1048576K
}
Event: 687.304 GC heap before
{Heap before GC invocations=47 (full 0):
 garbage-first heap   total 250880K, used 169779K [0x0000000080000000, 0x0000000100000000)
  region size 1024K, 58 young (59392K), 2 survivors (2048K)
 Metaspace       used 118189K, capacity 119700K, committed 119964K, reserved 1155072K
  class space    used 14459K, capacity 14900K, committed 14924K, reserved 1048576K
}
Event: 687.315 GC heap after
{Heap after GC invocations=48 (full 0):
 garbage-first heap   total 250880K, used 117053K [0x0000000080000000, 0x0000000100000000)
  region size 1024K, 5 young (5120K), 5 survivors (5120K)
 Metaspace       used 118189K, capacity 119700K, committed 119964K, reserved 1155072K
  class space    used 14459K, capacity 14900K, committed 14924K, reserved 1048576K
}
Event: 689.030 GC heap before
{Heap before GC invocations=49 (full 0):
 garbage-first heap   total 250880K, used 197949K [0x0000000080000000, 0x0000000100000000)
  region size 1024K, 83 young (84992K), 5 survivors (5120K)
 Metaspace       used 124818K, capacity 126338K, committed 126492K, reserved 1161216K
  class space    used 15324K, capacity 15781K, committed 15820K, reserved 1048576K
}
Event: 689.055 GC heap after
{Heap after GC invocations=50 (full 0):
 garbage-first heap   total 250880K, used 123888K [0x0000000080000000, 0x0000000100000000)
  region size 1024K, 11 young (11264K), 11 survivors (11264K)
 Metaspace       used 124818K, capacity 126338K, committed 126492K, reserved 1161216K
  class space    used 15324K, capacity 15781K, committed 15820K, reserved 1048576K
}
Event: 690.682 GC heap before
{Heap before GC invocations=50 (full 0):
 garbage-first heap   total 250880K, used 196592K [0x0000000080000000, 0x0000000100000000)
  region size 1024K, 83 young (84992K), 11 survivors (11264K)
 Metaspace       used 130532K, capacity 132131K, committed 132252K, reserved 1165312K
  class space    used 16143K, capacity 16638K, committed 16716K, reserved 1048576K
}
Event: 690.706 GC heap after
{Heap after GC invocations=51 (full 0):
 garbage-first heap   total 250880K, used 123366K [0x0000000080000000, 0x0000000100000000)
  region size 1024K, 2 young (2048K), 2 survivors (2048K)
 Metaspace       used 130532K, capacity 132131K, committed 132252K, reserved 1165312K
  class space    used 16143K, capacity 16638K, committed 16716K, reserved 1048576K
}
Event: 692.044 GC heap before
{Heap before GC invocations=51 (full 0):
 garbage-first heap   total 250880K, used 167398K [0x0000000080000000, 0x0000000100000000)
  region size 1024K, 47 young (48128K), 2 survivors (2048K)
 Metaspace       used 132312K, capacity 133930K, committed 134172K, reserved 1167360K
  class space    used 16331K, capacity 16831K, committed 16844K, reserved 1048576K
}
Event: 692.056 GC heap after
{Heap after GC invocations=52 (full 0):
 garbage-first heap   total 250880K, used 129675K [0x0000000080000000, 0x0000000100000000)
  region size 1024K, 9 young (9216K), 9 survivors (9216K)
 Metaspace       used 132312K, capacity 133930K, committed 134172K, reserved 1167360K
  class space    used 16331K, capacity 16831K, committed 16844K, reserved 1048576K
}
Event: 692.718 GC heap before
{Heap before GC invocations=53 (full 0):
 garbage-first heap   total 250880K, used 141963K [0x0000000080000000, 0x0000000100000000)
  region size 1024K, 22 young (22528K), 9 survivors (9216K)
 Metaspace       used 132487K, capacity 134122K, committed 134172K, reserved 1167360K
  class space    used 16331K, capacity 16831K, committed 16844K, reserved 1048576K
}
Event: 692.730 GC heap after
{Heap after GC invocations=54 (full 0):
 garbage-first heap   total 250880K, used 128568K [0x0000000080000000, 0x0000000100000000)
  region size 1024K, 3 young (3072K), 3 survivors (3072K)
 Metaspace       used 132487K, capacity 134122K, committed 134172K, reserved 1167360K
  class space    used 16331K, capacity 16831K, committed 16844K, reserved 1048576K
}
Event: 694.312 GC heap before
{Heap before GC invocations=55 (full 0):
 garbage-first heap   total 250880K, used 167480K [0x0000000080000000, 0x0000000100000000)
  region size 1024K, 42 young (43008K), 3 survivors (3072K)
 Metaspace       used 133832K, capacity 135413K, committed 135708K, reserved 1167360K
  class space    used 16557K, capacity 17036K, committed 17100K, reserved 1048576K
}
Event: 694.323 GC heap after
{Heap after GC invocations=56 (full 0):
 garbage-first heap   total 250880K, used 133810K [0x0000000080000000, 0x0000000100000000)
  region size 1024K, 8 young (8192K), 8 survivors (8192K)
 Metaspace       used 133832K, capacity 135413K, committed 135708K, reserved 1167360K
  class space    used 16557K, capacity 17036K, committed 17100K, reserved 1048576K
}

Deoptimization events (20 events):
Event: 694.336 Thread 0x000001a79e79b820 DEOPT PACKING pc=0x000001a782c15153 sp=0x0000005f43efcc30
Event: 694.336 Thread 0x000001a79e79b820 DEOPT UNPACKING pc=0x000001a78004e23f sp=0x0000005f43efc120 mode 0
Event: 694.337 Thread 0x000001a79e79b820 DEOPT PACKING pc=0x000001a782c15153 sp=0x0000005f43efcc30
Event: 694.337 Thread 0x000001a79e79b820 DEOPT UNPACKING pc=0x000001a78004e23f sp=0x0000005f43efc120 mode 0
Event: 694.337 Thread 0x000001a79e79b820 DEOPT PACKING pc=0x000001a782c15153 sp=0x0000005f43efcc30
Event: 694.337 Thread 0x000001a79e79b820 DEOPT UNPACKING pc=0x000001a78004e23f sp=0x0000005f43efc120 mode 0
Event: 694.430 Thread 0x000001a79e79b820 DEOPT PACKING pc=0x000001a782b695be sp=0x0000005f43efd210
Event: 694.430 Thread 0x000001a79e79b820 DEOPT UNPACKING pc=0x000001a78004e23f sp=0x0000005f43efc688 mode 0
Event: 695.160 Thread 0x000001a7972557f0 Uncommon trap: trap_request=0xffffffde fr.pc=0x000001a7881b55b8 relative=0x00000000000008f8
Event: 695.160 Thread 0x000001a7972557f0 Uncommon trap: reason=class_check action=maybe_recompile pc=0x000001a7881b55b8 method=org.gradle.internal.snapshot.ChildMap$Entry.handleAncestorDescendantOrExactMatch(Lorg/gradle/internal/snapshot/VfsRelativePath;Lorg/gradle/internal/snapshot/CaseSensitiv
Event: 695.160 Thread 0x000001a7972557f0 DEOPT PACKING pc=0x000001a7881b55b8 sp=0x0000005f42afcb10
Event: 695.160 Thread 0x000001a7972557f0 DEOPT UNPACKING pc=0x000001a78004e42f sp=0x0000005f42afcae0 mode 2
Event: 695.160 Thread 0x000001a7972557f0 Uncommon trap: trap_request=0xffffffde fr.pc=0x000001a7881b55b8 relative=0x00000000000008f8
Event: 695.160 Thread 0x000001a7972557f0 Uncommon trap: reason=class_check action=maybe_recompile pc=0x000001a7881b55b8 method=org.gradle.internal.snapshot.ChildMap$Entry.handleAncestorDescendantOrExactMatch(Lorg/gradle/internal/snapshot/VfsRelativePath;Lorg/gradle/internal/snapshot/CaseSensitiv
Event: 695.160 Thread 0x000001a7972557f0 DEOPT PACKING pc=0x000001a7881b55b8 sp=0x0000005f42afcb10
Event: 695.160 Thread 0x000001a7972557f0 DEOPT UNPACKING pc=0x000001a78004e42f sp=0x0000005f42afcae0 mode 2
Event: 695.317 Thread 0x000001a7972557f0 Uncommon trap: trap_request=0xffffffc6 fr.pc=0x000001a7882d8118 relative=0x0000000000002638
Event: 695.317 Thread 0x000001a7972557f0 Uncommon trap: reason=bimorphic_or_optimized_type_check action=maybe_recompile pc=0x000001a7882d8118 method=org.gradle.internal.fingerprint.impl.DefaultCurrentFileCollectionFingerprint.from(Lorg/gradle/internal/snapshot/FileSystemSnapshot;Lorg/gradle/inte
Event: 695.317 Thread 0x000001a7972557f0 DEOPT PACKING pc=0x000001a7882d8118 sp=0x0000005f42afd3e0
Event: 695.317 Thread 0x000001a7972557f0 DEOPT UNPACKING pc=0x000001a78004e42f sp=0x0000005f42afd418 mode 2

Classes unloaded (5 events):
Event: 27.216 Thread 0x000001a7ffb9c510 Unloading class 0x00000008015c8440 'java/lang/invoke/LambdaForm$DMH+0x00000008015c8440'
Event: 27.216 Thread 0x000001a7ffb9c510 Unloading class 0x00000008015c8040 'java/lang/invoke/LambdaForm$DMH+0x00000008015c8040'
Event: 645.739 Thread 0x000001a7ffb9c510 Unloading class 0x00000008015cd440 'jdk/internal/reflect/GeneratedMethodAccessor30'
Event: 694.682 Thread 0x000001a7ffb9c510 Unloading class 0x0000000801a4e440 'java/lang/invoke/LambdaForm$DMH+0x0000000801a4e440'
Event: 694.682 Thread 0x000001a7ffb9c510 Unloading class 0x0000000801a4e840 'java/lang/invoke/LambdaForm$DMH+0x0000000801a4e840'

Classes redefined (0 events):
No events

Internal exceptions (20 events):
Event: 693.188 Thread 0x000001a797255cc0 Exception <a 'sun/nio/fs/WindowsException'{0x000000008f37fc50}> (0x000000008f37fc50) 
thrown [./open/src/hotspot/share/prims/jni.cpp, line 578]
Event: 693.191 Thread 0x000001a797255cc0 Exception <a 'sun/nio/fs/WindowsException'{0x000000008f38eee0}> (0x000000008f38eee0) 
thrown [./open/src/hotspot/share/prims/jni.cpp, line 578]
Event: 693.195 Thread 0x000001a797255cc0 Exception <a 'sun/nio/fs/WindowsException'{0x000000008f2c3620}> (0x000000008f2c3620) 
thrown [./open/src/hotspot/share/prims/jni.cpp, line 578]
Event: 693.234 Thread 0x000001a797250fc0 Exception <a 'sun/nio/fs/WindowsException'{0x000000008f3161f8}> (0x000000008f3161f8) 
thrown [./open/src/hotspot/share/prims/jni.cpp, line 578]
Event: 693.249 Thread 0x000001a797250fc0 Exception <a 'sun/nio/fs/WindowsException'{0x000000008f3243b8}> (0x000000008f3243b8) 
thrown [./open/src/hotspot/share/prims/jni.cpp, line 578]
Event: 693.261 Thread 0x000001a797250fc0 Exception <a 'sun/nio/fs/WindowsException'{0x000000008f1c8358}> (0x000000008f1c8358) 
thrown [./open/src/hotspot/share/prims/jni.cpp, line 578]
Event: 693.264 Thread 0x000001a797250fc0 Exception <a 'sun/nio/fs/WindowsException'{0x000000008f1d22c0}> (0x000000008f1d22c0) 
thrown [./open/src/hotspot/share/prims/jni.cpp, line 578]
Event: 693.512 Thread 0x000001a79e79b820 Exception <a 'sun/nio/fs/WindowsException'{0x000000008ecdce00}> (0x000000008ecdce00) 
thrown [./open/src/hotspot/share/prims/jni.cpp, line 578]
Event: 693.516 Thread 0x000001a797255cc0 Exception <a 'sun/nio/fs/WindowsException'{0x000000008f2d8190}> (0x000000008f2d8190) 
thrown [./open/src/hotspot/share/prims/jni.cpp, line 578]
Event: 693.582 Thread 0x000001a797250fc0 Exception <a 'sun/nio/fs/WindowsException'{0x000000008eacb420}> (0x000000008eacb420) 
thrown [./open/src/hotspot/share/prims/jni.cpp, line 578]
Event: 693.783 Thread 0x000001a79a8185e0 Exception <a 'sun/nio/fs/WindowsException'{0x000000008db3ffe0}> (0x000000008db3ffe0) 
thrown [./open/src/hotspot/share/prims/jni.cpp, line 578]
Event: 693.787 Thread 0x000001a79e79b820 Exception <a 'java/lang/NoSuchMethodError'{0x000000008dc58308}: 'long java.lang.invoke.DirectMethodHandle$Holder.invokeStatic(java.lang.Object, java.lang.Object, java.lang.Object)'> (0x000000008dc58308) 
thrown [./open/src/hotspot/share/interpreter/linkResolver.cpp, line 782]
Event: 693.805 Thread 0x000001a797255cc0 Exception <a 'sun/nio/fs/WindowsException'{0x000000008dbef370}> (0x000000008dbef370) 
thrown [./open/src/hotspot/share/prims/jni.cpp, line 578]
Event: 693.813 Thread 0x000001a79a8185e0 Exception <a 'sun/nio/fs/WindowsException'{0x000000008d90bdf0}> (0x000000008d90bdf0) 
thrown [./open/src/hotspot/share/prims/jni.cpp, line 578]
Event: 693.837 Thread 0x000001a797250fc0 Exception <a 'sun/nio/fs/WindowsException'{0x000000008d8ef808}> (0x000000008d8ef808) 
thrown [./open/src/hotspot/share/prims/jni.cpp, line 578]
Event: 693.925 Thread 0x000001a79a8185e0 Exception <a 'sun/nio/fs/WindowsException'{0x000000008d48c868}> (0x000000008d48c868) 
thrown [./open/src/hotspot/share/prims/jni.cpp, line 578]
Event: 693.930 Thread 0x000001a797255cc0 Exception <a 'sun/nio/fs/WindowsException'{0x000000008d4654d0}> (0x000000008d4654d0) 
thrown [./open/src/hotspot/share/prims/jni.cpp, line 578]
Event: 694.004 Thread 0x000001a79a8185e0 Exception <a 'sun/nio/fs/WindowsException'{0x000000008d098f78}> (0x000000008d098f78) 
thrown [./open/src/hotspot/share/prims/jni.cpp, line 578]
Event: 694.105 Thread 0x000001a797255cc0 Exception <a 'sun/nio/fs/WindowsException'{0x000000008cfcec60}> (0x000000008cfcec60) 
thrown [./open/src/hotspot/share/prims/jni.cpp, line 578]
Event: 694.431 Thread 0x000001a79e79b820 Exception <a 'sun/nio/fs/WindowsException'{0x000000008f4ec0a0}> (0x000000008f4ec0a0) 
thrown [./open/src/hotspot/share/prims/jni.cpp, line 578]

Events (20 events):
Event: 693.788 loading class java/util/AbstractList$SubList$1
Event: 693.788 loading class java/util/AbstractList$SubList$1 done
Event: 693.797 Executing VM operation: ICBufferFull
Event: 693.797 Executing VM operation: ICBufferFull done
Event: 693.797 Executing VM operation: HandshakeAllThreads
Event: 693.798 Executing VM operation: HandshakeAllThreads done
Event: 693.934 Executing VM operation: ICBufferFull
Event: 693.948 Executing VM operation: ICBufferFull done
Event: 693.948 Executing VM operation: HandshakeAllThreads
Event: 693.948 Executing VM operation: HandshakeAllThreads done
Event: 694.062 Executing VM operation: ICBufferFull
Event: 694.093 Executing VM operation: ICBufferFull done
Event: 694.312 Executing VM operation: G1TryInitiateConcMark
Event: 694.323 Executing VM operation: G1TryInitiateConcMark done
Event: 694.681 Executing VM operation: G1Concurrent
Event: 694.907 Executing VM operation: G1Concurrent done
Event: 695.259 loading class com/sun/org/apache/xerces/internal/util/URI
Event: 695.260 loading class com/sun/org/apache/xerces/internal/util/URI done
Event: 695.389 Executing VM operation: G1Concurrent
Event: 695.392 Executing VM operation: G1Concurrent done


Dynamic libraries:
0x00007ff79a900000 - 0x00007ff79a90d000 	C:\Program Files (x86)\Java\openjdk-15.0.2_windows-x64_bin\jdk-15.0.2\bin\java.exe
0x00007fffd15b0000 - 0x00007fffd17a8000 	C:\Windows\SYSTEM32\ntdll.dll
0x00007fffd08b0000 - 0x00007fffd096f000 	C:\Windows\System32\KERNEL32.DLL
0x00007fffcf310000 - 0x00007fffcf5e2000 	C:\Windows\System32\KERNELBASE.dll
0x00007fffcf180000 - 0x00007fffcf280000 	C:\Windows\System32\ucrtbase.dll
0x00007fffc4bc0000 - 0x00007fffc4bd9000 	C:\Program Files (x86)\Java\openjdk-15.0.2_windows-x64_bin\jdk-15.0.2\bin\VCRUNTIME140.dll
0x00007fffc79d0000 - 0x00007fffc79e8000 	C:\Program Files (x86)\Java\openjdk-15.0.2_windows-x64_bin\jdk-15.0.2\bin\jli.dll
0x00007fffd0a10000 - 0x00007fffd0bb1000 	C:\Windows\System32\USER32.dll
0x00007fffcf0b0000 - 0x00007fffcf0d2000 	C:\Windows\System32\win32u.dll
0x00007fffd0f60000 - 0x00007fffd0f8b000 	C:\Windows\System32\GDI32.dll
0x00007fffceca0000 - 0x00007fffcedaf000 	C:\Windows\System32\gdi32full.dll
0x00007fffcf0e0000 - 0x00007fffcf17d000 	C:\Windows\System32\msvcp_win.dll
0x00007fffb9ae0000 - 0x00007fffb9d7a000 	C:\Windows\WinSxS\amd64_microsoft.windows.common-controls_6595b64144ccf1df_6.0.19041.1110_none_60b5254171f9507e\COMCTL32.dll
0x00007fffd0970000 - 0x00007fffd0a0e000 	C:\Windows\System32\msvcrt.dll
0x00007fffcfbb0000 - 0x00007fffcfbe2000 	C:\Windows\System32\IMM32.DLL
0x00007fffcafd0000 - 0x00007fffcafdc000 	C:\Program Files (x86)\Java\openjdk-15.0.2_windows-x64_bin\jdk-15.0.2\bin\vcruntime140_1.dll
0x00007fffa99d0000 - 0x00007fffa9a61000 	C:\Program Files (x86)\Java\openjdk-15.0.2_windows-x64_bin\jdk-15.0.2\bin\msvcp140.dll
0x00007fff890f0000 - 0x00007fff89c4e000 	C:\Program Files (x86)\Java\openjdk-15.0.2_windows-x64_bin\jdk-15.0.2\bin\server\jvm.dll
0x00007fffd05f0000 - 0x00007fffd069e000 	C:\Windows\System32\ADVAPI32.dll
0x00007fffcfd20000 - 0x00007fffcfdbc000 	C:\Windows\System32\sechost.dll
0x00007fffd0c50000 - 0x00007fffd0d75000 	C:\Windows\System32\RPCRT4.dll
0x00007fffcfa60000 - 0x00007fffcfa68000 	C:\Windows\System32\PSAPI.DLL
0x00007fffb79d0000 - 0x00007fffb79f7000 	C:\Windows\SYSTEM32\WINMM.dll
0x00007fffc6890000 - 0x00007fffc689a000 	C:\Windows\SYSTEM32\VERSION.dll
0x00007fffc09a0000 - 0x00007fffc09a9000 	C:\Windows\SYSTEM32\WSOCK32.dll
0x00007fffd0d80000 - 0x00007fffd0deb000 	C:\Windows\System32\ws2_32.DLL
0x00007fffcd4b0000 - 0x00007fffcd4c2000 	C:\Windows\SYSTEM32\kernel.appcore.dll
0x00007fffc92b0000 - 0x00007fffc92ba000 	C:\Program Files (x86)\Java\openjdk-15.0.2_windows-x64_bin\jdk-15.0.2\bin\jimage.dll
0x00007fffcc9d0000 - 0x00007fffccbb4000 	C:\Windows\SYSTEM32\DBGHELP.DLL
0x00007fffc5c40000 - 0x00007fffc5c75000 	C:\Windows\SYSTEM32\dbgcore.DLL
0x00007fffcf280000 - 0x00007fffcf302000 	C:\Windows\System32\bcryptPrimitives.dll
0x00007fffb3580000 - 0x00007fffb35a5000 	C:\Program Files (x86)\Java\openjdk-15.0.2_windows-x64_bin\jdk-15.0.2\bin\java.dll
0x00007fffcfea0000 - 0x00007fffd05e4000 	C:\Windows\System32\SHELL32.dll
0x00007fffccd00000 - 0x00007fffcd492000 	C:\Windows\SYSTEM32\windows.storage.dll
0x00007fffd1210000 - 0x00007fffd1565000 	C:\Windows\System32\combase.dll
0x00007fffce620000 - 0x00007fffce650000 	C:\Windows\SYSTEM32\Wldp.dll
0x00007fffcfc70000 - 0x00007fffcfd1d000 	C:\Windows\System32\SHCORE.dll
0x00007fffcfbf0000 - 0x00007fffcfc45000 	C:\Windows\System32\shlwapi.dll
0x00007fffcebe0000 - 0x00007fffcebff000 	C:\Windows\SYSTEM32\profapi.dll
0x00007fffc4a30000 - 0x00007fffc4a49000 	C:\Program Files (x86)\Java\openjdk-15.0.2_windows-x64_bin\jdk-15.0.2\bin\net.dll
0x00007fffc5a70000 - 0x00007fffc5b7c000 	C:\Windows\SYSTEM32\WINHTTP.dll
0x00007fffce400000 - 0x00007fffce46a000 	C:\Windows\system32\mswsock.dll
0x00007fffc4660000 - 0x00007fffc4672000 	C:\Program Files (x86)\Java\openjdk-15.0.2_windows-x64_bin\jdk-15.0.2\bin\nio.dll
0x00007fffc3300000 - 0x00007fffc3318000 	C:\Program Files (x86)\Java\openjdk-15.0.2_windows-x64_bin\jdk-15.0.2\bin\zip.dll
0x00007fffc9170000 - 0x00007fffc9180000 	C:\Program Files (x86)\Java\openjdk-15.0.2_windows-x64_bin\jdk-15.0.2\bin\verify.dll
0x00007fffb2420000 - 0x00007fffb2447000 	C:\Users\user\.gradle\native\e1d6ef7f7dcc3fd88c89a11ec53ec762bb8ba0a96d01ffa2cd45eb1d1d8dd5c5\windows-amd64\native-platform.dll
0x00007fff98980000 - 0x00007fff98ac4000 	C:\Users\user\.gradle\native\0d407fdbe67a94daf76414ababcb853783967236a71b16ec16e742cd7a986fd3\windows-amd64\native-platform-file-events.dll
0x00007fffc90f0000 - 0x00007fffc90f9000 	C:\Program Files (x86)\Java\openjdk-15.0.2_windows-x64_bin\jdk-15.0.2\bin\management.dll
0x00007fffc9080000 - 0x00007fffc908b000 	C:\Program Files (x86)\Java\openjdk-15.0.2_windows-x64_bin\jdk-15.0.2\bin\management_ext.dll
0x00007fffce660000 - 0x00007fffce678000 	C:\Windows\SYSTEM32\CRYPTSP.dll
0x00007fffcdcd0000 - 0x00007fffcdd04000 	C:\Windows\system32\rsaenh.dll
0x00007fffcef10000 - 0x00007fffcef37000 	C:\Windows\System32\bcrypt.dll
0x00007fffceba0000 - 0x00007fffcebce000 	C:\Windows\SYSTEM32\USERENV.dll
0x00007fffce590000 - 0x00007fffce59c000 	C:\Windows\SYSTEM32\CRYPTBASE.dll
0x00007fffce0c0000 - 0x00007fffce0fb000 	C:\Windows\SYSTEM32\IPHLPAPI.DLL
0x00007fffcfa70000 - 0x00007fffcfa78000 	C:\Windows\System32\NSI.dll
0x00007fffc5470000 - 0x00007fffc5487000 	C:\Windows\SYSTEM32\dhcpcsvc6.DLL
0x00007fffc5f40000 - 0x00007fffc5f5d000 	C:\Windows\SYSTEM32\dhcpcsvc.DLL
0x00007fffce100000 - 0x00007fffce1ca000 	C:\Windows\SYSTEM32\DNSAPI.dll
0x00007fffc8a30000 - 0x00007fffc8a4e000 	C:\Users\user\AppData\Local\Temp\native-platform10859104926273496315dir\native-platform.dll
0x00007fffc8940000 - 0x00007fffc8947000 	C:\Program Files (x86)\Java\openjdk-15.0.2_windows-x64_bin\jdk-15.0.2\bin\rmi.dll
0x00007fffb8470000 - 0x00007fffb8487000 	C:\Windows\system32\napinsp.dll
0x00007fffb8450000 - 0x00007fffb846b000 	C:\Windows\system32\pnrpnsp.dll
0x00007fffc9510000 - 0x00007fffc9525000 	C:\Windows\system32\wshbth.dll
0x00007fffc7020000 - 0x00007fffc703d000 	C:\Windows\system32\NLAapi.dll
0x00007fffb8430000 - 0x00007fffb8442000 	C:\Windows\System32\winrnr.dll
0x00007fffc6870000 - 0x00007fffc687a000 	C:\Windows\System32\rasadhlp.dll
0x00007fffc3c00000 - 0x00007fffc3c80000 	C:\Windows\System32\fwpuclnt.dll

dbghelp: loaded successfully - version: 4.0.5 - missing functions: none
symbol engine: initialized successfully - sym options: 0x614 - pdb path: .;C:\Program Files (x86)\Java\openjdk-15.0.2_windows-x64_bin\jdk-15.0.2\bin;C:\Windows\SYSTEM32;C:\Windows\WinSxS\amd64_microsoft.windows.common-controls_6595b64144ccf1df_6.0.19041.1110_none_60b5254171f9507e;C:\Program Files (x86)\Java\openjdk-15.0.2_windows-x64_bin\jdk-15.0.2\bin\server;C:\Users\user\.gradle\native\e1d6ef7f7dcc3fd88c89a11ec53ec762bb8ba0a96d01ffa2cd45eb1d1d8dd5c5\windows-amd64;C:\Users\user\.gradle\native\0d407fdbe67a94daf76414ababcb853783967236a71b16ec16e742cd7a986fd3\windows-amd64;C:\Users\user\AppData\Local\Temp\native-platform10859104926273496315dir

VM Arguments:
jvm_args: --add-opens=java.base/java.util=ALL-UNNAMED --add-opens=java.base/java.lang=ALL-UNNAMED --add-opens=java.base/java.lang.invoke=ALL-UNNAMED --add-opens=java.base/java.util=ALL-UNNAMED --add-opens=java.prefs/java.util.prefs=ALL-UNNAMED --add-opens=java.prefs/java.util.prefs=ALL-UNNAMED --add-opens=java.base/java.nio.charset=ALL-UNNAMED --add-opens=java.base/java.net=ALL-UNNAMED --add-opens=java.base/java.util.concurrent.atomic=ALL-UNNAMED -Xmx2048m -Dfile.encoding=UTF-8 -Duser.country=KR -Duser.language=ko -Duser.variant 
java_command: org.gradle.launcher.daemon.bootstrap.GradleDaemon 7.4
java_class_path (initial): C:\Users\user\.gradle\wrapper\dists\gradle-7.4-bin\c0gwcg53nkjbqw7r0h0umtfvt\gradle-7.4\lib\gradle-launcher-7.4.jar
Launcher Type: SUN_STANDARD

[Global flags]
     intx CICompilerCount                          = 3                                         {product} {ergonomic}
     uint ConcGCThreads                            = 1                                         {product} {ergonomic}
     uint G1ConcRefinementThreads                  = 4                                         {product} {ergonomic}
   size_t G1HeapRegionSize                         = 1048576                                   {product} {ergonomic}
    uintx GCDrainStackTargetSize                   = 64                                        {product} {ergonomic}
   size_t InitialHeapSize                          = 134217728                                 {product} {ergonomic}
   size_t MarkStackSize                            = 4194304                                   {product} {ergonomic}
   size_t MaxHeapSize                              = 2147483648                                {product} {command line}
   size_t MaxNewSize                               = 1287651328                                {product} {ergonomic}
   size_t MinHeapDeltaBytes                        = 1048576                                   {product} {ergonomic}
   size_t MinHeapSize                              = 8388608                                   {product} {ergonomic}
    uintx NonNMethodCodeHeapSize                   = 5832780                                {pd product} {ergonomic}
    uintx NonProfiledCodeHeapSize                  = 122912730                              {pd product} {ergonomic}
    uintx ProfiledCodeHeapSize                     = 122912730                              {pd product} {ergonomic}
    uintx ReservedCodeCacheSize                    = 251658240                              {pd product} {ergonomic}
     bool SegmentedCodeCache                       = true                                      {product} {ergonomic}
   size_t SoftMaxHeapSize                          = 2147483648                             {manageable} {ergonomic}
     bool UseCompressedClassPointers               = true                                 {lp64_product} {ergonomic}
     bool UseCompressedOops                        = true                                 {lp64_product} {ergonomic}
     bool UseG1GC                                  = true                                      {product} {ergonomic}
     bool UseLargePagesIndividualAllocation        = false                                  {pd product} {ergonomic}

Logging:
Log output configuration:
 #0: stdout all=warning uptime,level,tags
 #1: stderr all=off uptime,level,tags

Environment Variables:
JAVA_HOME=C:\Program Files (x86)\Java\openjdk-15.0.2_windows-x64_bin\jdk-15.0.2
CLASSPATH=C:\Program Files (x86)\Java\openjdk-15.0.2_windows-x64_bin\jdk-15.0.2\lib;.
PATH=C:\Program Files (x86)\Java\openjdk-15.0.2_windows-x64_bin\jdk-15.0.2\bin;C:\Program Files\Zulu\zulu-8\bin\;"C:\Program Files\Common Files\Oracle\Java\javapath;.";C:\Windows\system32;C:\Windows;C:\Windows\System32\Wbem;C:\Windows\System32\WindowsPowerShell\v1.0\;C:\Windows\System32\OpenSSH\;C:\Program Files\Git\cmd;C:\Program Files\MySQL\MySQL Shell 8.0\bin\;C:\Users\user\anaconda3;C:\Users\user\anaconda3\Library\mingw-w64\bin;C:\Users\user\anaconda3\Library\usr\bin;C:\Users\user\anaconda3\Library\bin;C:\Users\user\anaconda3\Scripts;C:\Users\user\AppData\Local\Programs\Python\Python39\Scripts\;C:\Users\user\AppData\Local\Programs\Python\Python39\;C:\Users\user\AppData\Local\Microsoft\WindowsApps;C:\Program Files\JetBrains\PyCharm 2021.2.2\bin;C:\Program Files\Graphviz\bin;C:\venvs;C:\Users\user\AppData\Local\GitHubDesktop\bin;C:\ProgramData\user\gitkraken\bin;C:\Users\user\AppData\Local\Programs\Microsoft VS Code\bin
USERNAME=user
OS=Windows_NT
PROCESSOR_IDENTIFIER=Intel64 Family 6 Model 142 Stepping 9, GenuineIntel



---------------  S Y S T E M  ---------------

OS:
 Windows 10 , 64 bit Build 19041 (10.0.19041.2364)
OS uptime: 5 days 22:33 hours
HyperV virtualization detected

CPU: total 4 (initial active 4) (2 cores per cpu, 2 threads per core) family 6 model 142 stepping 9 microcode 0xb4, cmov, cx8, fxsr, mmx, sse, sse2, sse3, ssse3, sse4.1, sse4.2, popcnt, vzeroupper, avx, avx2, aes, clmul, erms, 3dnowpref, lzcnt, ht, tsc, tscinvbit, bmi1, bmi2, adx, fma, clflush, clflushopt

Memory: 4k page, system-wide physical 8075M (310M free)
TotalPageFile size 17075M (AvailPageFile size 5M)
current process WorkingSet (physical memory assigned to process): 410M, peak: 501M
current process commit charge ("private bytes"): 622M, peak: 624M

vm_info: OpenJDK 64-Bit Server VM (15.0.2+7-27) for windows-amd64 JRE (15.0.2+7-27), built on Dec  7 2020 20:02:38 by "mach5one" with unknown MS VC++:1925

END.
