#
# There is insufficient memory for the Java Runtime Environment to continue.
# Native memory allocation (malloc) failed to allocate 1191856 bytes for Chunk::new
# Possible reasons:
#   The system is out of physical RAM or swap space
#   The process is running with CompressedOops enabled, and the Java Heap may be blocking the growth of the native heap
# Possible solutions:
#   Reduce memory load on the system
#   Increase physical memory or swap space
#   Check if swap backing store is full
#   Decrease Java heap size (-Xmx/-Xms)
#   Decrease number of Java threads
#   Decrease Java thread stack sizes (-Xss)
#   Set larger code cache with -XX:ReservedCodeCacheSize=
#   JVM is running with Unscaled Compressed Oops mode in which the Java heap is
#     placed in the first 4GB address space. The Java Heap base address is the
#     maximum limit for the native heap growth. Please use -XX:HeapBaseMinAddress
#     to set the Java Heap base and to place the Java Heap above 4GB virtual address.
# This output file may be truncated or incomplete.
#
#  Out of Memory Error (./open/src/hotspot/share/memory/arena.cpp:195), pid=16132, tid=14164
#
# JRE version: OpenJDK Runtime Environment (15.0.2+7) (build 15.0.2+7-27)
# Java VM: OpenJDK 64-Bit Server VM (15.0.2+7-27, mixed mode, sharing, tiered, compressed oops, g1 gc, windows-amd64)
# No core dump will be written. Minidumps are not enabled by default on client versions of Windows
#

---------------  S U M M A R Y ------------

Command Line: --add-opens=java.base/java.util=ALL-UNNAMED --add-opens=java.base/java.lang=ALL-UNNAMED --add-opens=java.base/java.lang.invoke=ALL-UNNAMED --add-opens=java.base/java.util=ALL-UNNAMED --add-opens=java.prefs/java.util.prefs=ALL-UNNAMED --add-opens=java.prefs/java.util.prefs=ALL-UNNAMED --add-opens=java.base/java.nio.charset=ALL-UNNAMED --add-opens=java.base/java.net=ALL-UNNAMED --add-opens=java.base/java.util.concurrent.atomic=ALL-UNNAMED -Xmx2048m -Dfile.encoding=UTF-8 -Duser.country=KR -Duser.language=ko -Duser.variant org.gradle.launcher.daemon.bootstrap.GradleDaemon 7.4

Host: Intel(R) Core(TM) i7-7500U CPU @ 2.70GHz, 4 cores, 7G,  Windows 10 , 64 bit Build 19041 (10.0.19041.2364)
Time: Thu Dec 22 22:22:22 2022 대한민국 표준시 elapsed time: 28.902966 seconds (0d 0h 0m 28s)

---------------  T H R E A D  ---------------

Current thread (0x00000243b2b035a0):  JavaThread "C2 CompilerThread0" daemon [_thread_in_native, id=14164, stack(0x000000c3f2400000,0x000000c3f2500000)]


Current CompileTask:
C2:  28903 8501 %     4       org.gradle.internal.instantiation.generator.AbstractClassGenerator::inspectType @ 77 (560 bytes)

Stack: [0x000000c3f2400000,0x000000c3f2500000]
Native frames: (J=compiled Java code, j=interpreted, Vv=VM code, C=native code)
V  [jvm.dll+0x62ae9a]
V  [jvm.dll+0x7817a9]
V  [jvm.dll+0x782f03]
V  [jvm.dll+0x783563]
V  [jvm.dll+0x216325]
V  [jvm.dll+0x97f3a]
V  [jvm.dll+0x9861c]
V  [jvm.dll+0x279f9f]
V  [jvm.dll+0x540794]
V  [jvm.dll+0x1f2cd4]
V  [jvm.dll+0x1ec348]
V  [jvm.dll+0x1e9867]
V  [jvm.dll+0x178567]
V  [jvm.dll+0x1f9225]
V  [jvm.dll+0x1f72cc]
V  [jvm.dll+0x74495d]
V  [jvm.dll+0x73d75a]
V  [jvm.dll+0x629c56]
C  [ucrtbase.dll+0x21bb2]
C  [KERNEL32.DLL+0x17614]
C  [ntdll.dll+0x526a1]


---------------  P R O C E S S  ---------------

Threads class SMR info:
_java_thread_list=0x00000243b3b049f0, length=80, elements={
0x0000024392868b60, 0x00000243b2adb170, 0x00000243b2adbc50, 0x00000243b2afd2f0,
0x00000243b2afdfc0, 0x00000243b2afe980, 0x00000243b2b035a0, 0x00000243b2b086d0,
0x00000243b3412f90, 0x00000243b34bc840, 0x00000243b34d9d10, 0x00000243b5196a90,
0x00000243b47e6470, 0x00000243b51e4a90, 0x00000243b51e4f60, 0x00000243b3604480,
0x00000243b44e74d0, 0x00000243b5231d30, 0x00000243b3b98000, 0x00000243b4d97e40,
0x00000243b47435d0, 0x00000243b4744440, 0x00000243b4743100, 0x00000243b4744910,
0x00000243b4743f70, 0x00000243b6d3d510, 0x00000243b6d3b830, 0x00000243b6d3f6c0,
0x00000243b6d3e850, 0x00000243b6d3d9e0, 0x00000243b6d3ed20, 0x00000243b6d3e380,
0x00000243b6d413a0, 0x00000243b6d41870, 0x00000243b6d40060, 0x00000243b6d3f1f0,
0x00000243b6d3c6a0, 0x00000243b6d40a00, 0x00000243b6d3fb90, 0x00000243b6d40ed0,
0x00000243b6d41d40, 0x00000243b6d3a4f0, 0x00000243b6d3a9c0, 0x00000243b6d3ae90,
0x00000243b58ad0f0, 0x00000243b58b0110, 0x00000243b58ac750, 0x00000243b58ae900,
0x00000243b58b1450, 0x00000243b58afc40, 0x00000243b58ae430, 0x00000243b58b2790,
0x00000243b58acc20, 0x00000243b58b3130, 0x00000243b58ab8e0, 0x00000243b58af2a0,
0x00000243b58ad5c0, 0x00000243b58ada90, 0x00000243b58b05e0, 0x00000243b58b0f80,
0x00000243b58adf60, 0x00000243b58aedd0, 0x00000243b58b2c60, 0x00000243b58af770,
0x00000243b58b1920, 0x00000243b58b0ab0, 0x00000243b58b1df0, 0x00000243b58b22c0,
0x00000243b58abdb0, 0x00000243b58ac280, 0x00000243b8d6afe0, 0x00000243b8d6b4b0,
0x00000243b8d6b980, 0x00000243b8d662e0, 0x00000243b8d69ca0, 0x00000243b8d67fc0,
0x00000243b8d6be50, 0x00000243b8d6c320, 0x00000243b8d667b0, 0x00000243b8d6a170
}

Java Threads: ( => current thread )
  0x0000024392868b60 JavaThread "main" [_thread_blocked, id=24808, stack(0x000000c3f1800000,0x000000c3f1900000)]
  0x00000243b2adb170 JavaThread "Reference Handler" daemon [_thread_blocked, id=8796, stack(0x000000c3f1f00000,0x000000c3f2000000)]
  0x00000243b2adbc50 JavaThread "Finalizer" daemon [_thread_blocked, id=10164, stack(0x000000c3f2000000,0x000000c3f2100000)]
  0x00000243b2afd2f0 JavaThread "Signal Dispatcher" daemon [_thread_blocked, id=26608, stack(0x000000c3f2100000,0x000000c3f2200000)]
  0x00000243b2afdfc0 JavaThread "Attach Listener" daemon [_thread_blocked, id=27488, stack(0x000000c3f2200000,0x000000c3f2300000)]
  0x00000243b2afe980 JavaThread "Service Thread" daemon [_thread_blocked, id=9340, stack(0x000000c3f2300000,0x000000c3f2400000)]
=>0x00000243b2b035a0 JavaThread "C2 CompilerThread0" daemon [_thread_in_native, id=14164, stack(0x000000c3f2400000,0x000000c3f2500000)]
  0x00000243b2b086d0 JavaThread "C1 CompilerThread0" daemon [_thread_blocked, id=17688, stack(0x000000c3f2500000,0x000000c3f2600000)]
  0x00000243b3412f90 JavaThread "Sweeper thread" daemon [_thread_blocked, id=13068, stack(0x000000c3f2600000,0x000000c3f2700000)]
  0x00000243b34bc840 JavaThread "Common-Cleaner" daemon [_thread_blocked, id=27136, stack(0x000000c3f2700000,0x000000c3f2800000)]
  0x00000243b34d9d10 JavaThread "Notification Thread" daemon [_thread_blocked, id=29312, stack(0x000000c3f2800000,0x000000c3f2900000)]
  0x00000243b5196a90 JavaThread "Daemon health stats" [_thread_blocked, id=24208, stack(0x000000c3f2a00000,0x000000c3f2b00000)]
  0x00000243b47e6470 JavaThread "Incoming local TCP Connector on port 7841" [_thread_in_native, id=26576, stack(0x000000c3f2d00000,0x000000c3f2e00000)]
  0x00000243b51e4a90 JavaThread "Daemon periodic checks" [_thread_blocked, id=25660, stack(0x000000c3f2e00000,0x000000c3f2f00000)]
  0x00000243b51e4f60 JavaThread "Daemon" [_thread_blocked, id=29160, stack(0x000000c3f2f00000,0x000000c3f3000000)]
  0x00000243b3604480 JavaThread "Handler for socket connection from /127.0.0.1:7841 to /127.0.0.1:7842" [_thread_in_native, id=24624, stack(0x000000c3f3000000,0x000000c3f3100000)]
  0x00000243b44e74d0 JavaThread "Cancel handler" [_thread_blocked, id=21732, stack(0x000000c3f3100000,0x000000c3f3200000)]
  0x00000243b5231d30 JavaThread "Daemon worker" [_thread_in_native, id=28168, stack(0x000000c3f3200000,0x000000c3f3300000)]
  0x00000243b3b98000 JavaThread "Asynchronous log dispatcher for DefaultDaemonConnection: socket connection from /127.0.0.1:7841 to /127.0.0.1:7842" [_thread_blocked, id=11796, stack(0x000000c3f3300000,0x000000c3f3400000)]
  0x00000243b4d97e40 JavaThread "Stdin handler" [_thread_blocked, id=18676, stack(0x000000c3f3400000,0x000000c3f3500000)]
  0x00000243b47435d0 JavaThread "Daemon client event forwarder" [_thread_blocked, id=5984, stack(0x000000c3f3500000,0x000000c3f3600000)]
  0x00000243b4744440 JavaThread "Cache worker for journal cache (C:\Users\user\.gradle\caches\journal-1)" [_thread_blocked, id=21636, stack(0x000000c3f3600000,0x000000c3f3700000)]
  0x00000243b4743100 JavaThread "File lock request listener" [_thread_in_native, id=12376, stack(0x000000c3f3700000,0x000000c3f3800000)]
  0x00000243b4744910 JavaThread "Cache worker for file hash cache (C:\Users\user\.gradle\caches\7.4\fileHashes)" [_thread_blocked, id=8916, stack(0x000000c3f3800000,0x000000c3f3900000)]
  0x00000243b4743f70 JavaThread "File watcher server" daemon [_thread_in_native, id=26536, stack(0x000000c3f3a00000,0x000000c3f3b00000)]
  0x00000243b6d3d510 JavaThread "File watcher consumer" daemon [_thread_blocked, id=27856, stack(0x000000c3f3b00000,0x000000c3f3c00000)]
  0x00000243b6d3b830 JavaThread "Cache worker for checksums cache (C:\Users\user\Desktop\Daangn\UMC-3rd-Daangn-Android\Android_Template\.gradle\7.4\checksums)" [_thread_blocked, id=12904, stack(0x000000c3f3c00000,0x000000c3f3d00000)]
  0x00000243b6d3f6c0 JavaThread "Cache worker for cache directory md-rule (C:\Users\user\.gradle\caches\7.4\md-rule)" [_thread_blocked, id=23272, stack(0x000000c3f3d00000,0x000000c3f3e00000)]
  0x00000243b6d3e850 JavaThread "Cache worker for file hash cache (C:\Users\user\Desktop\Daangn\UMC-3rd-Daangn-Android\Android_Template\.gradle\7.4\fileHashes)" [_thread_blocked, id=22520, stack(0x000000c3f4000000,0x000000c3f4100000)]
  0x00000243b6d3d9e0 JavaThread "Cache worker for cache directory md-supplier (C:\Users\user\.gradle\caches\7.4\md-supplier)" [_thread_blocked, id=17816, stack(0x000000c3f4100000,0x000000c3f4200000)]
  0x00000243b6d3ed20 JavaThread "Cache worker for execution history cache (C:\Users\user\.gradle\caches\7.4\executionHistory)" [_thread_blocked, id=23328, stack(0x000000c3f4200000,0x000000c3f4300000)]
  0x00000243b6d3e380 JavaThread "jar transforms" [_thread_blocked, id=28148, stack(0x000000c3f4300000,0x000000c3f4400000)]
  0x00000243b6d413a0 JavaThread "jar transforms Thread 2" [_thread_blocked, id=27560, stack(0x000000c3f4400000,0x000000c3f4500000)]
  0x00000243b6d41870 JavaThread "Cache worker for file content cache (C:\Users\user\.gradle\caches\7.4\fileContent)" [_thread_blocked, id=26476, stack(0x000000c3f4500000,0x000000c3f4600000)]
  0x00000243b6d40060 JavaThread "Cache worker for dependencies-accessors (C:\Users\user\Desktop\Daangn\UMC-3rd-Daangn-Android\Android_Template\.gradle\7.4\dependencies-accessors)" [_thread_blocked, id=11320, stack(0x000000c3f4600000,0x000000c3f4700000)]
  0x00000243b6d3f1f0 JavaThread "jar transforms Thread 3" [_thread_blocked, id=28196, stack(0x000000c3f4700000,0x000000c3f4800000)]
  0x00000243b6d3c6a0 JavaThread "Cache worker for Build Output Cleanup Cache (C:\Users\user\Desktop\Daangn\UMC-3rd-Daangn-Android\Android_Template\.gradle\buildOutputCleanup)" [_thread_blocked, id=13296, stack(0x000000c3f4800000,0x000000c3f4900000)]
  0x00000243b6d40a00 JavaThread "Unconstrained build operations" [_thread_blocked, id=4644, stack(0x000000c3f3e00000,0x000000c3f3f00000)]
  0x00000243b6d3fb90 JavaThread "Unconstrained build operations Thread 2" [_thread_blocked, id=16940, stack(0x000000c3f4900000,0x000000c3f4a00000)]
  0x00000243b6d40ed0 JavaThread "Unconstrained build operations Thread 3" [_thread_blocked, id=14464, stack(0x000000c3f4a00000,0x000000c3f4b00000)]
  0x00000243b6d41d40 JavaThread "Unconstrained build operations Thread 4" [_thread_blocked, id=24988, stack(0x000000c3f4b00000,0x000000c3f4c00000)]
  0x00000243b6d3a4f0 JavaThread "Unconstrained build operations Thread 5" [_thread_blocked, id=15756, stack(0x000000c3f4c00000,0x000000c3f4d00000)]
  0x00000243b6d3a9c0 JavaThread "Unconstrained build operations Thread 6" [_thread_blocked, id=11548, stack(0x000000c3f4d00000,0x000000c3f4e00000)]
  0x00000243b6d3ae90 JavaThread "Unconstrained build operations Thread 7" [_thread_blocked, id=26296, stack(0x000000c3f4e00000,0x000000c3f4f00000)]
  0x00000243b58ad0f0 JavaThread "Unconstrained build operations Thread 8" [_thread_blocked, id=22656, stack(0x000000c3f4f00000,0x000000c3f5000000)]
  0x00000243b58b0110 JavaThread "Unconstrained build operations Thread 9" [_thread_blocked, id=12996, stack(0x000000c3f5000000,0x000000c3f5100000)]
  0x00000243b58ac750 JavaThread "Unconstrained build operations Thread 10" [_thread_blocked, id=25092, stack(0x000000c3f5100000,0x000000c3f5200000)]
  0x00000243b58ae900 JavaThread "Unconstrained build operations Thread 11" [_thread_blocked, id=25428, stack(0x000000c3f5200000,0x000000c3f5300000)]
  0x00000243b58b1450 JavaThread "Unconstrained build operations Thread 12" [_thread_blocked, id=24116, stack(0x000000c3f5300000,0x000000c3f5400000)]
  0x00000243b58afc40 JavaThread "Unconstrained build operations Thread 13" [_thread_blocked, id=14668, stack(0x000000c3f5400000,0x000000c3f5500000)]
  0x00000243b58ae430 JavaThread "Unconstrained build operations Thread 14" [_thread_blocked, id=23360, stack(0x000000c3f5500000,0x000000c3f5600000)]
  0x00000243b58b2790 JavaThread "Unconstrained build operations Thread 15" [_thread_blocked, id=12636, stack(0x000000c3f5600000,0x000000c3f5700000)]
  0x00000243b58acc20 JavaThread "Unconstrained build operations Thread 16" [_thread_blocked, id=20604, stack(0x000000c3f5700000,0x000000c3f5800000)]
  0x00000243b58b3130 JavaThread "Unconstrained build operations Thread 17" [_thread_blocked, id=25984, stack(0x000000c3f5800000,0x000000c3f5900000)]
  0x00000243b58ab8e0 JavaThread "Unconstrained build operations Thread 18" [_thread_blocked, id=16924, stack(0x000000c3f5900000,0x000000c3f5a00000)]
  0x00000243b58af2a0 JavaThread "Unconstrained build operations Thread 19" [_thread_blocked, id=19544, stack(0x000000c3f5a00000,0x000000c3f5b00000)]
  0x00000243b58ad5c0 JavaThread "Unconstrained build operations Thread 20" [_thread_blocked, id=10096, stack(0x000000c3f5b00000,0x000000c3f5c00000)]
  0x00000243b58ada90 JavaThread "Unconstrained build operations Thread 21" [_thread_blocked, id=20928, stack(0x000000c3f5c00000,0x000000c3f5d00000)]
  0x00000243b58b05e0 JavaThread "Unconstrained build operations Thread 22" [_thread_blocked, id=28940, stack(0x000000c3f5d00000,0x000000c3f5e00000)]
  0x00000243b58b0f80 JavaThread "Unconstrained build operations Thread 23" [_thread_blocked, id=20020, stack(0x000000c3f5e00000,0x000000c3f5f00000)]
  0x00000243b58adf60 JavaThread "Unconstrained build operations Thread 24" [_thread_blocked, id=17180, stack(0x000000c3f5f00000,0x000000c3f6000000)]
  0x00000243b58aedd0 JavaThread "Unconstrained build operations Thread 25" [_thread_blocked, id=12276, stack(0x000000c3f6000000,0x000000c3f6100000)]
  0x00000243b58b2c60 JavaThread "Unconstrained build operations Thread 26" [_thread_blocked, id=19428, stack(0x000000c3f6100000,0x000000c3f6200000)]
  0x00000243b58af770 JavaThread "Unconstrained build operations Thread 27" [_thread_blocked, id=28340, stack(0x000000c3f6200000,0x000000c3f6300000)]
  0x00000243b58b1920 JavaThread "Unconstrained build operations Thread 28" [_thread_blocked, id=24340, stack(0x000000c3f6300000,0x000000c3f6400000)]
  0x00000243b58b0ab0 JavaThread "Unconstrained build operations Thread 29" [_thread_blocked, id=8952, stack(0x000000c3f6400000,0x000000c3f6500000)]
  0x00000243b58b1df0 JavaThread "Unconstrained build operations Thread 30" [_thread_blocked, id=15440, stack(0x000000c3f6500000,0x000000c3f6600000)]
  0x00000243b58b22c0 JavaThread "Unconstrained build operations Thread 31" [_thread_blocked, id=23968, stack(0x000000c3f6600000,0x000000c3f6700000)]
  0x00000243b58abdb0 JavaThread "Unconstrained build operations Thread 32" [_thread_blocked, id=11684, stack(0x000000c3f6700000,0x000000c3f6800000)]
  0x00000243b58ac280 JavaThread "Unconstrained build operations Thread 33" [_thread_blocked, id=26604, stack(0x000000c3f6800000,0x000000c3f6900000)]
  0x00000243b8d6afe0 JavaThread "Unconstrained build operations Thread 34" [_thread_blocked, id=20416, stack(0x000000c3f6900000,0x000000c3f6a00000)]
  0x00000243b8d6b4b0 JavaThread "Unconstrained build operations Thread 35" [_thread_blocked, id=17568, stack(0x000000c3f6a00000,0x000000c3f6b00000)]
  0x00000243b8d6b980 JavaThread "Unconstrained build operations Thread 36" [_thread_blocked, id=17844, stack(0x000000c3f6b00000,0x000000c3f6c00000)]
  0x00000243b8d662e0 JavaThread "Unconstrained build operations Thread 37" [_thread_blocked, id=26528, stack(0x000000c3f6c00000,0x000000c3f6d00000)]
  0x00000243b8d69ca0 JavaThread "Unconstrained build operations Thread 38" [_thread_blocked, id=10136, stack(0x000000c3f6d00000,0x000000c3f6e00000)]
  0x00000243b8d67fc0 JavaThread "Unconstrained build operations Thread 39" [_thread_blocked, id=4080, stack(0x000000c3f6e00000,0x000000c3f6f00000)]
  0x00000243b8d6be50 JavaThread "Unconstrained build operations Thread 40" [_thread_blocked, id=18708, stack(0x000000c3f6f00000,0x000000c3f7000000)]
  0x00000243b8d6c320 JavaThread "jar transforms Thread 4" [_thread_blocked, id=9640, stack(0x000000c3f7000000,0x000000c3f7100000)]
  0x00000243b8d667b0 JavaThread "Memory manager" [_thread_blocked, id=23716, stack(0x000000c3f7100000,0x000000c3f7200000)]
  0x00000243b8d6a170 JavaThread "build event listener" [_thread_blocked, id=24324, stack(0x000000c3f7200000,0x000000c3f7300000)]

Other Threads:
  0x00000243b2ad8230 VMThread "VM Thread" [stack: 0x000000c3f1e00000,0x000000c3f1f00000] [id=15480]
  0x00000243b34e2810 WatcherThread [stack: 0x000000c3f2900000,0x000000c3f2a00000] [id=28400]
  0x00000243928a1bd0 GCTaskThread "GC Thread#0" [stack: 0x000000c3f1900000,0x000000c3f1a00000] [id=10972]
  0x00000243b34a93c0 GCTaskThread "GC Thread#1" [stack: 0x000000c3f2b00000,0x000000c3f2c00000] [id=18268]
  0x00000243b3baa6f0 GCTaskThread "GC Thread#2" [stack: 0x000000c3f2c00000,0x000000c3f2d00000] [id=12300]
  0x00000243b3baa3c0 GCTaskThread "GC Thread#3" [stack: 0x000000c3f3900000,0x000000c3f3a00000] [id=20328]
  0x00000243928b2970 ConcurrentGCThread "G1 Main Marker" [stack: 0x000000c3f1a00000,0x000000c3f1b00000] [id=26068]
  0x00000243928b3950 ConcurrentGCThread "G1 Conc#0" [stack: 0x000000c3f1b00000,0x000000c3f1c00000] [id=24048]
  0x000002439292e100 ConcurrentGCThread "G1 Refine#0" [stack: 0x000000c3f1c00000,0x000000c3f1d00000] [id=13348]
  0x00000243b4621740 ConcurrentGCThread "G1 Refine#1" [stack: 0x000000c3f3f00000,0x000000c3f4000000] [id=24776]
  0x000002439292e950 ConcurrentGCThread "G1 Young RemSet Sampling" [stack: 0x000000c3f1d00000,0x000000c3f1e00000] [id=13736]

Threads with active compile tasks:
C2 CompilerThread0    28987 8501 %     4       org.gradle.internal.instantiation.generator.AbstractClassGenerator::inspectType @ 77 (560 bytes)

VM state: not at safepoint (normal execution)

VM Mutex/Monitor currently owned by a thread: None

Heap address: 0x0000000080000000, size: 2048 MB, Compressed Oops mode: 32-bit
CDS archive(s) mapped at: [0x0000000800000000-0x0000000800b50000-0x0000000800b50000), size 11862016, SharedBaseAddress: 0x0000000800000000, ArchiveRelocationMode: 0.
Compressed class space mapped at: 0x0000000800b50000-0x0000000840b50000, size: 1073741824
Narrow klass base: 0x0000000800000000, Narrow klass shift: 3, Narrow klass range: 0x100000000

GC Precious Log:
 CPUs: 4 total, 4 available
 Memory: 8075M
 Large Page Support: Disabled
 NUMA Support: Disabled
 Compressed Oops: Enabled (32-bit)
 Heap Region Size: 1M
 Heap Min Capacity: 8M
 Heap Initial Capacity: 128M
 Heap Max Capacity: 2G
 Pre-touch: Disabled
 Parallel Workers: 4
 Concurrent Workers: 1
 Concurrent Refinement Workers: 4
 Periodic GC: Disabled

Heap:
 garbage-first heap   total 147456K, used 78715K [0x0000000080000000, 0x0000000100000000)
  region size 1024K, 13 young (13312K), 6 survivors (6144K)
 Metaspace       used 75046K, capacity 76117K, committed 76240K, reserved 1116160K
  class space    used 9827K, capacity 10108K, committed 10112K, reserved 1048576K

Heap Regions: E=young(eden), S=young(survivor), O=old, HS=humongous(starts), HC=humongous(continues), CS=collection set, F=free, OA=open archive, CA=closed archive, TAMS=top-at-mark-start (previous, next)
|   0|0x0000000080000000, 0x0000000080100000, 0x0000000080100000|100%|HS|  |TAMS 0x0000000080100000, 0x0000000080000000| Complete 
|   1|0x0000000080100000, 0x0000000080200000, 0x0000000080200000|100%|HC|  |TAMS 0x0000000080200000, 0x0000000080100000| Complete 
|   2|0x0000000080200000, 0x0000000080300000, 0x0000000080300000|100%|HC|  |TAMS 0x0000000080300000, 0x0000000080200000| Complete 
|   3|0x0000000080300000, 0x0000000080400000, 0x0000000080400000|100%| O|  |TAMS 0x0000000080400000, 0x0000000080300000| Untracked 
|   4|0x0000000080400000, 0x0000000080500000, 0x0000000080500000|100%| O|  |TAMS 0x0000000080500000, 0x0000000080400000| Untracked 
|   5|0x0000000080500000, 0x0000000080600000, 0x0000000080600000|100%| O|  |TAMS 0x0000000080600000, 0x0000000080500000| Untracked 
|   6|0x0000000080600000, 0x0000000080700000, 0x0000000080700000|100%| O|  |TAMS 0x0000000080700000, 0x0000000080600000| Untracked 
|   7|0x0000000080700000, 0x0000000080800000, 0x0000000080800000|100%| O|  |TAMS 0x0000000080800000, 0x0000000080700000| Untracked 
|   8|0x0000000080800000, 0x0000000080900000, 0x0000000080900000|100%| O|  |TAMS 0x0000000080900000, 0x0000000080800000| Untracked 
|   9|0x0000000080900000, 0x0000000080a00000, 0x0000000080a00000|100%| O|  |TAMS 0x0000000080a00000, 0x0000000080900000| Untracked 
|  10|0x0000000080a00000, 0x0000000080b00000, 0x0000000080b00000|100%| O|  |TAMS 0x0000000080b00000, 0x0000000080a00000| Untracked 
|  11|0x0000000080b00000, 0x0000000080c00000, 0x0000000080c00000|100%| O|  |TAMS 0x0000000080c00000, 0x0000000080b00000| Untracked 
|  12|0x0000000080c00000, 0x0000000080d00000, 0x0000000080d00000|100%| O|  |TAMS 0x0000000080d00000, 0x0000000080c00000| Untracked 
|  13|0x0000000080d00000, 0x0000000080e00000, 0x0000000080e00000|100%| O|  |TAMS 0x0000000080e00000, 0x0000000080d00000| Untracked 
|  14|0x0000000080e00000, 0x0000000080f00000, 0x0000000080f00000|100%| O|  |TAMS 0x0000000080f00000, 0x0000000080e00000| Untracked 
|  15|0x0000000080f00000, 0x0000000081000000, 0x0000000081000000|100%| O|  |TAMS 0x0000000081000000, 0x0000000080f00000| Untracked 
|  16|0x0000000081000000, 0x0000000081100000, 0x0000000081100000|100%| O|  |TAMS 0x0000000081100000, 0x0000000081000000| Untracked 
|  17|0x0000000081100000, 0x0000000081200000, 0x0000000081200000|100%| O|  |TAMS 0x0000000081200000, 0x0000000081100000| Untracked 
|  18|0x0000000081200000, 0x0000000081213000, 0x0000000081300000|  7%| O|  |TAMS 0x0000000081213000, 0x0000000081200000| Untracked 
|  19|0x0000000081300000, 0x0000000081400000, 0x0000000081400000|100%| O|  |TAMS 0x0000000081400000, 0x0000000081300000| Untracked 
|  20|0x0000000081400000, 0x0000000081500000, 0x0000000081500000|100%| O|  |TAMS 0x0000000081500000, 0x0000000081400000| Untracked 
|  21|0x0000000081500000, 0x0000000081600000, 0x0000000081600000|100%| O|  |TAMS 0x0000000081600000, 0x0000000081500000| Untracked 
|  22|0x0000000081600000, 0x0000000081700000, 0x0000000081700000|100%| O|  |TAMS 0x0000000081700000, 0x0000000081600000| Untracked 
|  23|0x0000000081700000, 0x0000000081800000, 0x0000000081800000|100%| O|  |TAMS 0x0000000081800000, 0x0000000081700000| Untracked 
|  24|0x0000000081800000, 0x0000000081900000, 0x0000000081900000|100%| O|  |TAMS 0x0000000081900000, 0x0000000081800000| Untracked 
|  25|0x0000000081900000, 0x0000000081a00000, 0x0000000081a00000|100%| O|  |TAMS 0x0000000081a00000, 0x0000000081900000| Untracked 
|  26|0x0000000081a00000, 0x0000000081b00000, 0x0000000081b00000|100%|HS|  |TAMS 0x0000000081b00000, 0x0000000081a00000| Complete 
|  27|0x0000000081b00000, 0x0000000081c00000, 0x0000000081c00000|100%|HS|  |TAMS 0x0000000081c00000, 0x0000000081b00000| Complete 
|  28|0x0000000081c00000, 0x0000000081d00000, 0x0000000081d00000|100%|HS|  |TAMS 0x0000000081d00000, 0x0000000081c00000| Complete 
|  29|0x0000000081d00000, 0x0000000081e00000, 0x0000000081e00000|100%| O|  |TAMS 0x0000000081e00000, 0x0000000081d00000| Untracked 
|  30|0x0000000081e00000, 0x0000000081f00000, 0x0000000081f00000|100%| O|  |TAMS 0x0000000081f00000, 0x0000000081e00000| Untracked 
|  31|0x0000000081f00000, 0x0000000082000000, 0x0000000082000000|100%| O|  |TAMS 0x0000000082000000, 0x0000000081f00000| Untracked 
|  32|0x0000000082000000, 0x0000000082100000, 0x0000000082100000|100%| O|  |TAMS 0x0000000082100000, 0x0000000082000000| Untracked 
|  33|0x0000000082100000, 0x0000000082200000, 0x0000000082200000|100%| O|  |TAMS 0x0000000082200000, 0x0000000082100000| Untracked 
|  34|0x0000000082200000, 0x0000000082300000, 0x0000000082300000|100%| O|  |TAMS 0x0000000082300000, 0x0000000082200000| Untracked 
|  35|0x0000000082300000, 0x0000000082400000, 0x0000000082400000|100%| O|  |TAMS 0x0000000082400000, 0x0000000082300000| Untracked 
|  36|0x0000000082400000, 0x0000000082500000, 0x0000000082500000|100%| O|  |TAMS 0x0000000082500000, 0x0000000082400000| Untracked 
|  37|0x0000000082500000, 0x0000000082600000, 0x0000000082600000|100%| O|  |TAMS 0x0000000082600000, 0x0000000082500000| Untracked 
|  38|0x0000000082600000, 0x0000000082700000, 0x0000000082700000|100%|HS|  |TAMS 0x0000000082700000, 0x0000000082600000| Complete 
|  39|0x0000000082700000, 0x0000000082800000, 0x0000000082800000|100%|HC|  |TAMS 0x0000000082800000, 0x0000000082700000| Complete 
|  40|0x0000000082800000, 0x0000000082900000, 0x0000000082900000|100%|HC|  |TAMS 0x0000000082900000, 0x0000000082800000| Complete 
|  41|0x0000000082900000, 0x0000000082a00000, 0x0000000082a00000|100%| O|  |TAMS 0x0000000082a00000, 0x0000000082900000| Untracked 
|  42|0x0000000082a00000, 0x0000000082b00000, 0x0000000082b00000|100%| O|  |TAMS 0x0000000082b00000, 0x0000000082a00000| Untracked 
|  43|0x0000000082b00000, 0x0000000082c00000, 0x0000000082c00000|100%| O|  |TAMS 0x0000000082c00000, 0x0000000082b00000| Untracked 
|  44|0x0000000082c00000, 0x0000000082d00000, 0x0000000082d00000|100%| O|  |TAMS 0x0000000082d00000, 0x0000000082c00000| Untracked 
|  45|0x0000000082d00000, 0x0000000082e00000, 0x0000000082e00000|100%|HS|  |TAMS 0x0000000082e00000, 0x0000000082d00000| Complete 
|  46|0x0000000082e00000, 0x0000000082f00000, 0x0000000082f00000|100%|HC|  |TAMS 0x0000000082f00000, 0x0000000082e00000| Complete 
|  47|0x0000000082f00000, 0x0000000083000000, 0x0000000083000000|100%| O|  |TAMS 0x0000000083000000, 0x0000000082f00000| Untracked 
|  48|0x0000000083000000, 0x0000000083100000, 0x0000000083100000|100%| O|  |TAMS 0x0000000083100000, 0x0000000083000000| Untracked 
|  49|0x0000000083100000, 0x0000000083200000, 0x0000000083200000|100%| O|  |TAMS 0x0000000083200000, 0x0000000083100000| Untracked 
|  50|0x0000000083200000, 0x0000000083300000, 0x0000000083300000|100%| O|  |TAMS 0x0000000083300000, 0x0000000083200000| Untracked 
|  51|0x0000000083300000, 0x0000000083400000, 0x0000000083400000|100%| O|  |TAMS 0x0000000083400000, 0x0000000083300000| Untracked 
|  52|0x0000000083400000, 0x0000000083500000, 0x0000000083500000|100%| O|  |TAMS 0x0000000083500000, 0x0000000083400000| Untracked 
|  53|0x0000000083500000, 0x0000000083600000, 0x0000000083600000|100%| O|  |TAMS 0x0000000083600000, 0x0000000083500000| Untracked 
|  54|0x0000000083600000, 0x0000000083700000, 0x0000000083700000|100%| O|  |TAMS 0x0000000083700000, 0x0000000083600000| Untracked 
|  55|0x0000000083700000, 0x0000000083800000, 0x0000000083800000|100%| O|  |TAMS 0x0000000083800000, 0x0000000083700000| Untracked 
|  56|0x0000000083800000, 0x0000000083900000, 0x0000000083900000|100%| O|  |TAMS 0x0000000083900000, 0x0000000083800000| Untracked 
|  57|0x0000000083900000, 0x0000000083a00000, 0x0000000083a00000|100%| O|  |TAMS 0x0000000083a00000, 0x0000000083900000| Untracked 
|  58|0x0000000083a00000, 0x0000000083b00000, 0x0000000083b00000|100%| O|  |TAMS 0x0000000083b00000, 0x0000000083a00000| Untracked 
|  59|0x0000000083b00000, 0x0000000083c00000, 0x0000000083c00000|100%| O|  |TAMS 0x0000000083c00000, 0x0000000083b00000| Untracked 
|  60|0x0000000083c00000, 0x0000000083d00000, 0x0000000083d00000|100%| O|  |TAMS 0x0000000083d00000, 0x0000000083c00000| Untracked 
|  61|0x0000000083d00000, 0x0000000083e00000, 0x0000000083e00000|100%| O|  |TAMS 0x0000000083e00000, 0x0000000083d00000| Untracked 
|  62|0x0000000083e00000, 0x0000000083f00000, 0x0000000083f00000|100%| O|  |TAMS 0x0000000083f00000, 0x0000000083e00000| Untracked 
|  63|0x0000000083f00000, 0x0000000084000000, 0x0000000084000000|100%| O|  |TAMS 0x0000000084000000, 0x0000000083f00000| Untracked 
|  64|0x0000000084000000, 0x0000000084100000, 0x0000000084100000|100%| O|  |TAMS 0x0000000084014c00, 0x0000000084000000| Untracked 
|  65|0x0000000084100000, 0x0000000084200000, 0x0000000084200000|100%| O|  |TAMS 0x0000000084100000, 0x0000000084100000| Untracked 
|  66|0x0000000084200000, 0x000000008420d400, 0x0000000084300000|  5%| O|  |TAMS 0x0000000084200000, 0x0000000084200000| Untracked 
|  67|0x0000000084300000, 0x0000000084300000, 0x0000000084400000|  0%| F|  |TAMS 0x0000000084300000, 0x0000000084300000| Untracked 
|  68|0x0000000084400000, 0x0000000084400000, 0x0000000084500000|  0%| F|  |TAMS 0x0000000084400000, 0x0000000084400000| Untracked 
|  69|0x0000000084500000, 0x0000000084500000, 0x0000000084600000|  0%| F|  |TAMS 0x0000000084500000, 0x0000000084500000| Untracked 
|  70|0x0000000084600000, 0x0000000084600000, 0x0000000084700000|  0%| F|  |TAMS 0x0000000084600000, 0x0000000084600000| Untracked 
|  71|0x0000000084700000, 0x0000000084700000, 0x0000000084800000|  0%| F|  |TAMS 0x0000000084700000, 0x0000000084700000| Untracked 
|  72|0x0000000084800000, 0x0000000084800000, 0x0000000084900000|  0%| F|  |TAMS 0x0000000084800000, 0x0000000084800000| Untracked 
|  73|0x0000000084900000, 0x0000000084900000, 0x0000000084a00000|  0%| F|  |TAMS 0x0000000084900000, 0x0000000084900000| Untracked 
|  74|0x0000000084a00000, 0x0000000084a00000, 0x0000000084b00000|  0%| F|  |TAMS 0x0000000084a00000, 0x0000000084a00000| Untracked 
|  75|0x0000000084b00000, 0x0000000084b00000, 0x0000000084c00000|  0%| F|  |TAMS 0x0000000084b00000, 0x0000000084b00000| Untracked 
|  76|0x0000000084c00000, 0x0000000084c00000, 0x0000000084d00000|  0%| F|  |TAMS 0x0000000084c00000, 0x0000000084c00000| Untracked 
|  77|0x0000000084d00000, 0x0000000084d00000, 0x0000000084e00000|  0%| F|  |TAMS 0x0000000084d00000, 0x0000000084d00000| Untracked 
|  78|0x0000000084e00000, 0x0000000084e00000, 0x0000000084f00000|  0%| F|  |TAMS 0x0000000084e00000, 0x0000000084e00000| Untracked 
|  79|0x0000000084f00000, 0x0000000084f00000, 0x0000000085000000|  0%| F|  |TAMS 0x0000000084f00000, 0x0000000084f00000| Untracked 
|  80|0x0000000085000000, 0x0000000085000000, 0x0000000085100000|  0%| F|  |TAMS 0x0000000085000000, 0x0000000085000000| Untracked 
|  81|0x0000000085100000, 0x0000000085100000, 0x0000000085200000|  0%| F|  |TAMS 0x0000000085100000, 0x0000000085100000| Untracked 
|  82|0x0000000085200000, 0x0000000085200000, 0x0000000085300000|  0%| F|  |TAMS 0x0000000085200000, 0x0000000085200000| Untracked 
|  83|0x0000000085300000, 0x0000000085300000, 0x0000000085400000|  0%| F|  |TAMS 0x0000000085300000, 0x0000000085300000| Untracked 
|  84|0x0000000085400000, 0x0000000085400000, 0x0000000085500000|  0%| F|  |TAMS 0x0000000085400000, 0x0000000085400000| Untracked 
|  85|0x0000000085500000, 0x0000000085500000, 0x0000000085600000|  0%| F|  |TAMS 0x0000000085500000, 0x0000000085500000| Untracked 
|  86|0x0000000085600000, 0x0000000085600000, 0x0000000085700000|  0%| F|  |TAMS 0x0000000085600000, 0x0000000085600000| Untracked 
|  87|0x0000000085700000, 0x0000000085700000, 0x0000000085800000|  0%| F|  |TAMS 0x0000000085700000, 0x0000000085700000| Untracked 
|  88|0x0000000085800000, 0x0000000085800000, 0x0000000085900000|  0%| F|  |TAMS 0x0000000085800000, 0x0000000085800000| Untracked 
|  89|0x0000000085900000, 0x0000000085900000, 0x0000000085a00000|  0%| F|  |TAMS 0x0000000085900000, 0x0000000085900000| Untracked 
|  90|0x0000000085a00000, 0x0000000085a00000, 0x0000000085b00000|  0%| F|  |TAMS 0x0000000085a00000, 0x0000000085a00000| Untracked 
|  91|0x0000000085b00000, 0x0000000085bbeb40, 0x0000000085c00000| 74%| S|CS|TAMS 0x0000000085b00000, 0x0000000085b00000| Complete 
|  92|0x0000000085c00000, 0x0000000085d00000, 0x0000000085d00000|100%| S|CS|TAMS 0x0000000085c00000, 0x0000000085c00000| Complete 
|  93|0x0000000085d00000, 0x0000000085e00000, 0x0000000085e00000|100%| S|CS|TAMS 0x0000000085d00000, 0x0000000085d00000| Complete 
|  94|0x0000000085e00000, 0x0000000085f00000, 0x0000000085f00000|100%| S|CS|TAMS 0x0000000085e00000, 0x0000000085e00000| Complete 
|  95|0x0000000085f00000, 0x0000000086000000, 0x0000000086000000|100%| S|CS|TAMS 0x0000000085f00000, 0x0000000085f00000| Complete 
|  96|0x0000000086000000, 0x0000000086100000, 0x0000000086100000|100%| S|CS|TAMS 0x0000000086000000, 0x0000000086000000| Complete 
|  97|0x0000000086100000, 0x0000000086100000, 0x0000000086200000|  0%| F|  |TAMS 0x0000000086100000, 0x0000000086100000| Untracked 
|  98|0x0000000086200000, 0x0000000086200000, 0x0000000086300000|  0%| F|  |TAMS 0x0000000086200000, 0x0000000086200000| Untracked 
|  99|0x0000000086300000, 0x0000000086300000, 0x0000000086400000|  0%| F|  |TAMS 0x0000000086300000, 0x0000000086300000| Untracked 
| 100|0x0000000086400000, 0x0000000086400000, 0x0000000086500000|  0%| F|  |TAMS 0x0000000086400000, 0x0000000086400000| Untracked 
| 101|0x0000000086500000, 0x0000000086500000, 0x0000000086600000|  0%| F|  |TAMS 0x0000000086500000, 0x0000000086500000| Untracked 
| 102|0x0000000086600000, 0x0000000086600000, 0x0000000086700000|  0%| F|  |TAMS 0x0000000086600000, 0x0000000086600000| Untracked 
| 103|0x0000000086700000, 0x0000000086700000, 0x0000000086800000|  0%| F|  |TAMS 0x0000000086700000, 0x0000000086700000| Untracked 
| 104|0x0000000086800000, 0x0000000086800000, 0x0000000086900000|  0%| F|  |TAMS 0x0000000086800000, 0x0000000086800000| Untracked 
| 105|0x0000000086900000, 0x0000000086900000, 0x0000000086a00000|  0%| F|  |TAMS 0x0000000086900000, 0x0000000086900000| Untracked 
| 106|0x0000000086a00000, 0x0000000086a00000, 0x0000000086b00000|  0%| F|  |TAMS 0x0000000086a00000, 0x0000000086a00000| Untracked 
| 107|0x0000000086b00000, 0x0000000086b00000, 0x0000000086c00000|  0%| F|  |TAMS 0x0000000086b00000, 0x0000000086b00000| Untracked 
| 108|0x0000000086c00000, 0x0000000086c00000, 0x0000000086d00000|  0%| F|  |TAMS 0x0000000086c00000, 0x0000000086c00000| Untracked 
| 109|0x0000000086d00000, 0x0000000086d00000, 0x0000000086e00000|  0%| F|  |TAMS 0x0000000086d00000, 0x0000000086d00000| Untracked 
| 110|0x0000000086e00000, 0x0000000086e00000, 0x0000000086f00000|  0%| F|  |TAMS 0x0000000086e00000, 0x0000000086e00000| Untracked 
| 111|0x0000000086f00000, 0x0000000086f00000, 0x0000000087000000|  0%| F|  |TAMS 0x0000000086f00000, 0x0000000086f00000| Untracked 
| 112|0x0000000087000000, 0x0000000087000000, 0x0000000087100000|  0%| F|  |TAMS 0x0000000087000000, 0x0000000087000000| Untracked 
| 113|0x0000000087100000, 0x0000000087100000, 0x0000000087200000|  0%| F|  |TAMS 0x0000000087100000, 0x0000000087100000| Untracked 
| 114|0x0000000087200000, 0x0000000087200000, 0x0000000087300000|  0%| F|  |TAMS 0x0000000087200000, 0x0000000087200000| Untracked 
| 115|0x0000000087300000, 0x0000000087300000, 0x0000000087400000|  0%| F|  |TAMS 0x0000000087300000, 0x0000000087300000| Untracked 
| 116|0x0000000087400000, 0x0000000087400000, 0x0000000087500000|  0%| F|  |TAMS 0x0000000087400000, 0x0000000087400000| Untracked 
| 117|0x0000000087500000, 0x0000000087500000, 0x0000000087600000|  0%| F|  |TAMS 0x0000000087500000, 0x0000000087500000| Untracked 
| 118|0x0000000087600000, 0x0000000087600000, 0x0000000087700000|  0%| F|  |TAMS 0x0000000087600000, 0x0000000087600000| Untracked 
| 119|0x0000000087700000, 0x0000000087700000, 0x0000000087800000|  0%| F|  |TAMS 0x0000000087700000, 0x0000000087700000| Untracked 
| 120|0x0000000087800000, 0x0000000087800000, 0x0000000087900000|  0%| F|  |TAMS 0x0000000087800000, 0x0000000087800000| Untracked 
| 121|0x0000000087900000, 0x0000000087900000, 0x0000000087a00000|  0%| F|  |TAMS 0x0000000087900000, 0x0000000087900000| Untracked 
| 122|0x0000000087a00000, 0x0000000087a00000, 0x0000000087b00000|  0%| F|  |TAMS 0x0000000087a00000, 0x0000000087a00000| Untracked 
| 123|0x0000000087b00000, 0x0000000087b00000, 0x0000000087c00000|  0%| F|  |TAMS 0x0000000087b00000, 0x0000000087b00000| Untracked 
| 124|0x0000000087c00000, 0x0000000087c00000, 0x0000000087d00000|  0%| F|  |TAMS 0x0000000087c00000, 0x0000000087c00000| Untracked 
| 125|0x0000000087d00000, 0x0000000087d00000, 0x0000000087e00000|  0%| F|  |TAMS 0x0000000087d00000, 0x0000000087d00000| Untracked 
| 126|0x0000000087e00000, 0x0000000087e00000, 0x0000000087f00000|  0%| F|  |TAMS 0x0000000087e00000, 0x0000000087e00000| Untracked 
| 127|0x0000000087f00000, 0x0000000087f00000, 0x0000000088000000|  0%| F|  |TAMS 0x0000000087f00000, 0x0000000087f00000| Untracked 
| 128|0x0000000088000000, 0x0000000088000000, 0x0000000088100000|  0%| F|  |TAMS 0x0000000088000000, 0x0000000088000000| Untracked 
| 129|0x0000000088100000, 0x0000000088100000, 0x0000000088200000|  0%| F|  |TAMS 0x0000000088100000, 0x0000000088100000| Untracked 
| 130|0x0000000088200000, 0x0000000088200000, 0x0000000088300000|  0%| F|  |TAMS 0x0000000088200000, 0x0000000088200000| Untracked 
| 131|0x0000000088300000, 0x0000000088300000, 0x0000000088400000|  0%| F|  |TAMS 0x0000000088300000, 0x0000000088300000| Untracked 
| 132|0x0000000088400000, 0x0000000088400000, 0x0000000088500000|  0%| F|  |TAMS 0x0000000088400000, 0x0000000088400000| Untracked 
| 133|0x0000000088500000, 0x0000000088500000, 0x0000000088600000|  0%| F|  |TAMS 0x0000000088500000, 0x0000000088500000| Untracked 
| 134|0x0000000088600000, 0x0000000088600000, 0x0000000088700000|  0%| F|  |TAMS 0x0000000088600000, 0x0000000088600000| Untracked 
| 135|0x0000000088700000, 0x0000000088700000, 0x0000000088800000|  0%| F|  |TAMS 0x0000000088700000, 0x0000000088700000| Untracked 
| 136|0x0000000088800000, 0x0000000088800000, 0x0000000088900000|  0%| F|  |TAMS 0x0000000088800000, 0x0000000088800000| Untracked 
| 137|0x0000000088900000, 0x0000000088981820, 0x0000000088a00000| 50%| E|  |TAMS 0x0000000088900000, 0x0000000088900000| Complete 
| 138|0x0000000088a00000, 0x0000000088b00000, 0x0000000088b00000|100%| E|CS|TAMS 0x0000000088a00000, 0x0000000088a00000| Complete 
| 139|0x0000000088b00000, 0x0000000088c00000, 0x0000000088c00000|100%| E|CS|TAMS 0x0000000088b00000, 0x0000000088b00000| Complete 
| 140|0x0000000088c00000, 0x0000000088d00000, 0x0000000088d00000|100%| E|CS|TAMS 0x0000000088c00000, 0x0000000088c00000| Complete 
| 141|0x0000000088d00000, 0x0000000088e00000, 0x0000000088e00000|100%| E|CS|TAMS 0x0000000088d00000, 0x0000000088d00000| Complete 
| 142|0x0000000088e00000, 0x0000000088f00000, 0x0000000088f00000|100%| E|CS|TAMS 0x0000000088e00000, 0x0000000088e00000| Complete 
| 143|0x0000000088f00000, 0x0000000089000000, 0x0000000089000000|100%| E|CS|TAMS 0x0000000088f00000, 0x0000000088f00000| Complete 

Card table byte_map: [0x00000243abcd0000,0x00000243ac0d0000] _byte_map_base: 0x00000243ab8d0000

Marking Bits (Prev, Next): (CMBitMap*) 0x00000243928a2050, (CMBitMap*) 0x00000243928a2010
 Prev Bits: [0x00000243ae4d0000, 0x00000243b04d0000)
 Next Bits: [0x00000243ac4d0000, 0x00000243ae4d0000)

Polling page: 0x0000024392940000

Metaspace:

Usage:
  Non-class:     64.46 MB capacity,    63.69 MB ( 99%) used,   689.83 KB (  1%) free+waste,   100.50 KB ( <1%) overhead. 
      Class:      9.87 MB capacity,     9.60 MB ( 97%) used,   241.43 KB (  2%) free+waste,    39.19 KB ( <1%) overhead. 
       Both:     74.33 MB capacity,    73.29 MB ( 99%) used,   931.26 KB (  1%) free+waste,   139.69 KB ( <1%) overhead. 

Virtual space:
  Non-class space:       66.00 MB reserved,      64.58 MB ( 98%) committed 
      Class space:        1.00 GB reserved,       9.88 MB ( <1%) committed 
             Both:        1.06 GB reserved,      74.45 MB (  7%) committed 

Chunk freelists:
   Non-Class:  55.00 KB
       Class:  4.00 KB
        Both:  59.00 KB

MaxMetaspaceSize: 17179869184.00 GB
CompressedClassSpaceSize: 1.00 GB

CodeHeap 'non-profiled nmethods': size=120000Kb used=3991Kb max_used=3991Kb free=116008Kb
 bounds [0x00000243a3d80000, 0x00000243a4170000, 0x00000243ab2b0000]
CodeHeap 'profiled nmethods': size=120000Kb used=15273Kb max_used=15273Kb free=104726Kb
 bounds [0x000002439c850000, 0x000002439d740000, 0x00000243a3d80000]
CodeHeap 'non-nmethods': size=5760Kb used=2386Kb max_used=2457Kb free=3373Kb
 bounds [0x000002439c2b0000, 0x000002439c520000, 0x000002439c850000]
 total_blobs=8526 nmethods=7642 adapters=796
 compilation: enabled
              stopped_count=0, restarted_count=0
 full_count=0

Compilation events (20 events):
Event: 28.639 Thread 0x00000243b2b086d0 8516       3       java.lang.ThreadLocal$ThreadLocalMap::set (136 bytes)
Event: 28.640 Thread 0x00000243b2b086d0 nmethod 8516 0x000002439d731d90 code [0x000002439d731fe0, 0x000002439d732bc8]
Event: 28.640 Thread 0x00000243b2b086d0 8517       1       org.gradle.api.internal.AbstractTask::getState (5 bytes)
Event: 28.640 Thread 0x00000243b2b086d0 nmethod 8517 0x00000243a415f010 code [0x00000243a415f1a0, 0x00000243a415f258]
Event: 28.642 Thread 0x00000243b2b086d0 8518       3       java.util.ArrayList::addAll (76 bytes)
Event: 28.643 Thread 0x00000243b2b086d0 nmethod 8518 0x000002439d733010 code [0x000002439d7331e0, 0x000002439d733668]
Event: 28.643 Thread 0x00000243b2b086d0 8519       3       org.gradle.internal.graph.CachingDirectedGraphWalker$GraphWithEmptyEdges::getNodeValues (13 bytes)
Event: 28.643 Thread 0x00000243b2b086d0 nmethod 8519 0x000002439d733810 code [0x000002439d7339c0, 0x000002439d733b88]
Event: 28.643 Thread 0x00000243b2b086d0 8520       3       org.gradle.api.internal.tasks.CachingTaskDependencyResolveContext$TaskGraphImpl::getNodeValues (271 bytes)
Event: 28.645 Thread 0x00000243b2b086d0 nmethod 8520 0x000002439d733c90 code [0x000002439d734160, 0x000002439d736c58]
Event: 28.667 Thread 0x00000243b2b086d0 8521       3       org.objectweb.asm.AnnotationWriter::computeAnnotationsSize (42 bytes)
Event: 28.668 Thread 0x00000243b2b086d0 nmethod 8521 0x000002439d737990 code [0x000002439d737b40, 0x000002439d737d88]
Event: 28.670 Thread 0x00000243b2b086d0 8522       3       kotlin.jvm.internal.CallableReference::<init> (32 bytes)
Event: 28.671 Thread 0x00000243b2b086d0 nmethod 8522 0x000002439d737f10 code [0x000002439d7380c0, 0x000002439d738398]
Event: 28.751 Thread 0x00000243b2b035a0 nmethod 8492 0x00000243a415f310 code [0x00000243a415f5e0, 0x00000243a4163410]
Event: 28.751 Thread 0x00000243b2b035a0 8511       4       org.objectweb.asm.Label::resolve (219 bytes)
Event: 28.757 Thread 0x00000243b2b035a0 nmethod 8511 0x00000243a4164c10 code [0x00000243a4164da0, 0x00000243a4165118]
Event: 28.757 Thread 0x00000243b2b035a0 8506       4       java.lang.String::replace (42 bytes)
Event: 28.775 Thread 0x00000243b2b035a0 nmethod 8506 0x00000243a4165310 code [0x00000243a41654a0, 0x00000243a4165ab8]
Event: 28.775 Thread 0x00000243b2b035a0 8501 %     4       org.gradle.internal.instantiation.generator.AbstractClassGenerator::inspectType @ 77 (560 bytes)

GC Heap History (20 events):
Event: 20.793 GC heap before
{Heap before GC invocations=23 (full 0):
 garbage-first heap   total 96256K, used 70453K [0x0000000080000000, 0x0000000100000000)
  region size 1024K, 20 young (20480K), 2 survivors (2048K)
 Metaspace       used 52410K, capacity 53170K, committed 53200K, reserved 1095680K
  class space    used 6793K, capacity 7030K, committed 7040K, reserved 1048576K
}
Event: 20.798 GC heap after
{Heap after GC invocations=24 (full 0):
 garbage-first heap   total 96256K, used 53285K [0x0000000080000000, 0x0000000100000000)
  region size 1024K, 3 young (3072K), 3 survivors (3072K)
 Metaspace       used 52410K, capacity 53170K, committed 53200K, reserved 1095680K
  class space    used 6793K, capacity 7030K, committed 7040K, reserved 1048576K
}
Event: 21.384 GC heap before
{Heap before GC invocations=24 (full 0):
 garbage-first heap   total 96256K, used 58405K [0x0000000080000000, 0x0000000100000000)
  region size 1024K, 9 young (9216K), 3 survivors (3072K)
 Metaspace       used 53813K, capacity 54648K, committed 54864K, reserved 1097728K
  class space    used 6935K, capacity 7159K, committed 7168K, reserved 1048576K
}
Event: 21.389 GC heap after
{Heap after GC invocations=25 (full 0):
 garbage-first heap   total 96256K, used 54668K [0x0000000080000000, 0x0000000100000000)
  region size 1024K, 3 young (3072K), 3 survivors (3072K)
 Metaspace       used 53813K, capacity 54648K, committed 54864K, reserved 1097728K
  class space    used 6935K, capacity 7159K, committed 7168K, reserved 1048576K
}
Event: 21.624 GC heap before
{Heap before GC invocations=26 (full 0):
 garbage-first heap   total 122880K, used 71052K [0x0000000080000000, 0x0000000100000000)
  region size 1024K, 16 young (16384K), 3 survivors (3072K)
 Metaspace       used 53824K, capacity 54654K, committed 54864K, reserved 1097728K
  class space    used 6935K, capacity 7160K, committed 7168K, reserved 1048576K
}
Event: 21.632 GC heap after
{Heap after GC invocations=27 (full 0):
 garbage-first heap   total 122880K, used 61042K [0x0000000080000000, 0x0000000100000000)
  region size 1024K, 3 young (3072K), 3 survivors (3072K)
 Metaspace       used 53824K, capacity 54654K, committed 54864K, reserved 1097728K
  class space    used 6935K, capacity 7160K, committed 7168K, reserved 1048576K
}
Event: 22.480 GC heap before
{Heap before GC invocations=28 (full 0):
 garbage-first heap   total 122880K, used 93810K [0x0000000080000000, 0x0000000100000000)
  region size 1024K, 33 young (33792K), 3 survivors (3072K)
 Metaspace       used 56518K, capacity 57384K, committed 57552K, reserved 1099776K
  class space    used 7263K, capacity 7488K, committed 7552K, reserved 1048576K
}
Event: 22.486 GC heap after
{Heap after GC invocations=29 (full 0):
 garbage-first heap   total 122880K, used 60214K [0x0000000080000000, 0x0000000100000000)
  region size 1024K, 4 young (4096K), 4 survivors (4096K)
 Metaspace       used 56518K, capacity 57384K, committed 57552K, reserved 1099776K
  class space    used 7263K, capacity 7488K, committed 7552K, reserved 1048576K
}
Event: 22.653 GC heap before
{Heap before GC invocations=29 (full 0):
 garbage-first heap   total 122880K, used 66358K [0x0000000080000000, 0x0000000100000000)
  region size 1024K, 11 young (11264K), 4 survivors (4096K)
 Metaspace       used 57207K, capacity 58094K, committed 58448K, reserved 1099776K
  class space    used 7324K, capacity 7553K, committed 7680K, reserved 1048576K
}
Event: 22.657 GC heap after
{Heap after GC invocations=30 (full 0):
 garbage-first heap   total 122880K, used 61279K [0x0000000080000000, 0x0000000100000000)
  region size 1024K, 3 young (3072K), 3 survivors (3072K)
 Metaspace       used 57207K, capacity 58094K, committed 58448K, reserved 1099776K
  class space    used 7324K, capacity 7553K, committed 7680K, reserved 1048576K
}
Event: 23.858 GC heap before
{Heap before GC invocations=31 (full 0):
 garbage-first heap   total 122880K, used 96095K [0x0000000080000000, 0x0000000100000000)
  region size 1024K, 37 young (37888K), 3 survivors (3072K)
 Metaspace       used 60478K, capacity 61288K, committed 61392K, reserved 1103872K
  class space    used 7738K, capacity 7975K, committed 8064K, reserved 1048576K
}
Event: 23.865 GC heap after
{Heap after GC invocations=32 (full 0):
 garbage-first heap   total 122880K, used 61794K [0x0000000080000000, 0x0000000100000000)
  region size 1024K, 5 young (5120K), 5 survivors (5120K)
 Metaspace       used 60478K, capacity 61288K, committed 61392K, reserved 1103872K
  class space    used 7738K, capacity 7975K, committed 8064K, reserved 1048576K
}
Event: 24.412 GC heap before
{Heap before GC invocations=32 (full 0):
 garbage-first heap   total 122880K, used 97634K [0x0000000080000000, 0x0000000100000000)
  region size 1024K, 40 young (40960K), 5 survivors (5120K)
 Metaspace       used 61445K, capacity 62294K, committed 62544K, reserved 1103872K
  class space    used 7829K, capacity 8076K, committed 8192K, reserved 1048576K
}
Event: 24.423 GC heap after
{Heap after GC invocations=33 (full 0):
 garbage-first heap   total 122880K, used 64587K [0x0000000080000000, 0x0000000100000000)
  region size 1024K, 5 young (5120K), 5 survivors (5120K)
 Metaspace       used 61445K, capacity 62294K, committed 62544K, reserved 1103872K
  class space    used 7829K, capacity 8076K, committed 8192K, reserved 1048576K
}
Event: 25.479 GC heap before
{Heap before GC invocations=34 (full 0):
 garbage-first heap   total 122880K, used 99403K [0x0000000080000000, 0x0000000100000000)
  region size 1024K, 39 young (39936K), 5 survivors (5120K)
 Metaspace       used 65732K, capacity 66652K, committed 66896K, reserved 1107968K
  class space    used 8599K, capacity 8845K, committed 8960K, reserved 1048576K
}
Event: 25.489 GC heap after
{Heap after GC invocations=35 (full 0):
 garbage-first heap   total 122880K, used 67196K [0x0000000080000000, 0x0000000100000000)
  region size 1024K, 3 young (3072K), 3 survivors (3072K)
 Metaspace       used 65732K, capacity 66652K, committed 66896K, reserved 1107968K
  class space    used 8599K, capacity 8845K, committed 8960K, reserved 1048576K
}
Event: 26.422 GC heap before
{Heap before GC invocations=35 (full 0):
 garbage-first heap   total 122880K, used 98940K [0x0000000080000000, 0x0000000100000000)
  region size 1024K, 34 young (34816K), 3 survivors (3072K)
 Metaspace       used 68843K, capacity 69846K, committed 70096K, reserved 1110016K
  class space    used 9002K, capacity 9277K, committed 9344K, reserved 1048576K
}
Event: 26.431 GC heap after
{Heap after GC invocations=36 (full 0):
 garbage-first heap   total 147456K, used 69168K [0x0000000080000000, 0x0000000100000000)
  region size 1024K, 5 young (5120K), 5 survivors (5120K)
 Metaspace       used 68843K, capacity 69846K, committed 70096K, reserved 1110016K
  class space    used 9002K, capacity 9277K, committed 9344K, reserved 1048576K
}
Event: 28.505 GC heap before
{Heap before GC invocations=37 (full 0):
 garbage-first heap   total 147456K, used 117296K [0x0000000080000000, 0x0000000100000000)
  region size 1024K, 52 young (53248K), 5 survivors (5120K)
 Metaspace       used 74505K, capacity 75541K, committed 75728K, reserved 1116160K
  class space    used 9760K, capacity 10044K, committed 10112K, reserved 1048576K
}
Event: 28.522 GC heap after
{Heap after GC invocations=38 (full 0):
 garbage-first heap   total 147456K, used 72571K [0x0000000080000000, 0x0000000100000000)
  region size 1024K, 6 young (6144K), 6 survivors (6144K)
 Metaspace       used 74505K, capacity 75541K, committed 75728K, reserved 1116160K
  class space    used 9760K, capacity 10044K, committed 10112K, reserved 1048576K
}

Deoptimization events (20 events):
Event: 28.372 Thread 0x00000243b5231d30 DEOPT PACKING pc=0x000002439c93d4c3 sp=0x000000c3f32f88a0
Event: 28.372 Thread 0x00000243b5231d30 DEOPT UNPACKING pc=0x000002439c2fe23f sp=0x000000c3f32f7d50 mode 0
Event: 28.372 Thread 0x00000243b5231d30 DEOPT PACKING pc=0x000002439c93d4c3 sp=0x000000c3f32f88a0
Event: 28.372 Thread 0x00000243b5231d30 DEOPT UNPACKING pc=0x000002439c2fe23f sp=0x000000c3f32f7d50 mode 0
Event: 28.372 Thread 0x00000243b5231d30 DEOPT PACKING pc=0x000002439c93d4c3 sp=0x000000c3f32f88a0
Event: 28.372 Thread 0x00000243b5231d30 DEOPT UNPACKING pc=0x000002439c2fe23f sp=0x000000c3f32f7d50 mode 0
Event: 28.422 Thread 0x00000243b5231d30 Uncommon trap: trap_request=0xffffff45 fr.pc=0x00000243a4006d9c relative=0x000000000000007c
Event: 28.422 Thread 0x00000243b5231d30 Uncommon trap: reason=unstable_if action=reinterpret pc=0x00000243a4006d9c method=java.util.regex.Matcher.find()Z @ 10 c2
Event: 28.422 Thread 0x00000243b5231d30 DEOPT PACKING pc=0x00000243a4006d9c sp=0x000000c3f32f8c90
Event: 28.422 Thread 0x00000243b5231d30 DEOPT UNPACKING pc=0x000002439c2fe42f sp=0x000000c3f32f8c10 mode 2
Event: 28.490 Thread 0x00000243b5231d30 DEOPT PACKING pc=0x000002439d725f42 sp=0x000000c3f32f8ab0
Event: 28.490 Thread 0x00000243b5231d30 DEOPT UNPACKING pc=0x000002439c2fe23f sp=0x000000c3f32f7f58 mode 0
Event: 28.568 Thread 0x00000243b5231d30 Uncommon trap: trap_request=0xfffffff4 fr.pc=0x00000243a4131ce8 relative=0x0000000000000068
Event: 28.568 Thread 0x00000243b5231d30 Uncommon trap: reason=null_check action=make_not_entrant pc=0x00000243a4131ce8 method=java.lang.Class.isAnnotation()Z @ 1 c2
Event: 28.568 Thread 0x00000243b5231d30 DEOPT PACKING pc=0x00000243a4131ce8 sp=0x000000c3f32f8f10
Event: 28.568 Thread 0x00000243b5231d30 DEOPT UNPACKING pc=0x000002439c2fe42f sp=0x000000c3f32f8ea0 mode 2
Event: 28.570 Thread 0x00000243b5231d30 Uncommon trap: trap_request=0xffffff45 fr.pc=0x00000243a3f023d8 relative=0x0000000000000198
Event: 28.570 Thread 0x00000243b5231d30 Uncommon trap: reason=unstable_if action=reinterpret pc=0x00000243a3f023d8 method=java.lang.ThreadLocal$ThreadLocalMap.set(Ljava/lang/ThreadLocal;Ljava/lang/Object;)V @ 128 c2
Event: 28.570 Thread 0x00000243b5231d30 DEOPT PACKING pc=0x00000243a3f023d8 sp=0x000000c3f32f94b0
Event: 28.570 Thread 0x00000243b5231d30 DEOPT UNPACKING pc=0x000002439c2fe42f sp=0x000000c3f32f9468 mode 2

Classes unloaded (0 events):
No events

Classes redefined (0 events):
No events

Internal exceptions (20 events):
Event: 25.771 Thread 0x00000243b5231d30 Exception <a 'java/lang/ClassNotFoundException'{0x0000000086b1a098}: com/android/build/gradle/internal/api/BaseVariantOutputImplCustomizer> (0x0000000086b1a098) 
thrown [./open/src/hotspot/share/classfile/systemDictionary.cpp, line 295]
Event: 25.772 Thread 0x00000243b5231d30 Exception <a 'java/lang/ClassNotFoundException'{0x0000000086b387f8}: com/android/build/gradle/internal/api/ApkVariantOutputImplCustomizer> (0x0000000086b387f8) 
thrown [./open/src/hotspot/share/classfile/systemDictionary.cpp, line 295]
Event: 25.773 Thread 0x00000243b5231d30 Exception <a 'java/lang/ClassNotFoundException'{0x0000000086b517c8}: com/android/build/gradle/internal/api/ApkVariantOutputImpl_DecoratedCustomizer> (0x0000000086b517c8) 
thrown [./open/src/hotspot/share/classfile/systemDictionary.cpp, line 295]
Event: 25.826 Thread 0x00000243b5231d30 Exception <a 'java/lang/ClassNotFoundException'{0x000000008690b358}: com/android/build/gradle/internal/api/ReadOnlyBuildTypeBeanInfo> (0x000000008690b358) 
thrown [./open/src/hotspot/share/classfile/systemDictionary.cpp, line 295]
Event: 25.827 Thread 0x00000243b5231d30 Exception <a 'java/lang/ClassNotFoundException'{0x0000000086917e00}: com/android/build/gradle/internal/api/ReadOnlyBaseConfigBeanInfo> (0x0000000086917e00) 
thrown [./open/src/hotspot/share/classfile/systemDictionary.cpp, line 295]
Event: 25.828 Thread 0x00000243b5231d30 Exception <a 'java/lang/ClassNotFoundException'{0x0000000086924b70}: com/android/build/gradle/internal/api/ReadOnlyBaseConfigCustomizer> (0x0000000086924b70) 
thrown [./open/src/hotspot/share/classfile/systemDictionary.cpp, line 295]
Event: 25.830 Thread 0x00000243b5231d30 Exception <a 'java/lang/ClassNotFoundException'{0x0000000086941cf0}: com/android/build/gradle/internal/api/ReadOnlyBuildTypeCustomizer> (0x0000000086941cf0) 
thrown [./open/src/hotspot/share/classfile/systemDictionary.cpp, line 295]
Event: 26.120 Thread 0x00000243b5231d30 Implicit null exception at 0x00000243a40eb1c4 to 0x00000243a40ebb0a
Event: 26.120 Thread 0x00000243b5231d30 Implicit null exception at 0x00000243a40dc3e0 to 0x00000243a40dc474
Event: 26.164 Thread 0x00000243b5231d30 Implicit null exception at 0x00000243a410aa40 to 0x00000243a410b268
Event: 26.165 Thread 0x00000243b5231d30 Implicit null exception at 0x00000243a4062a0f to 0x00000243a4063178
Event: 26.165 Thread 0x00000243b5231d30 Implicit null exception at 0x00000243a4063996 to 0x00000243a4064150
Event: 26.986 Thread 0x00000243b5231d30 Exception <a 'java/lang/NoSuchMethodError'{0x00000000882fecf8}: 'java.lang.Object java.lang.invoke.DirectMethodHandle$Holder.newInvokeSpecial(java.lang.Object, java.lang.Object, int)'> (0x00000000882fecf8) 
thrown [./open/src/hotspot/share/interpreter/linkResolver.cpp, line 782]
Event: 27.307 Thread 0x00000243b5231d30 Exception <a 'sun/nio/fs/WindowsException'{0x0000000087747e48}> (0x0000000087747e48) 
thrown [./open/src/hotspot/share/prims/jni.cpp, line 578]
Event: 27.556 Thread 0x00000243b5231d30 Exception <a 'java/lang/NullPointerException'{0x00000000870ed758}> (0x00000000870ed758) 
thrown [./open/src/hotspot/share/interpreter/linkResolver.cpp, line 1457]
Event: 27.698 Thread 0x00000243b5231d30 Implicit null exception at 0x00000243a3ee17cb to 0x00000243a3ee84ac
Event: 28.448 Thread 0x00000243b5231d30 Exception <a 'sun/nio/fs/WindowsException'{0x0000000086126e98}> (0x0000000086126e98) 
thrown [./open/src/hotspot/share/prims/jni.cpp, line 578]
Event: 28.449 Thread 0x00000243b5231d30 Exception <a 'sun/nio/fs/WindowsException'{0x0000000086128228}> (0x0000000086128228) 
thrown [./open/src/hotspot/share/prims/jni.cpp, line 578]
Event: 28.449 Thread 0x00000243b5231d30 Exception <a 'sun/nio/fs/WindowsException'{0x00000000861295f0}> (0x00000000861295f0) 
thrown [./open/src/hotspot/share/prims/jni.cpp, line 578]
Event: 28.449 Thread 0x00000243b5231d30 Exception <a 'sun/nio/fs/WindowsException'{0x000000008612a9b8}> (0x000000008612a9b8) 
thrown [./open/src/hotspot/share/prims/jni.cpp, line 578]

Events (20 events):
Event: 28.379 loading class java/util/regex/Pattern$Behind
Event: 28.380 loading class java/util/regex/Pattern$Behind done
Event: 28.380 loading class java/util/regex/Pattern$Neg
Event: 28.417 loading class java/util/regex/Pattern$Neg done
Event: 28.434 loading class javax/xml/datatype/DatatypeConfigurationException
Event: 28.434 loading class javax/xml/datatype/DatatypeConfigurationException done
Event: 28.437 loading class com/sun/org/apache/xerces/internal/impl/io/MalformedByteSequenceException
Event: 28.437 loading class com/sun/org/apache/xerces/internal/impl/io/MalformedByteSequenceException done
Event: 28.450 loading class java/util/EnumMap$EntrySet
Event: 28.451 loading class java/util/EnumMap$EntrySet done
Event: 28.451 loading class java/util/EnumMap$EntryIterator
Event: 28.451 loading class java/util/EnumMap$EnumMapIterator
Event: 28.451 loading class java/util/EnumMap$EnumMapIterator done
Event: 28.451 loading class java/util/EnumMap$EntryIterator done
Event: 28.451 loading class java/util/EnumMap$EntryIterator$Entry
Event: 28.452 loading class java/util/EnumMap$EntryIterator$Entry done
Event: 28.499 Executing VM operation: HandshakeAllThreads
Event: 28.500 Executing VM operation: HandshakeAllThreads done
Event: 28.505 Executing VM operation: G1CollectForAllocation
Event: 28.522 Executing VM operation: G1CollectForAllocation done


Dynamic libraries:
0x00007ff7688c0000 - 0x00007ff7688cd000 	C:\Program Files (x86)\Java\openjdk-15.0.2_windows-x64_bin\jdk-15.0.2\bin\java.exe
0x00007fffd15b0000 - 0x00007fffd17a8000 	C:\Windows\SYSTEM32\ntdll.dll
0x00007fffd08b0000 - 0x00007fffd096f000 	C:\Windows\System32\KERNEL32.DLL
0x00007fffcf310000 - 0x00007fffcf5e2000 	C:\Windows\System32\KERNELBASE.dll
0x00007fffcf180000 - 0x00007fffcf280000 	C:\Windows\System32\ucrtbase.dll
0x00007fffc8a30000 - 0x00007fffc8a48000 	C:\Program Files (x86)\Java\openjdk-15.0.2_windows-x64_bin\jdk-15.0.2\bin\jli.dll
0x00007fffd0a10000 - 0x00007fffd0bb1000 	C:\Windows\System32\USER32.dll
0x00007fffcf0b0000 - 0x00007fffcf0d2000 	C:\Windows\System32\win32u.dll
0x00007fffd0f60000 - 0x00007fffd0f8b000 	C:\Windows\System32\GDI32.dll
0x00007fffceca0000 - 0x00007fffcedaf000 	C:\Windows\System32\gdi32full.dll
0x00007fffcf0e0000 - 0x00007fffcf17d000 	C:\Windows\System32\msvcp_win.dll
0x00007fffc79d0000 - 0x00007fffc79e9000 	C:\Program Files (x86)\Java\openjdk-15.0.2_windows-x64_bin\jdk-15.0.2\bin\VCRUNTIME140.dll
0x00007fffb9ae0000 - 0x00007fffb9d7a000 	C:\Windows\WinSxS\amd64_microsoft.windows.common-controls_6595b64144ccf1df_6.0.19041.1110_none_60b5254171f9507e\COMCTL32.dll
0x00007fffd0970000 - 0x00007fffd0a0e000 	C:\Windows\System32\msvcrt.dll
0x00007fffcfbb0000 - 0x00007fffcfbe2000 	C:\Windows\System32\IMM32.DLL
0x00007fffcafd0000 - 0x00007fffcafdc000 	C:\Program Files (x86)\Java\openjdk-15.0.2_windows-x64_bin\jdk-15.0.2\bin\vcruntime140_1.dll
0x00007fffa99d0000 - 0x00007fffa9a61000 	C:\Program Files (x86)\Java\openjdk-15.0.2_windows-x64_bin\jdk-15.0.2\bin\msvcp140.dll
0x00007fff890f0000 - 0x00007fff89c4e000 	C:\Program Files (x86)\Java\openjdk-15.0.2_windows-x64_bin\jdk-15.0.2\bin\server\jvm.dll
0x00007fffd05f0000 - 0x00007fffd069e000 	C:\Windows\System32\ADVAPI32.dll
0x00007fffcfd20000 - 0x00007fffcfdbc000 	C:\Windows\System32\sechost.dll
0x00007fffd0c50000 - 0x00007fffd0d75000 	C:\Windows\System32\RPCRT4.dll
0x00007fffcfa60000 - 0x00007fffcfa68000 	C:\Windows\System32\PSAPI.DLL
0x00007fffb79d0000 - 0x00007fffb79f7000 	C:\Windows\SYSTEM32\WINMM.dll
0x00007fffc6890000 - 0x00007fffc689a000 	C:\Windows\SYSTEM32\VERSION.dll
0x00007fffc09a0000 - 0x00007fffc09a9000 	C:\Windows\SYSTEM32\WSOCK32.dll
0x00007fffd0d80000 - 0x00007fffd0deb000 	C:\Windows\System32\WS2_32.dll
0x00007fffcd4b0000 - 0x00007fffcd4c2000 	C:\Windows\SYSTEM32\kernel.appcore.dll
0x00007fffc92b0000 - 0x00007fffc92ba000 	C:\Program Files (x86)\Java\openjdk-15.0.2_windows-x64_bin\jdk-15.0.2\bin\jimage.dll
0x00007fffcc9d0000 - 0x00007fffccbb4000 	C:\Windows\SYSTEM32\DBGHELP.DLL
0x00007fffc5c40000 - 0x00007fffc5c75000 	C:\Windows\SYSTEM32\dbgcore.DLL
0x00007fffcf280000 - 0x00007fffcf302000 	C:\Windows\System32\bcryptPrimitives.dll
0x00007fffb3580000 - 0x00007fffb35a5000 	C:\Program Files (x86)\Java\openjdk-15.0.2_windows-x64_bin\jdk-15.0.2\bin\java.dll
0x00007fffcfea0000 - 0x00007fffd05e4000 	C:\Windows\System32\SHELL32.dll
0x00007fffccd00000 - 0x00007fffcd492000 	C:\Windows\SYSTEM32\windows.storage.dll
0x00007fffd1210000 - 0x00007fffd1565000 	C:\Windows\System32\combase.dll
0x00007fffce620000 - 0x00007fffce650000 	C:\Windows\SYSTEM32\Wldp.dll
0x00007fffcfc70000 - 0x00007fffcfd1d000 	C:\Windows\System32\SHCORE.dll
0x00007fffcfbf0000 - 0x00007fffcfc45000 	C:\Windows\System32\shlwapi.dll
0x00007fffcebe0000 - 0x00007fffcebff000 	C:\Windows\SYSTEM32\profapi.dll
0x00007fffc4bc0000 - 0x00007fffc4bd9000 	C:\Program Files (x86)\Java\openjdk-15.0.2_windows-x64_bin\jdk-15.0.2\bin\net.dll
0x00007fffc5a70000 - 0x00007fffc5b7c000 	C:\Windows\SYSTEM32\WINHTTP.dll
0x00007fffce400000 - 0x00007fffce46a000 	C:\Windows\system32\mswsock.dll
0x00007fffc4a30000 - 0x00007fffc4a42000 	C:\Program Files (x86)\Java\openjdk-15.0.2_windows-x64_bin\jdk-15.0.2\bin\nio.dll
0x00007fffc4660000 - 0x00007fffc4678000 	C:\Program Files (x86)\Java\openjdk-15.0.2_windows-x64_bin\jdk-15.0.2\bin\zip.dll
0x00007fffc9170000 - 0x00007fffc9180000 	C:\Program Files (x86)\Java\openjdk-15.0.2_windows-x64_bin\jdk-15.0.2\bin\verify.dll
0x00007fffb2420000 - 0x00007fffb2447000 	C:\Users\user\.gradle\native\e1d6ef7f7dcc3fd88c89a11ec53ec762bb8ba0a96d01ffa2cd45eb1d1d8dd5c5\windows-amd64\native-platform.dll
0x00007fffa4920000 - 0x00007fffa4a64000 	C:\Users\user\.gradle\native\0d407fdbe67a94daf76414ababcb853783967236a71b16ec16e742cd7a986fd3\windows-amd64\native-platform-file-events.dll
0x00007fffc90f0000 - 0x00007fffc90f9000 	C:\Program Files (x86)\Java\openjdk-15.0.2_windows-x64_bin\jdk-15.0.2\bin\management.dll
0x00007fffc9080000 - 0x00007fffc908b000 	C:\Program Files (x86)\Java\openjdk-15.0.2_windows-x64_bin\jdk-15.0.2\bin\management_ext.dll
0x00007fffce660000 - 0x00007fffce678000 	C:\Windows\SYSTEM32\CRYPTSP.dll
0x00007fffcdcd0000 - 0x00007fffcdd04000 	C:\Windows\system32\rsaenh.dll
0x00007fffcef10000 - 0x00007fffcef37000 	C:\Windows\System32\bcrypt.dll
0x00007fffceba0000 - 0x00007fffcebce000 	C:\Windows\SYSTEM32\USERENV.dll
0x00007fffce590000 - 0x00007fffce59c000 	C:\Windows\SYSTEM32\CRYPTBASE.dll
0x00007fffce0c0000 - 0x00007fffce0fb000 	C:\Windows\SYSTEM32\IPHLPAPI.DLL
0x00007fffcfa70000 - 0x00007fffcfa78000 	C:\Windows\System32\NSI.dll
0x00007fffc5470000 - 0x00007fffc5487000 	C:\Windows\SYSTEM32\dhcpcsvc6.DLL
0x00007fffc5f40000 - 0x00007fffc5f5d000 	C:\Windows\SYSTEM32\dhcpcsvc.DLL
0x00007fffce100000 - 0x00007fffce1ca000 	C:\Windows\SYSTEM32\DNSAPI.dll

dbghelp: loaded successfully - version: 4.0.5 - missing functions: none
symbol engine: initialized successfully - sym options: 0x614 - pdb path: .;C:\Program Files (x86)\Java\openjdk-15.0.2_windows-x64_bin\jdk-15.0.2\bin;C:\Windows\SYSTEM32;C:\Windows\WinSxS\amd64_microsoft.windows.common-controls_6595b64144ccf1df_6.0.19041.1110_none_60b5254171f9507e;C:\Program Files (x86)\Java\openjdk-15.0.2_windows-x64_bin\jdk-15.0.2\bin\server;C:\Users\user\.gradle\native\e1d6ef7f7dcc3fd88c89a11ec53ec762bb8ba0a96d01ffa2cd45eb1d1d8dd5c5\windows-amd64;C:\Users\user\.gradle\native\0d407fdbe67a94daf76414ababcb853783967236a71b16ec16e742cd7a986fd3\windows-amd64

VM Arguments:
jvm_args: --add-opens=java.base/java.util=ALL-UNNAMED --add-opens=java.base/java.lang=ALL-UNNAMED --add-opens=java.base/java.lang.invoke=ALL-UNNAMED --add-opens=java.base/java.util=ALL-UNNAMED --add-opens=java.prefs/java.util.prefs=ALL-UNNAMED --add-opens=java.prefs/java.util.prefs=ALL-UNNAMED --add-opens=java.base/java.nio.charset=ALL-UNNAMED --add-opens=java.base/java.net=ALL-UNNAMED --add-opens=java.base/java.util.concurrent.atomic=ALL-UNNAMED -Xmx2048m -Dfile.encoding=UTF-8 -Duser.country=KR -Duser.language=ko -Duser.variant 
java_command: org.gradle.launcher.daemon.bootstrap.GradleDaemon 7.4
java_class_path (initial): C:\Users\user\.gradle\wrapper\dists\gradle-7.4-bin\c0gwcg53nkjbqw7r0h0umtfvt\gradle-7.4\lib\gradle-launcher-7.4.jar
Launcher Type: SUN_STANDARD

[Global flags]
     intx CICompilerCount                          = 3                                         {product} {ergonomic}
     uint ConcGCThreads                            = 1                                         {product} {ergonomic}
     uint G1ConcRefinementThreads                  = 4                                         {product} {ergonomic}
   size_t G1HeapRegionSize                         = 1048576                                   {product} {ergonomic}
    uintx GCDrainStackTargetSize                   = 64                                        {product} {ergonomic}
   size_t InitialHeapSize                          = 134217728                                 {product} {ergonomic}
   size_t MarkStackSize                            = 4194304                                   {product} {ergonomic}
   size_t MaxHeapSize                              = 2147483648                                {product} {command line}
   size_t MaxNewSize                               = 1287651328                                {product} {ergonomic}
   size_t MinHeapDeltaBytes                        = 1048576                                   {product} {ergonomic}
   size_t MinHeapSize                              = 8388608                                   {product} {ergonomic}
    uintx NonNMethodCodeHeapSize                   = 5832780                                {pd product} {ergonomic}
    uintx NonProfiledCodeHeapSize                  = 122912730                              {pd product} {ergonomic}
    uintx ProfiledCodeHeapSize                     = 122912730                              {pd product} {ergonomic}
    uintx ReservedCodeCacheSize                    = 251658240                              {pd product} {ergonomic}
     bool SegmentedCodeCache                       = true                                      {product} {ergonomic}
   size_t SoftMaxHeapSize                          = 2147483648                             {manageable} {ergonomic}
     bool UseCompressedClassPointers               = true                                 {lp64_product} {ergonomic}
     bool UseCompressedOops                        = true                                 {lp64_product} {ergonomic}
     bool UseG1GC                                  = true                                      {product} {ergonomic}
     bool UseLargePagesIndividualAllocation        = false                                  {pd product} {ergonomic}

Logging:
Log output configuration:
 #0: stdout all=warning uptime,level,tags
 #1: stderr all=off uptime,level,tags

Environment Variables:
JAVA_HOME=C:\Program Files (x86)\Java\openjdk-15.0.2_windows-x64_bin\jdk-15.0.2
CLASSPATH=C:\Program Files (x86)\Java\openjdk-15.0.2_windows-x64_bin\jdk-15.0.2\lib;.
PATH=C:\Program Files (x86)\Java\openjdk-15.0.2_windows-x64_bin\jdk-15.0.2\bin;C:\Program Files\Zulu\zulu-8\bin\;"C:\Program Files\Common Files\Oracle\Java\javapath;.";C:\Windows\system32;C:\Windows;C:\Windows\System32\Wbem;C:\Windows\System32\WindowsPowerShell\v1.0\;C:\Windows\System32\OpenSSH\;C:\Program Files\Git\cmd;C:\Program Files\MySQL\MySQL Shell 8.0\bin\;C:\Users\user\anaconda3;C:\Users\user\anaconda3\Library\mingw-w64\bin;C:\Users\user\anaconda3\Library\usr\bin;C:\Users\user\anaconda3\Library\bin;C:\Users\user\anaconda3\Scripts;C:\Users\user\AppData\Local\Programs\Python\Python39\Scripts\;C:\Users\user\AppData\Local\Programs\Python\Python39\;C:\Users\user\AppData\Local\Microsoft\WindowsApps;C:\Program Files\JetBrains\PyCharm 2021.2.2\bin;C:\Program Files\Graphviz\bin;C:\venvs;C:\Users\user\AppData\Local\GitHubDesktop\bin;C:\ProgramData\user\gitkraken\bin;C:\Users\user\AppData\Local\Programs\Microsoft VS Code\bin
USERNAME=user
OS=Windows_NT
PROCESSOR_IDENTIFIER=Intel64 Family 6 Model 142 Stepping 9, GenuineIntel



---------------  S Y S T E M  ---------------

OS:
 Windows 10 , 64 bit Build 19041 (10.0.19041.2364)
OS uptime: 5 days 22:21 hours
HyperV virtualization detected

CPU: total 4 (initial active 4) (2 cores per cpu, 2 threads per core) family 6 model 142 stepping 9 microcode 0xb4, cmov, cx8, fxsr, mmx, sse, sse2, sse3, ssse3, sse4.1, sse4.2, popcnt, vzeroupper, avx, avx2, aes, clmul, erms, 3dnowpref, lzcnt, ht, tsc, tscinvbit, bmi1, bmi2, adx, fma, clflush, clflushopt

Memory: 4k page, system-wide physical 8075M (314M free)
TotalPageFile size 17075M (AvailPageFile size 2M)
current process WorkingSet (physical memory assigned to process): 357M, peak: 359M
current process commit charge ("private bytes"): 393M, peak: 395M

vm_info: OpenJDK 64-Bit Server VM (15.0.2+7-27) for windows-amd64 JRE (15.0.2+7-27), built on Dec  7 2020 20:02:38 by "mach5one" with unknown MS VC++:1925

END.
